[+] Containers:
 |- [+] Container: /Game/_MainFiles/FirstPerson/Maps/FirstPersonMap
 |   |- [+] ActorDescs:
 |   |   |- Guid:0482E0744625192B32AFA882C0C1417D BaseClass: NativeClass:/Script/Engine.StaticMeshActor Name:StaticMeshActor_6 Label:SM_ChamferCube3 SpatiallyLoaded:1 Bounds:IsValid=true, Min=(X=257.548 Y=2127.548 Z=0.063), Max=(X=462.452 Y=2332.452 Z=150.063) RuntimeGrid:None EditorOnly:0 RuntimeOnly:0 HLODRelevant:0 FolderPath:SimulatedCubes FolderGuid:3E37B3AC41F495FF33672D878D9DD948
 |   |   |- Guid:0635C40649DD1B5B6E64B9B392558833 BaseClass: NativeClass:/Script/Engine.StaticMeshActor Name:StaticMeshActor_33 Label:SM_ChamferCube8 SpatiallyLoaded:1 Bounds:IsValid=true, Min=(X=2313.116 Y=1273.116 Z=0.063), Max=(X=2486.884 Y=1446.884 Z=150.063) RuntimeGrid:None EditorOnly:0 RuntimeOnly:0 HLODRelevant:0 FolderPath:SimulatedCubes FolderGuid:3E37B3AC41F495FF33672D878D9DD948
 |   |   |- Guid:09D09F0E47E479EEB812029DAF672204 BaseClass: NativeClass:/Script/Engine.StaticMeshActor Name:StaticMeshActor_46 Label:SM_ChamferCube18 SpatiallyLoaded:1 Bounds:IsValid=true, Min=(X=343.798 Y=1188.520 Z=100.013), Max=(X=471.969 Y=1316.691 Z=200.013) RuntimeGrid:None EditorOnly:0 RuntimeOnly:0 HLODRelevant:0 FolderPath:SimulatedCubes FolderGuid:3E37B3AC41F495FF33672D878D9DD948
 |   |   |- Guid:13F40C7241F9A80D3E971DBC21FCAFB0 BaseClass: NativeClass:/Script/Engine.SkyAtmosphere Name:SkyAtmosphere_0 Label:SkyAtmosphere SpatiallyLoaded:0 Bounds:IsValid=true, Min=(X=0.000 Y=0.000 Z=1020.000), Max=(X=0.000 Y=0.000 Z=1020.000) RuntimeGrid:None EditorOnly:0 RuntimeOnly:0 HLODRelevant:0 FolderPath:Lighting FolderGuid:D9E1224C415FCB205E4105B3245ADAAB
 |   |   |- Guid:16ED739D4160B0315F9149963D1D3D52 BaseClass: NativeClass:/Script/Engine.StaticMeshActor Name:StaticMeshActor_5 Label:SM_Ramp2 SpatiallyLoaded:1 Bounds:IsValid=true, Min=(X=1945.000 Y=400.000 Z=0.000), Max=(X=2345.000 Y=600.000 Z=100.000) RuntimeGrid:None EditorOnly:0 RuntimeOnly:0 HLODRelevant:1 FolderPath:Block01 FolderGuid:3EF5C57D40A467440F5F0D9398D8AC70
 |   |   |- Guid:1AD0648D47C79CDBBFC4B889BA3235AD BaseClass: NativeClass:/Script/Engine.StaticMeshActor Name:StaticMeshActor_21 Label:SM_QuarterCylinder12 SpatiallyLoaded:1 Bounds:IsValid=true, Min=(X=2100.000 Y=2750.000 Z=0.000), Max=(X=2300.000 Y=2950.000 Z=200.000) RuntimeGrid:None EditorOnly:0 RuntimeOnly:0 HLODRelevant:1 FolderPath:Cylinder FolderGuid:D6369CCE49EF0A8CFA563EB18825ED72
 |   |   |- Guid:22C4F1724348A3818BBA0A939CA01B63 BaseClass: NativeClass:/Script/Engine.WorldDataLayers Name:WorldDataLayers Label:WorldDataLayers-1 SpatiallyLoaded:0 Bounds:IsValid=true, Min=(X=0.000 Y=0.000 Z=0.000), Max=(X=0.000 Y=0.000 Z=0.000) RuntimeGrid:None EditorOnly:0 RuntimeOnly:0 HLODRelevant:0
 |   |   |- Guid:266836F144FA2767EA2991A084FC7C51 BaseClass: NativeClass:/Script/Engine.StaticMeshActor Name:StaticMeshActor_8 Label:SM_Cube6 SpatiallyLoaded:1 Bounds:IsValid=true, Min=(X=2900.000 Y=100.000 Z=0.000), Max=(X=3000.000 Y=3400.000 Z=400.000) RuntimeGrid:None EditorOnly:0 RuntimeOnly:0 HLODRelevant:1 FolderPath:Playground FolderGuid:CDC3EA2D424DF73175D386948543BF31
 |   |   |- Guid:27E6C605415908F1A2EE54974FAF1E36 BaseClass: NativeClass:/Script/Engine.StaticMeshActor Name:StaticMeshActor_11 Label:SM_Ramp3 SpatiallyLoaded:1 Bounds:IsValid=true, Min=(X=2345.000 Y=600.000 Z=100.000), Max=(X=2545.000 Y=1000.000 Z=200.000) RuntimeGrid:None EditorOnly:0 RuntimeOnly:0 HLODRelevant:1 FolderPath:Block01 FolderGuid:3EF5C57D40A467440F5F0D9398D8AC70
 |   |   |- Guid:36DA8D2C4B2585DD71BFF583CFB51CFA BaseClass: NativeClass:/Script/Engine.TextRenderActor Name:TextRenderActor_0 Label:TextRenderActor SpatiallyLoaded:1 Bounds:IsValid=true, Min=(X=-0.100 Y=1100.000 Z=65.013), Max=(X=-0.100 Y=2363.461 Z=215.013) RuntimeGrid:None EditorOnly:0 RuntimeOnly:0 HLODRelevant:0
 |   |   |- Guid:3AE20ADB41F450F1E99EA7A1B45D4E6F BaseClass: NativeClass:/Script/Engine.StaticMeshActor Name:StaticMeshActor_40 Label:SM_ChamferCube13 SpatiallyLoaded:1 Bounds:IsValid=true, Min=(X=250.297 Y=3094.568 Z=100.013), Max=(X=391.180 Y=3235.451 Z=200.013) RuntimeGrid:None EditorOnly:0 RuntimeOnly:0 HLODRelevant:0 FolderPath:SimulatedCubes FolderGuid:3E37B3AC41F495FF33672D878D9DD948
 |   |   |- Guid:3E03AECD492F372DF0EF1FA189C1DEDA BaseClass: NativeClass:/Script/Engine.StaticMeshActor Name:StaticMeshActor_12 Label:SM_Cube10 SpatiallyLoaded:1 Bounds:IsValid=true, Min=(X=2345.000 Y=1000.000 Z=100.000), Max=(X=2545.000 Y=1100.000 Z=200.000) RuntimeGrid:None EditorOnly:0 RuntimeOnly:0 HLODRelevant:1 FolderPath:Block01 FolderGuid:3EF5C57D40A467440F5F0D9398D8AC70
 |   |   |- Guid:416210044F8807AE27B83CAA205F302F BaseClass: NativeClass:/Script/Engine.StaticMeshActor Name:StaticMeshActor_29 Label:SM_Cube15 SpatiallyLoaded:1 Bounds:IsValid=true, Min=(X=1800.000 Y=1600.000 Z=0.000), Max=(X=2900.000 Y=1900.000 Z=200.000) RuntimeGrid:None EditorOnly:0 RuntimeOnly:0 HLODRelevant:1 FolderPath:Block02 FolderGuid:DEBAF5964E47F6C0EEA7BB9F700AB405
 |   |   |- Guid:44F8F21D453B2046F1D986AD81798F12 BaseClass: NativeClass:/Script/Engine.StaticMeshActor Name:StaticMeshActor_41 Label:SM_ChamferCube14 SpatiallyLoaded:1 Bounds:IsValid=true, Min=(X=2480.411 Y=2302.371 Z=0.013), Max=(X=2580.411 Y=2402.371 Z=100.013) RuntimeGrid:None EditorOnly:0 RuntimeOnly:0 HLODRelevant:0 FolderPath:SimulatedCubes FolderGuid:3E37B3AC41F495FF33672D878D9DD948
 |   |   |- Guid:4DE3CD2F48B4038CA629008DF7804DA4 BaseClass: NativeClass:/Script/Engine.StaticMeshActor Name:StaticMeshActor_18 Label:SM_QuarterCylinder5 SpatiallyLoaded:1 Bounds:IsValid=true, Min=(X=600.000 Y=2800.000 Z=0.000), Max=(X=700.000 Y=2900.000 Z=200.000) RuntimeGrid:None EditorOnly:0 RuntimeOnly:0 HLODRelevant:1 FolderPath:Block03 FolderGuid:EED76D7B47CF3E1440F359A1FAC3309E
 |   |   |- Guid:52E74DF94E9EECAF9464C1BCB5227CCC BaseClass: NativeClass:/Script/Engine.StaticMeshActor Name:StaticMeshActor_3 Label:SM_Cube3 SpatiallyLoaded:1 Bounds:IsValid=true, Min=(X=0.000 Y=3400.000 Z=0.000), Max=(X=3000.000 Y=3500.000 Z=400.000) RuntimeGrid:None EditorOnly:0 RuntimeOnly:0 HLODRelevant:1 FolderPath:Playground FolderGuid:CDC3EA2D424DF73175D386948543BF31
 |   |   |- Guid:616554B84D9AF28DF69ABD8837FD26D7 BaseClass: NativeClass:/Script/Engine.ExponentialHeightFog Name:ExponentialHeightFog_0 Label:ExponentialHeightFog SpatiallyLoaded:0 Bounds:IsValid=true, Min=(X=-5600.000 Y=-50.000 Z=-6850.000), Max=(X=-5600.000 Y=-50.000 Z=-6850.000) RuntimeGrid:None EditorOnly:0 RuntimeOnly:0 HLODRelevant:0 FolderPath:Lighting FolderGuid:D9E1224C415FCB205E4105B3245ADAAB
 |   |   |- Guid:63A84EA944945A8BF01D4A94FDD5C8E4 BaseClass: NativeClass:/Script/Engine.StaticMeshActor Name:StaticMeshActor_10 Label:SM_Cube9 SpatiallyLoaded:1 Bounds:IsValid=true, Min=(X=2345.000 Y=400.000 Z=0.000), Max=(X=2545.000 Y=1100.000 Z=100.000) RuntimeGrid:None EditorOnly:0 RuntimeOnly:0 HLODRelevant:1 FolderPath:Block01 FolderGuid:3EF5C57D40A467440F5F0D9398D8AC70
 |   |   |- Guid:6456ADDD428A590141FABFB9484712AA BaseClass: NativeClass:/Script/Engine.PostProcessVolume Name:PostProcessVolume_0 Label:PostProcessVolume SpatiallyLoaded:0 Bounds:IsValid=true, Min=(X=0.000 Y=0.000 Z=400.000), Max=(X=200.000 Y=200.000 Z=600.000) RuntimeGrid:None EditorOnly:0 RuntimeOnly:0 HLODRelevant:0 FolderPath:Lighting FolderGuid:D9E1224C415FCB205E4105B3245ADAAB
 |   |   |- Guid:67AF28334B1DECF39B2B08AC61E95805 BaseClass: NativeClass:/Script/Engine.StaticMeshActor Name:StaticMeshActor_32 Label:SM_Cube16 SpatiallyLoaded:1 Bounds:IsValid=true, Min=(X=1700.000 Y=1700.000 Z=0.000), Max=(X=1800.000 Y=1800.000 Z=200.000) RuntimeGrid:None EditorOnly:0 RuntimeOnly:0 HLODRelevant:1 FolderPath:Block02 FolderGuid:DEBAF5964E47F6C0EEA7BB9F700AB405
 |   |   |- Guid:6BA9F8ED462024EB6CFFB38740F530B7 BaseClass: NativeClass:/Script/Engine.StaticMeshActor Name:StaticMeshActor_35 Label:SM_Ramp5 SpatiallyLoaded:1 Bounds:IsValid=true, Min=(X=1800.000 Y=1900.000 Z=0.000), Max=(X=2900.000 Y=2000.000 Z=200.000) RuntimeGrid:None EditorOnly:0 RuntimeOnly:0 HLODRelevant:1 FolderPath:Block02 FolderGuid:DEBAF5964E47F6C0EEA7BB9F700AB405
 |   |   |- Guid:7254C3414876BF4F9B9A42A6CA10EB17 BaseClass: NativeClass:/Script/Engine.StaticMeshActor Name:StaticMeshActor_28 Label:SM_Cube14 SpatiallyLoaded:1 Bounds:IsValid=true, Min=(X=1300.000 Y=2700.000 Z=0.000), Max=(X=1400.000 Y=2800.000 Z=200.000) RuntimeGrid:None EditorOnly:0 RuntimeOnly:0 HLODRelevant:1 FolderPath:Block03 FolderGuid:EED76D7B47CF3E1440F359A1FAC3309E
 |   |   |- Guid:75854521468783C291995A8EFCB63F1B BaseClass: NativeClass:/Script/Engine.StaticMeshActor Name:StaticMeshActor_7 Label:SM_Cube5 SpatiallyLoaded:1 Bounds:IsValid=true, Min=(X=-0.000 Y=100.000 Z=0.000), Max=(X=100.000 Y=3400.000 Z=400.000) RuntimeGrid:None EditorOnly:0 RuntimeOnly:0 HLODRelevant:1 FolderPath:Playground FolderGuid:CDC3EA2D424DF73175D386948543BF31
 |   |   |- Guid:79599D7C4FAEDB9F068EA3B957603F53 BaseClass: NativeClass:/Script/Engine.StaticMeshActor Name:StaticMeshActor_31 Label:SM_QuarterCylinder10 SpatiallyLoaded:1 Bounds:IsValid=true, Min=(X=1700.000 Y=1800.000 Z=0.000), Max=(X=1800.000 Y=1900.000 Z=200.000) RuntimeGrid:None EditorOnly:0 RuntimeOnly:0 HLODRelevant:1 FolderPath:Block02 FolderGuid:DEBAF5964E47F6C0EEA7BB9F700AB405
 |   |   |- Guid:7A699BF944F9DAC273FB4FAD2236D7F8 BaseClass: NativeClass:/Script/Engine.SkyLight Name:SkyLight_0 Label:SkyLight SpatiallyLoaded:0 Bounds:IsValid=true, Min=(X=0.000 Y=0.000 Z=690.000), Max=(X=0.000 Y=0.000 Z=690.000) RuntimeGrid:None EditorOnly:0 RuntimeOnly:0 HLODRelevant:0 FolderPath:Lighting FolderGuid:D9E1224C415FCB205E4105B3245ADAAB
 |   |   |- Guid:88D1957648249294C60E2F98A5BA851A BaseClass: NativeClass:/Script/Engine.StaticMeshActor Name:StaticMeshActor_36 Label:SM_ChamferCube9 SpatiallyLoaded:1 Bounds:IsValid=true, Min=(X=1191.292 Y=329.199 Z=0.013), Max=(X=1327.894 Y=465.801 Z=100.013) RuntimeGrid:None EditorOnly:0 RuntimeOnly:0 HLODRelevant:0 FolderPath:SimulatedCubes FolderGuid:3E37B3AC41F495FF33672D878D9DD948
 |   |   |- Guid:89BD2B584901CC36ABEF55B6F6BB2F67 BaseClass: NativeClass:/Script/Engine.StaticMeshActor Name:StaticMeshActor_27 Label:SM_QuarterCylinder8 SpatiallyLoaded:1 Bounds:IsValid=true, Min=(X=1300.000 Y=2600.000 Z=0.000), Max=(X=1400.000 Y=2700.000 Z=200.000) RuntimeGrid:None EditorOnly:0 RuntimeOnly:0 HLODRelevant:1 FolderPath:Block03 FolderGuid:EED76D7B47CF3E1440F359A1FAC3309E
 |   |   |- Guid:8DB6E7264339F17149C350BAAAD12B37 BaseClass: NativeClass:/Script/Engine.StaticMeshActor Name:StaticMeshActor_13 Label:SM_Cube11 SpatiallyLoaded:1 Bounds:IsValid=true, Min=(X=700.000 Y=2600.000 Z=0.000), Max=(X=1300.000 Y=2900.000 Z=200.000) RuntimeGrid:None EditorOnly:0 RuntimeOnly:0 HLODRelevant:1 FolderPath:Block03 FolderGuid:EED76D7B47CF3E1440F359A1FAC3309E
 |   |   |- Guid:8DC9085B48888A70B9B853B915B851AF BaseClass: NativeClass:/Script/Engine.StaticMeshActor Name:StaticMeshActor_26 Label:SM_QuarterCylinder7 SpatiallyLoaded:1 Bounds:IsValid=true, Min=(X=1300.000 Y=2800.000 Z=0.000), Max=(X=1400.000 Y=2900.000 Z=200.000) RuntimeGrid:None EditorOnly:0 RuntimeOnly:0 HLODRelevant:1 FolderPath:Block03 FolderGuid:EED76D7B47CF3E1440F359A1FAC3309E
 |   |   |- Guid:8EA8A3864CB9694DA428199AC421B524 BaseClass: NativeClass:/Script/Engine.StaticMeshActor Name:StaticMeshActor_20 Label:SM_QuarterCylinder11 SpatiallyLoaded:1 Bounds:IsValid=true, Min=(X=2300.000 Y=2750.000 Z=0.000), Max=(X=2500.000 Y=2950.000 Z=200.000) RuntimeGrid:None EditorOnly:0 RuntimeOnly:0 HLODRelevant:1 FolderPath:Cylinder FolderGuid:D6369CCE49EF0A8CFA563EB18825ED72
 |   |   |- Guid:8F1CB2D344FBCA46B23C6594C8F43B92 BaseClass: NativeClass:/Script/Engine.StaticMeshActor Name:StaticMeshActor_39 Label:SM_ChamferCube12 SpatiallyLoaded:1 Bounds:IsValid=true, Min=(X=204.335 Y=3056.000 Z=0.013), Max=(X=345.218 Y=3196.884 Z=100.013) RuntimeGrid:None EditorOnly:0 RuntimeOnly:0 HLODRelevant:0 FolderPath:SimulatedCubes FolderGuid:3E37B3AC41F495FF33672D878D9DD948
 |   |   |- Guid:902408B24403A7B3DA2315996494FA34 BaseClass: NativeClass:/Script/Engine.StaticMeshActor Name:StaticMeshActor_42 Label:SM_ChamferCube15 SpatiallyLoaded:1 Bounds:IsValid=true, Min=(X=2480.411 Y=2187.371 Z=0.013), Max=(X=2580.411 Y=2287.371 Z=100.013) RuntimeGrid:None EditorOnly:0 RuntimeOnly:0 HLODRelevant:0 FolderPath:SimulatedCubes FolderGuid:3E37B3AC41F495FF33672D878D9DD948
 |   |   |- Guid:97FF78FB4EC8F13EF6751DB180B1CE46 BaseClass: NativeClass:/Script/Engine.DirectionalLight Name:DirectionalLight_0 Label:DirectionalLight SpatiallyLoaded:0 Bounds:IsValid=true, Min=(X=-4398046511104.000 Y=-4398046511104.000 Z=-4398046511104.000), Max=(X=4398046511104.000 Y=4398046511104.000 Z=4398046511104.000) RuntimeGrid:None EditorOnly:0 RuntimeOnly:0 HLODRelevant:0 FolderPath:Lighting FolderGuid:D9E1224C415FCB205E4105B3245ADAAB
 |   |   |- Guid:9A39EDC343C77468C5DF1A8AAB2BE1AD BaseClass: NativeClass:/Script/Engine.StaticMeshActor Name:StaticMeshActor_34 Label:SM_Ramp4 SpatiallyLoaded:1 Bounds:IsValid=true, Min=(X=100.000 Y=1500.000 Z=0.000), Max=(X=1200.000 Y=1600.000 Z=200.000) RuntimeGrid:None EditorOnly:0 RuntimeOnly:0 HLODRelevant:1 FolderPath:Block04 FolderGuid:1671883140CA233343B73BBD9D365381
 |   |   |- Guid:9B4A79B644F54A33C8FE0CBBA4859949 BaseClass: NativeClass:/Script/Engine.StaticMeshActor Name:StaticMeshActor_4 Label:SM_Cube4 SpatiallyLoaded:1 Bounds:IsValid=true, Min=(X=1745.000 Y=600.000 Z=0.000), Max=(X=2345.000 Y=1100.000 Z=200.000) RuntimeGrid:None EditorOnly:0 RuntimeOnly:0 HLODRelevant:1 FolderPath:Block01 FolderGuid:3EF5C57D40A467440F5F0D9398D8AC70
 |   |   |- Guid:9FC0E5A04B5C426BD8398396952183D3 BaseClass: NativeClass:/Script/Engine.StaticMeshActor Name:StaticMeshActor_0 Label:SM_Cube SpatiallyLoaded:1 Bounds:IsValid=true, Min=(X=0.000 Y=0.000 Z=-50.000), Max=(X=3000.000 Y=3500.000 Z=0.000) RuntimeGrid:None EditorOnly:0 RuntimeOnly:0 HLODRelevant:1 FolderPath:Playground FolderGuid:CDC3EA2D424DF73175D386948543BF31
 |   |   |- Guid:A193674B480A39A47551D39FB4DFCD99 BaseClass: NativeClass:/Script/Engine.StaticMeshActor Name:StaticMeshActor_UAID_A4AE111137DC5FFB00_1159438599 Label:SM_SkySphere SpatiallyLoaded:0 Bounds:IsValid=true, Min=(X=-1638400.000 Y=-1638400.000 Z=-1638400.000), Max=(X=1638400.000 Y=1638400.000 Z=1638400.000) RuntimeGrid:None EditorOnly:0 RuntimeOnly:0 HLODRelevant:1 FolderPath:Lighting FolderGuid:D9E1224C415FCB205E4105B3245ADAAB
 |   |   |- Guid:A47CA35549692063DBDEBFADE3843E16 BaseClass: NativeClass:/Script/Engine.StaticMeshActor Name:StaticMeshActor_38 Label:SM_ChamferCube11 SpatiallyLoaded:1 Bounds:IsValid=true, Min=(X=292.430 Y=3129.921 Z=0.013), Max=(X=433.313 Y=3270.804 Z=100.013) RuntimeGrid:None EditorOnly:0 RuntimeOnly:0 HLODRelevant:0 FolderPath:SimulatedCubes FolderGuid:3E37B3AC41F495FF33672D878D9DD948
 |   |   |- Guid:A5FCDC664219DC8AAD6D739ADEF9C627 BaseClass: NativeClass:/Script/Engine.PlayerStart Name:PlayerStart_0 Label:PlayerStart SpatiallyLoaded:0 Bounds:IsValid=true, Min=(X=860.000 Y=810.000 Z=0.013), Max=(X=940.000 Y=890.000 Z=184.013) RuntimeGrid:None EditorOnly:0 RuntimeOnly:0 HLODRelevant:0
 |   |   |- Guid:A6C6AB114396B4B6AE5CEBB416930A56 BaseClass: NativeClass:/Script/Engine.StaticMeshActor Name:StaticMeshActor_30 Label:SM_QuarterCylinder9 SpatiallyLoaded:1 Bounds:IsValid=true, Min=(X=1700.000 Y=1600.000 Z=0.000), Max=(X=1800.000 Y=1700.000 Z=200.000) RuntimeGrid:None EditorOnly:0 RuntimeOnly:0 HLODRelevant:1 FolderPath:Block02 FolderGuid:DEBAF5964E47F6C0EEA7BB9F700AB405
 |   |   |- Guid:B326783D46A6A43F55CCC9AB2A4C1863 BaseClass: NativeClass:/Script/Engine.VolumetricCloud Name:VolumetricCloud_0 Label:VolumetricCloud SpatiallyLoaded:0 Bounds:IsValid=true, Min=(X=0.000 Y=0.000 Z=820.000), Max=(X=0.000 Y=0.000 Z=820.000) RuntimeGrid:None EditorOnly:0 RuntimeOnly:0 HLODRelevant:0 FolderPath:Lighting FolderGuid:D9E1224C415FCB205E4105B3245ADAAB
 |   |   |- Guid:B6F47C254C7BD4D53F5A7BBF28CE9894 BaseClass: NativeClass:/Script/Engine.StaticMeshActor Name:StaticMeshActor_16 Label:SM_Cube12 SpatiallyLoaded:1 Bounds:IsValid=true, Min=(X=1200.000 Y=1700.000 Z=0.000), Max=(X=1300.000 Y=1800.000 Z=200.000) RuntimeGrid:None EditorOnly:0 RuntimeOnly:0 HLODRelevant:1 FolderPath:Block04 FolderGuid:1671883140CA233343B73BBD9D365381
 |   |   |- Guid:B96D792F49D1781B2CCBC296053DF329 BaseClass: NativeClass:/Script/Engine.StaticMeshActor Name:StaticMeshActor_25 Label:SM_ChamferCube5 SpatiallyLoaded:1 Bounds:IsValid=true, Min=(X=1765.431 Y=2937.543 Z=0.063), Max=(X=1976.756 Y=3148.868 Z=150.063) RuntimeGrid:None EditorOnly:0 RuntimeOnly:0 HLODRelevant:0 FolderPath:SimulatedCubes FolderGuid:3E37B3AC41F495FF33672D878D9DD948
 |   |   |- Guid:BDEA84604C934642275CFC81EFA1A90E BaseClass: NativeClass:/Script/Engine.StaticMeshActor Name:StaticMeshActor_17 Label:SM_QuarterCylinder4 SpatiallyLoaded:1 Bounds:IsValid=true, Min=(X=600.000 Y=2600.000 Z=0.000), Max=(X=700.000 Y=2700.000 Z=200.000) RuntimeGrid:None EditorOnly:0 RuntimeOnly:0 HLODRelevant:1 FolderPath:Block03 FolderGuid:EED76D7B47CF3E1440F359A1FAC3309E
 |   |   |- Guid:BFE1ED4B4C04CD63334BA5A9ABCCE217 BaseClass: NativeClass:/Script/Engine.StaticMeshActor Name:StaticMeshActor_22 Label:SM_QuarterCylinder13 SpatiallyLoaded:1 Bounds:IsValid=true, Min=(X=2100.000 Y=2550.000 Z=0.000), Max=(X=2300.000 Y=2750.000 Z=200.000) RuntimeGrid:None EditorOnly:0 RuntimeOnly:0 HLODRelevant:1 FolderPath:Cylinder FolderGuid:D6369CCE49EF0A8CFA563EB18825ED72
 |   |   |- Guid:C01693764E4FCD2C0365EBBA7FAFCFAA BaseClass: NativeClass:/Script/Engine.StaticMeshActor Name:StaticMeshActor_14 Label:SM_QuarterCylinder SpatiallyLoaded:1 Bounds:IsValid=true, Min=(X=1200.000 Y=1800.000 Z=0.000), Max=(X=1300.000 Y=1900.000 Z=200.000) RuntimeGrid:None EditorOnly:0 RuntimeOnly:0 HLODRelevant:1 FolderPath:Block04 FolderGuid:1671883140CA233343B73BBD9D365381
 |   |   |- Guid:C1109CDE44E1D9D5C25166B8558AB791 BaseClass: NativeClass:/Script/Engine.StaticMeshActor Name:StaticMeshActor_15 Label:SM_QuarterCylinder2 SpatiallyLoaded:1 Bounds:IsValid=true, Min=(X=1200.000 Y=1600.000 Z=0.000), Max=(X=1300.000 Y=1700.000 Z=200.000) RuntimeGrid:None EditorOnly:0 RuntimeOnly:0 HLODRelevant:1 FolderPath:Block04 FolderGuid:1671883140CA233343B73BBD9D365381
 |   |   |- Guid:C3396C8B492E3A148F603881B2C7314A BaseClass: NativeClass:/Script/Engine.StaticMeshActor Name:StaticMeshActor_23 Label:SM_QuarterCylinder14 SpatiallyLoaded:1 Bounds:IsValid=true, Min=(X=2300.000 Y=2550.000 Z=0.000), Max=(X=2500.000 Y=2750.000 Z=200.000) RuntimeGrid:None EditorOnly:0 RuntimeOnly:0 HLODRelevant:1 FolderPath:Cylinder FolderGuid:D6369CCE49EF0A8CFA563EB18825ED72
 |   |   |- Guid:C83193A44B35A6269065368937C6CA58 BaseClass: NativeClass:/Script/Engine.StaticMeshActor Name:StaticMeshActor_24 Label:SM_ChamferCube4 SpatiallyLoaded:1 Bounds:IsValid=true, Min=(X=334.338 Y=334.338 Z=0.063), Max=(X=545.662 Y=545.662 Z=150.063) RuntimeGrid:None EditorOnly:0 RuntimeOnly:0 HLODRelevant:0 FolderPath:SimulatedCubes FolderGuid:3E37B3AC41F495FF33672D878D9DD948
 |   |   |- Guid:C94113E34F64C205CF161482D17BED09 BaseClass: NativeClass:/Script/Engine.StaticMeshActor Name:StaticMeshActor_9 Label:SM_Cube8 SpatiallyLoaded:1 Bounds:IsValid=true, Min=(X=100.000 Y=1600.000 Z=0.000), Max=(X=1200.000 Y=1900.000 Z=200.000) RuntimeGrid:None EditorOnly:0 RuntimeOnly:0 HLODRelevant:1 FolderPath:Block04 FolderGuid:1671883140CA233343B73BBD9D365381
 |   |   |- Guid:CBE9C31E462D8F9A0C9AD595F91AEA84 BaseClass: NativeClass:/Script/Engine.StaticMeshActor Name:StaticMeshActor_44 Label:SM_ChamferCube2 SpatiallyLoaded:1 Bounds:IsValid=true, Min=(X=324.987 Y=1136.837 Z=0.013), Max=(X=453.158 Y=1265.008 Z=100.013) RuntimeGrid:None EditorOnly:0 RuntimeOnly:0 HLODRelevant:0 FolderPath:SimulatedCubes FolderGuid:3E37B3AC41F495FF33672D878D9DD948
 |   |   |- Guid:CD63E8F54C80F5B0646B39AA2A57AB54 BaseClass: NativeClass:/Script/Engine.StaticMeshActor Name:StaticMeshActor_37 Label:SM_ChamferCube10 SpatiallyLoaded:1 Bounds:IsValid=true, Min=(X=1139.330 Y=299.199 Z=100.013), Max=(X=1275.933 Y=435.801 Z=200.013) RuntimeGrid:None EditorOnly:0 RuntimeOnly:0 HLODRelevant:0 FolderPath:SimulatedCubes FolderGuid:3E37B3AC41F495FF33672D878D9DD948
 |   |   |- Guid:CDC290334FAA2557343A1181CA8C7F4B BaseClass: NativeClass:/Script/Engine.StaticMeshActor Name:StaticMeshActor_2 Label:SM_Cube2 SpatiallyLoaded:1 Bounds:IsValid=true, Min=(X=0.000 Y=0.000 Z=0.000), Max=(X=3000.000 Y=100.000 Z=400.000) RuntimeGrid:None EditorOnly:0 RuntimeOnly:0 HLODRelevant:1 FolderPath:Playground FolderGuid:CDC3EA2D424DF73175D386948543BF31
 |   |   |- Guid:DCA520434139010B85E89E846066DFAF BaseClass: NativeClass:/Script/Engine.StaticMeshActor Name:StaticMeshActor_1 Label:SM_ChamferCube SpatiallyLoaded:1 Bounds:IsValid=true, Min=(X=1091.699 Y=271.699 Z=0.013), Max=(X=1228.301 Y=408.301 Z=100.013) RuntimeGrid:None EditorOnly:0 RuntimeOnly:0 HLODRelevant:0 FolderPath:SimulatedCubes FolderGuid:3E37B3AC41F495FF33672D878D9DD948
 |   |   |- Guid:EE86EAAC4E5C9776978688BE7E96F154 BaseClass: NativeClass:/Script/Engine.StaticMeshActor Name:StaticMeshActor_43 Label:SM_ChamferCube16 SpatiallyLoaded:1 Bounds:IsValid=true, Min=(X=2480.411 Y=2247.371 Z=100.013), Max=(X=2580.411 Y=2347.371 Z=200.013) RuntimeGrid:None EditorOnly:0 RuntimeOnly:0 HLODRelevant:0 FolderPath:SimulatedCubes FolderGuid:3E37B3AC41F495FF33672D878D9DD948
 |   |   |- Guid:EF151180445C0B3F37588580CC840D1D BaseClass: NativeClass:/Script/Engine.StaticMeshActor Name:StaticMeshActor_45 Label:SM_ChamferCube17 SpatiallyLoaded:1 Bounds:IsValid=true, Min=(X=364.319 Y=1244.901 Z=0.013), Max=(X=492.491 Y=1373.073 Z=100.013) RuntimeGrid:None EditorOnly:0 RuntimeOnly:0 HLODRelevant:0 FolderPath:SimulatedCubes FolderGuid:3E37B3AC41F495FF33672D878D9DD948
 |   |   |- Guid:F62CEDB64522DF69765B7B946F362AAA BaseClass:/Game/_MainFiles/FirstPerson/Blueprints/BP_PickUp_Rifle.BP_PickUp_Rifle_C NativeClass:/Script/Engine.Actor Name:BP_Rifle_C_UAID_B42E9936F5422D3B01_1556789383 Label:BP_Pickup_Rifle SpatiallyLoaded:1 Bounds:IsValid=true, Min=(X=1518.000 Y=808.000 Z=28.000), Max=(X=1582.000 Y=897.440 Z=92.000) RuntimeGrid:None EditorOnly:0 RuntimeOnly:0 HLODRelevant:0
 |   |   |- Guid:FC90DA2844FC1BA3BB11BBB7B0F38A9A BaseClass: NativeClass:/Script/Engine.StaticMeshActor Name:StaticMeshActor_19 Label:SM_Cube13 SpatiallyLoaded:1 Bounds:IsValid=true, Min=(X=600.000 Y=2700.000 Z=0.000), Max=(X=700.000 Y=2800.000 Z=200.000) RuntimeGrid:None EditorOnly:0 RuntimeOnly:0 HLODRelevant:1 FolderPath:Block03 FolderGuid:EED76D7B47CF3E1440F359A1FAC3309E
 |   |- [+] Clusters:
 |   |   |- [+] [  0]
 |   |   |   |- Guid:C1109CDE44E1D9D5C25166B8558AB791 BaseClass: NativeClass:/Script/Engine.StaticMeshActor Name:StaticMeshActor_15 Label:SM_QuarterCylinder2 SpatiallyLoaded:1 Bounds:IsValid=true, Min=(X=1200.000 Y=1600.000 Z=0.000), Max=(X=1300.000 Y=1700.000 Z=200.000) RuntimeGrid:None EditorOnly:0 RuntimeOnly:0 HLODRelevant:1 FolderPath:Block04 FolderGuid:1671883140CA233343B73BBD9D365381
 |   |   |- [+] [  1]
 |   |   |   |- Guid:89BD2B584901CC36ABEF55B6F6BB2F67 BaseClass: NativeClass:/Script/Engine.StaticMeshActor Name:StaticMeshActor_27 Label:SM_QuarterCylinder8 SpatiallyLoaded:1 Bounds:IsValid=true, Min=(X=1300.000 Y=2600.000 Z=0.000), Max=(X=1400.000 Y=2700.000 Z=200.000) RuntimeGrid:None EditorOnly:0 RuntimeOnly:0 HLODRelevant:1 FolderPath:Block03 FolderGuid:EED76D7B47CF3E1440F359A1FAC3309E
 |   |   |- [+] [  2]
 |   |   |   |- Guid:A5FCDC664219DC8AAD6D739ADEF9C627 BaseClass: NativeClass:/Script/Engine.PlayerStart Name:PlayerStart_0 Label:PlayerStart SpatiallyLoaded:0 Bounds:IsValid=true, Min=(X=860.000 Y=810.000 Z=0.013), Max=(X=940.000 Y=890.000 Z=184.013) RuntimeGrid:None EditorOnly:0 RuntimeOnly:0 HLODRelevant:0
 |   |   |- [+] [  3]
 |   |   |   |- Guid:CD63E8F54C80F5B0646B39AA2A57AB54 BaseClass: NativeClass:/Script/Engine.StaticMeshActor Name:StaticMeshActor_37 Label:SM_ChamferCube10 SpatiallyLoaded:1 Bounds:IsValid=true, Min=(X=1139.330 Y=299.199 Z=100.013), Max=(X=1275.933 Y=435.801 Z=200.013) RuntimeGrid:None EditorOnly:0 RuntimeOnly:0 HLODRelevant:0 FolderPath:SimulatedCubes FolderGuid:3E37B3AC41F495FF33672D878D9DD948
 |   |   |- [+] [  4]
 |   |   |   |- Guid:6BA9F8ED462024EB6CFFB38740F530B7 BaseClass: NativeClass:/Script/Engine.StaticMeshActor Name:StaticMeshActor_35 Label:SM_Ramp5 SpatiallyLoaded:1 Bounds:IsValid=true, Min=(X=1800.000 Y=1900.000 Z=0.000), Max=(X=2900.000 Y=2000.000 Z=200.000) RuntimeGrid:None EditorOnly:0 RuntimeOnly:0 HLODRelevant:1 FolderPath:Block02 FolderGuid:DEBAF5964E47F6C0EEA7BB9F700AB405
 |   |   |- [+] [  5]
 |   |   |   |- Guid:13F40C7241F9A80D3E971DBC21FCAFB0 BaseClass: NativeClass:/Script/Engine.SkyAtmosphere Name:SkyAtmosphere_0 Label:SkyAtmosphere SpatiallyLoaded:0 Bounds:IsValid=true, Min=(X=0.000 Y=0.000 Z=1020.000), Max=(X=0.000 Y=0.000 Z=1020.000) RuntimeGrid:None EditorOnly:0 RuntimeOnly:0 HLODRelevant:0 FolderPath:Lighting FolderGuid:D9E1224C415FCB205E4105B3245ADAAB
 |   |   |- [+] [  6]
 |   |   |   |- Guid:88D1957648249294C60E2F98A5BA851A BaseClass: NativeClass:/Script/Engine.StaticMeshActor Name:StaticMeshActor_36 Label:SM_ChamferCube9 SpatiallyLoaded:1 Bounds:IsValid=true, Min=(X=1191.292 Y=329.199 Z=0.013), Max=(X=1327.894 Y=465.801 Z=100.013) RuntimeGrid:None EditorOnly:0 RuntimeOnly:0 HLODRelevant:0 FolderPath:SimulatedCubes FolderGuid:3E37B3AC41F495FF33672D878D9DD948
 |   |   |- [+] [  7]
 |   |   |   |- Guid:0482E0744625192B32AFA882C0C1417D BaseClass: NativeClass:/Script/Engine.StaticMeshActor Name:StaticMeshActor_6 Label:SM_ChamferCube3 SpatiallyLoaded:1 Bounds:IsValid=true, Min=(X=257.548 Y=2127.548 Z=0.063), Max=(X=462.452 Y=2332.452 Z=150.063) RuntimeGrid:None EditorOnly:0 RuntimeOnly:0 HLODRelevant:0 FolderPath:SimulatedCubes FolderGuid:3E37B3AC41F495FF33672D878D9DD948
 |   |   |- [+] [  8]
 |   |   |   |- Guid:0635C40649DD1B5B6E64B9B392558833 BaseClass: NativeClass:/Script/Engine.StaticMeshActor Name:StaticMeshActor_33 Label:SM_ChamferCube8 SpatiallyLoaded:1 Bounds:IsValid=true, Min=(X=2313.116 Y=1273.116 Z=0.063), Max=(X=2486.884 Y=1446.884 Z=150.063) RuntimeGrid:None EditorOnly:0 RuntimeOnly:0 HLODRelevant:0 FolderPath:SimulatedCubes FolderGuid:3E37B3AC41F495FF33672D878D9DD948
 |   |   |- [+] [  9]
 |   |   |   |- Guid:09D09F0E47E479EEB812029DAF672204 BaseClass: NativeClass:/Script/Engine.StaticMeshActor Name:StaticMeshActor_46 Label:SM_ChamferCube18 SpatiallyLoaded:1 Bounds:IsValid=true, Min=(X=343.798 Y=1188.520 Z=100.013), Max=(X=471.969 Y=1316.691 Z=200.013) RuntimeGrid:None EditorOnly:0 RuntimeOnly:0 HLODRelevant:0 FolderPath:SimulatedCubes FolderGuid:3E37B3AC41F495FF33672D878D9DD948
 |   |   |- [+] [ 10]
 |   |   |   |- Guid:9A39EDC343C77468C5DF1A8AAB2BE1AD BaseClass: NativeClass:/Script/Engine.StaticMeshActor Name:StaticMeshActor_34 Label:SM_Ramp4 SpatiallyLoaded:1 Bounds:IsValid=true, Min=(X=100.000 Y=1500.000 Z=0.000), Max=(X=1200.000 Y=1600.000 Z=200.000) RuntimeGrid:None EditorOnly:0 RuntimeOnly:0 HLODRelevant:1 FolderPath:Block04 FolderGuid:1671883140CA233343B73BBD9D365381
 |   |   |- [+] [ 11]
 |   |   |   |- Guid:416210044F8807AE27B83CAA205F302F BaseClass: NativeClass:/Script/Engine.StaticMeshActor Name:StaticMeshActor_29 Label:SM_Cube15 SpatiallyLoaded:1 Bounds:IsValid=true, Min=(X=1800.000 Y=1600.000 Z=0.000), Max=(X=2900.000 Y=1900.000 Z=200.000) RuntimeGrid:None EditorOnly:0 RuntimeOnly:0 HLODRelevant:1 FolderPath:Block02 FolderGuid:DEBAF5964E47F6C0EEA7BB9F700AB405
 |   |   |- [+] [ 12]
 |   |   |   |- Guid:3AE20ADB41F450F1E99EA7A1B45D4E6F BaseClass: NativeClass:/Script/Engine.StaticMeshActor Name:StaticMeshActor_40 Label:SM_ChamferCube13 SpatiallyLoaded:1 Bounds:IsValid=true, Min=(X=250.297 Y=3094.568 Z=100.013), Max=(X=391.180 Y=3235.451 Z=200.013) RuntimeGrid:None EditorOnly:0 RuntimeOnly:0 HLODRelevant:0 FolderPath:SimulatedCubes FolderGuid:3E37B3AC41F495FF33672D878D9DD948
 |   |   |- [+] [ 13]
 |   |   |   |- Guid:FC90DA2844FC1BA3BB11BBB7B0F38A9A BaseClass: NativeClass:/Script/Engine.StaticMeshActor Name:StaticMeshActor_19 Label:SM_Cube13 SpatiallyLoaded:1 Bounds:IsValid=true, Min=(X=600.000 Y=2700.000 Z=0.000), Max=(X=700.000 Y=2800.000 Z=200.000) RuntimeGrid:None EditorOnly:0 RuntimeOnly:0 HLODRelevant:1 FolderPath:Block03 FolderGuid:EED76D7B47CF3E1440F359A1FAC3309E
 |   |   |- [+] [ 14]
 |   |   |   |- Guid:9FC0E5A04B5C426BD8398396952183D3 BaseClass: NativeClass:/Script/Engine.StaticMeshActor Name:StaticMeshActor_0 Label:SM_Cube SpatiallyLoaded:1 Bounds:IsValid=true, Min=(X=0.000 Y=0.000 Z=-50.000), Max=(X=3000.000 Y=3500.000 Z=0.000) RuntimeGrid:None EditorOnly:0 RuntimeOnly:0 HLODRelevant:1 FolderPath:Playground FolderGuid:CDC3EA2D424DF73175D386948543BF31
 |   |   |- [+] [ 15]
 |   |   |   |- Guid:9B4A79B644F54A33C8FE0CBBA4859949 BaseClass: NativeClass:/Script/Engine.StaticMeshActor Name:StaticMeshActor_4 Label:SM_Cube4 SpatiallyLoaded:1 Bounds:IsValid=true, Min=(X=1745.000 Y=600.000 Z=0.000), Max=(X=2345.000 Y=1100.000 Z=200.000) RuntimeGrid:None EditorOnly:0 RuntimeOnly:0 HLODRelevant:1 FolderPath:Block01 FolderGuid:3EF5C57D40A467440F5F0D9398D8AC70
 |   |   |- [+] [ 16]
 |   |   |   |- Guid:97FF78FB4EC8F13EF6751DB180B1CE46 BaseClass: NativeClass:/Script/Engine.DirectionalLight Name:DirectionalLight_0 Label:DirectionalLight SpatiallyLoaded:0 Bounds:IsValid=true, Min=(X=-4398046511104.000 Y=-4398046511104.000 Z=-4398046511104.000), Max=(X=4398046511104.000 Y=4398046511104.000 Z=4398046511104.000) RuntimeGrid:None EditorOnly:0 RuntimeOnly:0 HLODRelevant:0 FolderPath:Lighting FolderGuid:D9E1224C415FCB205E4105B3245ADAAB
 |   |   |- [+] [ 17]
 |   |   |   |- Guid:BDEA84604C934642275CFC81EFA1A90E BaseClass: NativeClass:/Script/Engine.StaticMeshActor Name:StaticMeshActor_17 Label:SM_QuarterCylinder4 SpatiallyLoaded:1 Bounds:IsValid=true, Min=(X=600.000 Y=2600.000 Z=0.000), Max=(X=700.000 Y=2700.000 Z=200.000) RuntimeGrid:None EditorOnly:0 RuntimeOnly:0 HLODRelevant:1 FolderPath:Block03 FolderGuid:EED76D7B47CF3E1440F359A1FAC3309E
 |   |   |- [+] [ 18]
 |   |   |   |- Guid:3E03AECD492F372DF0EF1FA189C1DEDA BaseClass: NativeClass:/Script/Engine.StaticMeshActor Name:StaticMeshActor_12 Label:SM_Cube10 SpatiallyLoaded:1 Bounds:IsValid=true, Min=(X=2345.000 Y=1000.000 Z=100.000), Max=(X=2545.000 Y=1100.000 Z=200.000) RuntimeGrid:None EditorOnly:0 RuntimeOnly:0 HLODRelevant:1 FolderPath:Block01 FolderGuid:3EF5C57D40A467440F5F0D9398D8AC70
 |   |   |- [+] [ 19]
 |   |   |   |- Guid:B6F47C254C7BD4D53F5A7BBF28CE9894 BaseClass: NativeClass:/Script/Engine.StaticMeshActor Name:StaticMeshActor_16 Label:SM_Cube12 SpatiallyLoaded:1 Bounds:IsValid=true, Min=(X=1200.000 Y=1700.000 Z=0.000), Max=(X=1300.000 Y=1800.000 Z=200.000) RuntimeGrid:None EditorOnly:0 RuntimeOnly:0 HLODRelevant:1 FolderPath:Block04 FolderGuid:1671883140CA233343B73BBD9D365381
 |   |   |- [+] [ 20]
 |   |   |   |- Guid:8DC9085B48888A70B9B853B915B851AF BaseClass: NativeClass:/Script/Engine.StaticMeshActor Name:StaticMeshActor_26 Label:SM_QuarterCylinder7 SpatiallyLoaded:1 Bounds:IsValid=true, Min=(X=1300.000 Y=2800.000 Z=0.000), Max=(X=1400.000 Y=2900.000 Z=200.000) RuntimeGrid:None EditorOnly:0 RuntimeOnly:0 HLODRelevant:1 FolderPath:Block03 FolderGuid:EED76D7B47CF3E1440F359A1FAC3309E
 |   |   |- [+] [ 21]
 |   |   |   |- Guid:C83193A44B35A6269065368937C6CA58 BaseClass: NativeClass:/Script/Engine.StaticMeshActor Name:StaticMeshActor_24 Label:SM_ChamferCube4 SpatiallyLoaded:1 Bounds:IsValid=true, Min=(X=334.338 Y=334.338 Z=0.063), Max=(X=545.662 Y=545.662 Z=150.063) RuntimeGrid:None EditorOnly:0 RuntimeOnly:0 HLODRelevant:0 FolderPath:SimulatedCubes FolderGuid:3E37B3AC41F495FF33672D878D9DD948
 |   |   |- [+] [ 22]
 |   |   |   |- Guid:27E6C605415908F1A2EE54974FAF1E36 BaseClass: NativeClass:/Script/Engine.StaticMeshActor Name:StaticMeshActor_11 Label:SM_Ramp3 SpatiallyLoaded:1 Bounds:IsValid=true, Min=(X=2345.000 Y=600.000 Z=100.000), Max=(X=2545.000 Y=1000.000 Z=200.000) RuntimeGrid:None EditorOnly:0 RuntimeOnly:0 HLODRelevant:1 FolderPath:Block01 FolderGuid:3EF5C57D40A467440F5F0D9398D8AC70
 |   |   |- [+] [ 23]
 |   |   |   |- Guid:BFE1ED4B4C04CD63334BA5A9ABCCE217 BaseClass: NativeClass:/Script/Engine.StaticMeshActor Name:StaticMeshActor_22 Label:SM_QuarterCylinder13 SpatiallyLoaded:1 Bounds:IsValid=true, Min=(X=2100.000 Y=2550.000 Z=0.000), Max=(X=2300.000 Y=2750.000 Z=200.000) RuntimeGrid:None EditorOnly:0 RuntimeOnly:0 HLODRelevant:1 FolderPath:Cylinder FolderGuid:D6369CCE49EF0A8CFA563EB18825ED72
 |   |   |- [+] [ 24]
 |   |   |   |- Guid:EF151180445C0B3F37588580CC840D1D BaseClass: NativeClass:/Script/Engine.StaticMeshActor Name:StaticMeshActor_45 Label:SM_ChamferCube17 SpatiallyLoaded:1 Bounds:IsValid=true, Min=(X=364.319 Y=1244.901 Z=0.013), Max=(X=492.491 Y=1373.073 Z=100.013) RuntimeGrid:None EditorOnly:0 RuntimeOnly:0 HLODRelevant:0 FolderPath:SimulatedCubes FolderGuid:3E37B3AC41F495FF33672D878D9DD948
 |   |   |- [+] [ 25]
 |   |   |   |- Guid:B326783D46A6A43F55CCC9AB2A4C1863 BaseClass: NativeClass:/Script/Engine.VolumetricCloud Name:VolumetricCloud_0 Label:VolumetricCloud SpatiallyLoaded:0 Bounds:IsValid=true, Min=(X=0.000 Y=0.000 Z=820.000), Max=(X=0.000 Y=0.000 Z=820.000) RuntimeGrid:None EditorOnly:0 RuntimeOnly:0 HLODRelevant:0 FolderPath:Lighting FolderGuid:D9E1224C415FCB205E4105B3245ADAAB
 |   |   |- [+] [ 26]
 |   |   |   |- Guid:1AD0648D47C79CDBBFC4B889BA3235AD BaseClass: NativeClass:/Script/Engine.StaticMeshActor Name:StaticMeshActor_21 Label:SM_QuarterCylinder12 SpatiallyLoaded:1 Bounds:IsValid=true, Min=(X=2100.000 Y=2750.000 Z=0.000), Max=(X=2300.000 Y=2950.000 Z=200.000) RuntimeGrid:None EditorOnly:0 RuntimeOnly:0 HLODRelevant:1 FolderPath:Cylinder FolderGuid:D6369CCE49EF0A8CFA563EB18825ED72
 |   |   |- [+] [ 27]
 |   |   |   |- Guid:6456ADDD428A590141FABFB9484712AA BaseClass: NativeClass:/Script/Engine.PostProcessVolume Name:PostProcessVolume_0 Label:PostProcessVolume SpatiallyLoaded:0 Bounds:IsValid=true, Min=(X=0.000 Y=0.000 Z=400.000), Max=(X=200.000 Y=200.000 Z=600.000) RuntimeGrid:None EditorOnly:0 RuntimeOnly:0 HLODRelevant:0 FolderPath:Lighting FolderGuid:D9E1224C415FCB205E4105B3245ADAAB
 |   |   |- [+] [ 28]
 |   |   |   |- Guid:22C4F1724348A3818BBA0A939CA01B63 BaseClass: NativeClass:/Script/Engine.WorldDataLayers Name:WorldDataLayers Label:WorldDataLayers-1 SpatiallyLoaded:0 Bounds:IsValid=true, Min=(X=0.000 Y=0.000 Z=0.000), Max=(X=0.000 Y=0.000 Z=0.000) RuntimeGrid:None EditorOnly:0 RuntimeOnly:0 HLODRelevant:0
 |   |   |- [+] [ 29]
 |   |   |   |- Guid:DCA520434139010B85E89E846066DFAF BaseClass: NativeClass:/Script/Engine.StaticMeshActor Name:StaticMeshActor_1 Label:SM_ChamferCube SpatiallyLoaded:1 Bounds:IsValid=true, Min=(X=1091.699 Y=271.699 Z=0.013), Max=(X=1228.301 Y=408.301 Z=100.013) RuntimeGrid:None EditorOnly:0 RuntimeOnly:0 HLODRelevant:0 FolderPath:SimulatedCubes FolderGuid:3E37B3AC41F495FF33672D878D9DD948
 |   |   |- [+] [ 30]
 |   |   |   |- Guid:C01693764E4FCD2C0365EBBA7FAFCFAA BaseClass: NativeClass:/Script/Engine.StaticMeshActor Name:StaticMeshActor_14 Label:SM_QuarterCylinder SpatiallyLoaded:1 Bounds:IsValid=true, Min=(X=1200.000 Y=1800.000 Z=0.000), Max=(X=1300.000 Y=1900.000 Z=200.000) RuntimeGrid:None EditorOnly:0 RuntimeOnly:0 HLODRelevant:1 FolderPath:Block04 FolderGuid:1671883140CA233343B73BBD9D365381
 |   |   |- [+] [ 31]
 |   |   |   |- Guid:36DA8D2C4B2585DD71BFF583CFB51CFA BaseClass: NativeClass:/Script/Engine.TextRenderActor Name:TextRenderActor_0 Label:TextRenderActor SpatiallyLoaded:1 Bounds:IsValid=true, Min=(X=-0.100 Y=1100.000 Z=65.013), Max=(X=-0.100 Y=2363.461 Z=215.013) RuntimeGrid:None EditorOnly:0 RuntimeOnly:0 HLODRelevant:0
 |   |   |- [+] [ 32]
 |   |   |   |- Guid:A6C6AB114396B4B6AE5CEBB416930A56 BaseClass: NativeClass:/Script/Engine.StaticMeshActor Name:StaticMeshActor_30 Label:SM_QuarterCylinder9 SpatiallyLoaded:1 Bounds:IsValid=true, Min=(X=1700.000 Y=1600.000 Z=0.000), Max=(X=1800.000 Y=1700.000 Z=200.000) RuntimeGrid:None EditorOnly:0 RuntimeOnly:0 HLODRelevant:1 FolderPath:Block02 FolderGuid:DEBAF5964E47F6C0EEA7BB9F700AB405
 |   |   |- [+] [ 33]
 |   |   |   |- Guid:EE86EAAC4E5C9776978688BE7E96F154 BaseClass: NativeClass:/Script/Engine.StaticMeshActor Name:StaticMeshActor_43 Label:SM_ChamferCube16 SpatiallyLoaded:1 Bounds:IsValid=true, Min=(X=2480.411 Y=2247.371 Z=100.013), Max=(X=2580.411 Y=2347.371 Z=200.013) RuntimeGrid:None EditorOnly:0 RuntimeOnly:0 HLODRelevant:0 FolderPath:SimulatedCubes FolderGuid:3E37B3AC41F495FF33672D878D9DD948
 |   |   |- [+] [ 34]
 |   |   |   |- Guid:C94113E34F64C205CF161482D17BED09 BaseClass: NativeClass:/Script/Engine.StaticMeshActor Name:StaticMeshActor_9 Label:SM_Cube8 SpatiallyLoaded:1 Bounds:IsValid=true, Min=(X=100.000 Y=1600.000 Z=0.000), Max=(X=1200.000 Y=1900.000 Z=200.000) RuntimeGrid:None EditorOnly:0 RuntimeOnly:0 HLODRelevant:1 FolderPath:Block04 FolderGuid:1671883140CA233343B73BBD9D365381
 |   |   |- [+] [ 35]
 |   |   |   |- Guid:616554B84D9AF28DF69ABD8837FD26D7 BaseClass: NativeClass:/Script/Engine.ExponentialHeightFog Name:ExponentialHeightFog_0 Label:ExponentialHeightFog SpatiallyLoaded:0 Bounds:IsValid=true, Min=(X=-5600.000 Y=-50.000 Z=-6850.000), Max=(X=-5600.000 Y=-50.000 Z=-6850.000) RuntimeGrid:None EditorOnly:0 RuntimeOnly:0 HLODRelevant:0 FolderPath:Lighting FolderGuid:D9E1224C415FCB205E4105B3245ADAAB
 |   |   |- [+] [ 36]
 |   |   |   |- Guid:4DE3CD2F48B4038CA629008DF7804DA4 BaseClass: NativeClass:/Script/Engine.StaticMeshActor Name:StaticMeshActor_18 Label:SM_QuarterCylinder5 SpatiallyLoaded:1 Bounds:IsValid=true, Min=(X=600.000 Y=2800.000 Z=0.000), Max=(X=700.000 Y=2900.000 Z=200.000) RuntimeGrid:None EditorOnly:0 RuntimeOnly:0 HLODRelevant:1 FolderPath:Block03 FolderGuid:EED76D7B47CF3E1440F359A1FAC3309E
 |   |   |- [+] [ 37]
 |   |   |   |- Guid:902408B24403A7B3DA2315996494FA34 BaseClass: NativeClass:/Script/Engine.StaticMeshActor Name:StaticMeshActor_42 Label:SM_ChamferCube15 SpatiallyLoaded:1 Bounds:IsValid=true, Min=(X=2480.411 Y=2187.371 Z=0.013), Max=(X=2580.411 Y=2287.371 Z=100.013) RuntimeGrid:None EditorOnly:0 RuntimeOnly:0 HLODRelevant:0 FolderPath:SimulatedCubes FolderGuid:3E37B3AC41F495FF33672D878D9DD948
 |   |   |- [+] [ 38]
 |   |   |   |- Guid:F62CEDB64522DF69765B7B946F362AAA BaseClass:/Game/_MainFiles/FirstPerson/Blueprints/BP_PickUp_Rifle.BP_PickUp_Rifle_C NativeClass:/Script/Engine.Actor Name:BP_Rifle_C_UAID_B42E9936F5422D3B01_1556789383 Label:BP_Pickup_Rifle SpatiallyLoaded:1 Bounds:IsValid=true, Min=(X=1518.000 Y=808.000 Z=28.000), Max=(X=1582.000 Y=897.440 Z=92.000) RuntimeGrid:None EditorOnly:0 RuntimeOnly:0 HLODRelevant:0
 |   |   |- [+] [ 39]
 |   |   |   |- Guid:CDC290334FAA2557343A1181CA8C7F4B BaseClass: NativeClass:/Script/Engine.StaticMeshActor Name:StaticMeshActor_2 Label:SM_Cube2 SpatiallyLoaded:1 Bounds:IsValid=true, Min=(X=0.000 Y=0.000 Z=0.000), Max=(X=3000.000 Y=100.000 Z=400.000) RuntimeGrid:None EditorOnly:0 RuntimeOnly:0 HLODRelevant:1 FolderPath:Playground FolderGuid:CDC3EA2D424DF73175D386948543BF31
 |   |   |- [+] [ 40]
 |   |   |   |- Guid:63A84EA944945A8BF01D4A94FDD5C8E4 BaseClass: NativeClass:/Script/Engine.StaticMeshActor Name:StaticMeshActor_10 Label:SM_Cube9 SpatiallyLoaded:1 Bounds:IsValid=true, Min=(X=2345.000 Y=400.000 Z=0.000), Max=(X=2545.000 Y=1100.000 Z=100.000) RuntimeGrid:None EditorOnly:0 RuntimeOnly:0 HLODRelevant:1 FolderPath:Block01 FolderGuid:3EF5C57D40A467440F5F0D9398D8AC70
 |   |   |- [+] [ 41]
 |   |   |   |- Guid:8DB6E7264339F17149C350BAAAD12B37 BaseClass: NativeClass:/Script/Engine.StaticMeshActor Name:StaticMeshActor_13 Label:SM_Cube11 SpatiallyLoaded:1 Bounds:IsValid=true, Min=(X=700.000 Y=2600.000 Z=0.000), Max=(X=1300.000 Y=2900.000 Z=200.000) RuntimeGrid:None EditorOnly:0 RuntimeOnly:0 HLODRelevant:1 FolderPath:Block03 FolderGuid:EED76D7B47CF3E1440F359A1FAC3309E
 |   |   |- [+] [ 42]
 |   |   |   |- Guid:7254C3414876BF4F9B9A42A6CA10EB17 BaseClass: NativeClass:/Script/Engine.StaticMeshActor Name:StaticMeshActor_28 Label:SM_Cube14 SpatiallyLoaded:1 Bounds:IsValid=true, Min=(X=1300.000 Y=2700.000 Z=0.000), Max=(X=1400.000 Y=2800.000 Z=200.000) RuntimeGrid:None EditorOnly:0 RuntimeOnly:0 HLODRelevant:1 FolderPath:Block03 FolderGuid:EED76D7B47CF3E1440F359A1FAC3309E
 |   |   |- [+] [ 43]
 |   |   |   |- Guid:8EA8A3864CB9694DA428199AC421B524 BaseClass: NativeClass:/Script/Engine.StaticMeshActor Name:StaticMeshActor_20 Label:SM_QuarterCylinder11 SpatiallyLoaded:1 Bounds:IsValid=true, Min=(X=2300.000 Y=2750.000 Z=0.000), Max=(X=2500.000 Y=2950.000 Z=200.000) RuntimeGrid:None EditorOnly:0 RuntimeOnly:0 HLODRelevant:1 FolderPath:Cylinder FolderGuid:D6369CCE49EF0A8CFA563EB18825ED72
 |   |   |- [+] [ 44]
 |   |   |   |- Guid:A193674B480A39A47551D39FB4DFCD99 BaseClass: NativeClass:/Script/Engine.StaticMeshActor Name:StaticMeshActor_UAID_A4AE111137DC5FFB00_1159438599 Label:SM_SkySphere SpatiallyLoaded:0 Bounds:IsValid=true, Min=(X=-1638400.000 Y=-1638400.000 Z=-1638400.000), Max=(X=1638400.000 Y=1638400.000 Z=1638400.000) RuntimeGrid:None EditorOnly:0 RuntimeOnly:0 HLODRelevant:1 FolderPath:Lighting FolderGuid:D9E1224C415FCB205E4105B3245ADAAB
 |   |   |- [+] [ 45]
 |   |   |   |- Guid:79599D7C4FAEDB9F068EA3B957603F53 BaseClass: NativeClass:/Script/Engine.StaticMeshActor Name:StaticMeshActor_31 Label:SM_QuarterCylinder10 SpatiallyLoaded:1 Bounds:IsValid=true, Min=(X=1700.000 Y=1800.000 Z=0.000), Max=(X=1800.000 Y=1900.000 Z=200.000) RuntimeGrid:None EditorOnly:0 RuntimeOnly:0 HLODRelevant:1 FolderPath:Block02 FolderGuid:DEBAF5964E47F6C0EEA7BB9F700AB405
 |   |   |- [+] [ 46]
 |   |   |   |- Guid:C3396C8B492E3A148F603881B2C7314A BaseClass: NativeClass:/Script/Engine.StaticMeshActor Name:StaticMeshActor_23 Label:SM_QuarterCylinder14 SpatiallyLoaded:1 Bounds:IsValid=true, Min=(X=2300.000 Y=2550.000 Z=0.000), Max=(X=2500.000 Y=2750.000 Z=200.000) RuntimeGrid:None EditorOnly:0 RuntimeOnly:0 HLODRelevant:1 FolderPath:Cylinder FolderGuid:D6369CCE49EF0A8CFA563EB18825ED72
 |   |   |- [+] [ 47]
 |   |   |   |- Guid:52E74DF94E9EECAF9464C1BCB5227CCC BaseClass: NativeClass:/Script/Engine.StaticMeshActor Name:StaticMeshActor_3 Label:SM_Cube3 SpatiallyLoaded:1 Bounds:IsValid=true, Min=(X=0.000 Y=3400.000 Z=0.000), Max=(X=3000.000 Y=3500.000 Z=400.000) RuntimeGrid:None EditorOnly:0 RuntimeOnly:0 HLODRelevant:1 FolderPath:Playground FolderGuid:CDC3EA2D424DF73175D386948543BF31
 |   |   |- [+] [ 48]
 |   |   |   |- Guid:44F8F21D453B2046F1D986AD81798F12 BaseClass: NativeClass:/Script/Engine.StaticMeshActor Name:StaticMeshActor_41 Label:SM_ChamferCube14 SpatiallyLoaded:1 Bounds:IsValid=true, Min=(X=2480.411 Y=2302.371 Z=0.013), Max=(X=2580.411 Y=2402.371 Z=100.013) RuntimeGrid:None EditorOnly:0 RuntimeOnly:0 HLODRelevant:0 FolderPath:SimulatedCubes FolderGuid:3E37B3AC41F495FF33672D878D9DD948
 |   |   |- [+] [ 49]
 |   |   |   |- Guid:CBE9C31E462D8F9A0C9AD595F91AEA84 BaseClass: NativeClass:/Script/Engine.StaticMeshActor Name:StaticMeshActor_44 Label:SM_ChamferCube2 SpatiallyLoaded:1 Bounds:IsValid=true, Min=(X=324.987 Y=1136.837 Z=0.013), Max=(X=453.158 Y=1265.008 Z=100.013) RuntimeGrid:None EditorOnly:0 RuntimeOnly:0 HLODRelevant:0 FolderPath:SimulatedCubes FolderGuid:3E37B3AC41F495FF33672D878D9DD948
 |   |   |- [+] [ 50]
 |   |   |   |- Guid:A47CA35549692063DBDEBFADE3843E16 BaseClass: NativeClass:/Script/Engine.StaticMeshActor Name:StaticMeshActor_38 Label:SM_ChamferCube11 SpatiallyLoaded:1 Bounds:IsValid=true, Min=(X=292.430 Y=3129.921 Z=0.013), Max=(X=433.313 Y=3270.804 Z=100.013) RuntimeGrid:None EditorOnly:0 RuntimeOnly:0 HLODRelevant:0 FolderPath:SimulatedCubes FolderGuid:3E37B3AC41F495FF33672D878D9DD948
 |   |   |- [+] [ 51]
 |   |   |   |- Guid:67AF28334B1DECF39B2B08AC61E95805 BaseClass: NativeClass:/Script/Engine.StaticMeshActor Name:StaticMeshActor_32 Label:SM_Cube16 SpatiallyLoaded:1 Bounds:IsValid=true, Min=(X=1700.000 Y=1700.000 Z=0.000), Max=(X=1800.000 Y=1800.000 Z=200.000) RuntimeGrid:None EditorOnly:0 RuntimeOnly:0 HLODRelevant:1 FolderPath:Block02 FolderGuid:DEBAF5964E47F6C0EEA7BB9F700AB405
 |   |   |- [+] [ 52]
 |   |   |   |- Guid:7A699BF944F9DAC273FB4FAD2236D7F8 BaseClass: NativeClass:/Script/Engine.SkyLight Name:SkyLight_0 Label:SkyLight SpatiallyLoaded:0 Bounds:IsValid=true, Min=(X=0.000 Y=0.000 Z=690.000), Max=(X=0.000 Y=0.000 Z=690.000) RuntimeGrid:None EditorOnly:0 RuntimeOnly:0 HLODRelevant:0 FolderPath:Lighting FolderGuid:D9E1224C415FCB205E4105B3245ADAAB
 |   |   |- [+] [ 53]
 |   |   |   |- Guid:16ED739D4160B0315F9149963D1D3D52 BaseClass: NativeClass:/Script/Engine.StaticMeshActor Name:StaticMeshActor_5 Label:SM_Ramp2 SpatiallyLoaded:1 Bounds:IsValid=true, Min=(X=1945.000 Y=400.000 Z=0.000), Max=(X=2345.000 Y=600.000 Z=100.000) RuntimeGrid:None EditorOnly:0 RuntimeOnly:0 HLODRelevant:1 FolderPath:Block01 FolderGuid:3EF5C57D40A467440F5F0D9398D8AC70
 |   |   |- [+] [ 54]
 |   |   |   |- Guid:B96D792F49D1781B2CCBC296053DF329 BaseClass: NativeClass:/Script/Engine.StaticMeshActor Name:StaticMeshActor_25 Label:SM_ChamferCube5 SpatiallyLoaded:1 Bounds:IsValid=true, Min=(X=1765.431 Y=2937.543 Z=0.063), Max=(X=1976.756 Y=3148.868 Z=150.063) RuntimeGrid:None EditorOnly:0 RuntimeOnly:0 HLODRelevant:0 FolderPath:SimulatedCubes FolderGuid:3E37B3AC41F495FF33672D878D9DD948
 |   |   |- [+] [ 55]
 |   |   |   |- Guid:266836F144FA2767EA2991A084FC7C51 BaseClass: NativeClass:/Script/Engine.StaticMeshActor Name:StaticMeshActor_8 Label:SM_Cube6 SpatiallyLoaded:1 Bounds:IsValid=true, Min=(X=2900.000 Y=100.000 Z=0.000), Max=(X=3000.000 Y=3400.000 Z=400.000) RuntimeGrid:None EditorOnly:0 RuntimeOnly:0 HLODRelevant:1 FolderPath:Playground FolderGuid:CDC3EA2D424DF73175D386948543BF31
 |   |   |- [+] [ 56]
 |   |   |   |- Guid:75854521468783C291995A8EFCB63F1B BaseClass: NativeClass:/Script/Engine.StaticMeshActor Name:StaticMeshActor_7 Label:SM_Cube5 SpatiallyLoaded:1 Bounds:IsValid=true, Min=(X=-0.000 Y=100.000 Z=0.000), Max=(X=100.000 Y=3400.000 Z=400.000) RuntimeGrid:None EditorOnly:0 RuntimeOnly:0 HLODRelevant:1 FolderPath:Playground FolderGuid:CDC3EA2D424DF73175D386948543BF31
 |   |   |- [+] [ 57]
 |   |   |   |- Guid:8F1CB2D344FBCA46B23C6594C8F43B92 BaseClass: NativeClass:/Script/Engine.StaticMeshActor Name:StaticMeshActor_39 Label:SM_ChamferCube12 SpatiallyLoaded:1 Bounds:IsValid=true, Min=(X=204.335 Y=3056.000 Z=0.013), Max=(X=345.218 Y=3196.884 Z=100.013) RuntimeGrid:None EditorOnly:0 RuntimeOnly:0 HLODRelevant:0 FolderPath:SimulatedCubes FolderGuid:3E37B3AC41F495FF33672D878D9DD948
 |- ContainerInstances:
 |- [+] MainContainer:
 |   |-        ID: 0x0000000000000000
 |   |-    Bounds: IsValid=false, Min=(X=0.000 Y=0.000 Z=0.000), Max=(X=0.000 Y=0.000 Z=0.000)
 |   |- Transform: 0.000000,0.000000,0.000000|0.000000,0.000000,-0.000000|1.000000,1.000000,1.000000
 |   |- Container: /Game/_MainFiles/FirstPerson/Maps/FirstPersonMap
----------------------------------------------------------------------------------------------------------------
FirstPersonMap - Persistent Level
----------------------------------------------------------------------------------------------------------------
Always loaded Actor Count: 5 

----------------------------------------------------------------------------------------------------------------
FirstPersonMap - Runtime Spatial Hash - Streaming Grid - MainGrid
----------------------------------------------------------------------------------------------------------------
            Origin: X=0.000 Y=0.000 Z=0.000
         Cell Size: 12800
      World Bounds: IsValid=false, Min=(X=0.000 Y=0.000 Z=0.000), Max=(X=0.000 Y=0.000 Z=0.000)
     Loading Range: 25600.00
Block Slow Loading: No
 ClientOnlyVisible: No

[+] Grid Levels: 1
 |- Level  0: Cell Count    1 | Cell Size   12800 | Actor Count   58 (100.0%)

[+] Content of Grid Level 0
 |- [+] Content of Cell MainGrid_L0_X0_Y0
 |   |- Actor Count: 58
 |   |- Actor Path: /Game/_MainFiles/FirstPerson/Maps/FirstPersonMap.FirstPersonMap:PersistentLevel.StaticMeshActor_15
 |   |- Actor Package: /Game/__ExternalActors__/_MainFiles/FirstPerson/Maps/FirstPersonMap/0/3N/9AVCF082VWU8E3OB2OY2ET
 |   |- Actor Path: /Game/_MainFiles/FirstPerson/Maps/FirstPersonMap.FirstPersonMap:PersistentLevel.StaticMeshActor_27
 |   |- Actor Package: /Game/__ExternalActors__/_MainFiles/FirstPerson/Maps/FirstPersonMap/0/AL/UJ7ZQH0YMLXVKI3DDSRF6S
 |   |- Actor Path: /Game/_MainFiles/FirstPerson/Maps/FirstPersonMap.FirstPersonMap:PersistentLevel.PlayerStart_0
 |   |- Actor Package: /Game/__ExternalActors__/_MainFiles/FirstPerson/Maps/FirstPersonMap/1/3K/MW7E11EK690PV9HXX13DJ1
 |   |- Actor Path: /Game/_MainFiles/FirstPerson/Maps/FirstPersonMap.FirstPersonMap:PersistentLevel.StaticMeshActor_37
 |   |- Actor Package: /Game/__ExternalActors__/_MainFiles/FirstPerson/Maps/FirstPersonMap/1/5B/H06POPMG3HKPNVT3LALKGS
 |   |- Actor Path: /Game/_MainFiles/FirstPerson/Maps/FirstPersonMap.FirstPersonMap:PersistentLevel.StaticMeshActor_35
 |   |- Actor Package: /Game/__ExternalActors__/_MainFiles/FirstPerson/Maps/FirstPersonMap/1/A5/QQ4EASKS07FTLKPRGVSION
 |   |- Actor Path: /Game/_MainFiles/FirstPerson/Maps/FirstPersonMap.FirstPersonMap:PersistentLevel.SkyAtmosphere_0
 |   |- Actor Package: /Game/__ExternalActors__/_MainFiles/FirstPerson/Maps/FirstPersonMap/1/C0/27FUVFBRY8FM12T6MOJ470
 |   |- Actor Path: /Game/_MainFiles/FirstPerson/Maps/FirstPersonMap.FirstPersonMap:PersistentLevel.StaticMeshActor_36
 |   |- Actor Package: /Game/__ExternalActors__/_MainFiles/FirstPerson/Maps/FirstPersonMap/1/CB/8LIICCSPI9IG8Y76J7TE51
 |   |- Actor Path: /Game/_MainFiles/FirstPerson/Maps/FirstPersonMap.FirstPersonMap:PersistentLevel.StaticMeshActor_6
 |   |- Actor Package: /Game/__ExternalActors__/_MainFiles/FirstPerson/Maps/FirstPersonMap/1/LO/L1577CZCWOBJQP3VLTGPHW
 |   |- Actor Path: /Game/_MainFiles/FirstPerson/Maps/FirstPersonMap.FirstPersonMap:PersistentLevel.StaticMeshActor_33
 |   |- Actor Package: /Game/__ExternalActors__/_MainFiles/FirstPerson/Maps/FirstPersonMap/1/NY/U035PMR2IU00FZVVX8U3MT
 |   |- Actor Path: /Game/_MainFiles/FirstPerson/Maps/FirstPersonMap.FirstPersonMap:PersistentLevel.StaticMeshActor_46
 |   |- Actor Package: /Game/__ExternalActors__/_MainFiles/FirstPerson/Maps/FirstPersonMap/1/RY/T8A6E2RYUQKRCP2D9PEOY7
 |   |- Actor Path: /Game/_MainFiles/FirstPerson/Maps/FirstPersonMap.FirstPersonMap:PersistentLevel.StaticMeshActor_34
 |   |- Actor Package: /Game/__ExternalActors__/_MainFiles/FirstPerson/Maps/FirstPersonMap/2/7K/TCDYPB9RBF3N8DVQW4WBMJ
 |   |- Actor Path: /Game/_MainFiles/FirstPerson/Maps/FirstPersonMap.FirstPersonMap:PersistentLevel.StaticMeshActor_29
 |   |- Actor Package: /Game/__ExternalActors__/_MainFiles/FirstPerson/Maps/FirstPersonMap/2/OX/O71HWDQXAO1FK27GRGGF4E
 |   |- Actor Path: /Game/_MainFiles/FirstPerson/Maps/FirstPersonMap.FirstPersonMap:PersistentLevel.StaticMeshActor_40
 |   |- Actor Package: /Game/__ExternalActors__/_MainFiles/FirstPerson/Maps/FirstPersonMap/3/20/Q54PRCYAKYMYXU5642UX37
 |   |- Actor Path: /Game/_MainFiles/FirstPerson/Maps/FirstPersonMap.FirstPersonMap:PersistentLevel.StaticMeshActor_19
 |   |- Actor Package: /Game/__ExternalActors__/_MainFiles/FirstPerson/Maps/FirstPersonMap/3/8P/2OG8R6IUTGUDBZY19BR0H2
 |   |- Actor Path: /Game/_MainFiles/FirstPerson/Maps/FirstPersonMap.FirstPersonMap:PersistentLevel.StaticMeshActor_0
 |   |- Actor Package: /Game/__ExternalActors__/_MainFiles/FirstPerson/Maps/FirstPersonMap/3/K5/NKUTZU2VU962GL5FZ34V0O
 |   |- Actor Path: /Game/_MainFiles/FirstPerson/Maps/FirstPersonMap.FirstPersonMap:PersistentLevel.StaticMeshActor_4
 |   |- Actor Package: /Game/__ExternalActors__/_MainFiles/FirstPerson/Maps/FirstPersonMap/3/Y7/Q3IESY5NQNQ2YNMS65NDSH
 |   |- Actor Path: /Game/_MainFiles/FirstPerson/Maps/FirstPersonMap.FirstPersonMap:PersistentLevel.DirectionalLight_0
 |   |- Actor Package: /Game/__ExternalActors__/_MainFiles/FirstPerson/Maps/FirstPersonMap/4/3J/XOWAMVCKVYW1QZ2YUA62Z1
 |   |- Actor Path: /Game/_MainFiles/FirstPerson/Maps/FirstPersonMap.FirstPersonMap:PersistentLevel.StaticMeshActor_17
 |   |- Actor Package: /Game/__ExternalActors__/_MainFiles/FirstPerson/Maps/FirstPersonMap/4/8O/LNPI3ACTIH91Z3FXT0JP8O
 |   |- Actor Path: /Game/_MainFiles/FirstPerson/Maps/FirstPersonMap.FirstPersonMap:PersistentLevel.StaticMeshActor_12
 |   |- Actor Package: /Game/__ExternalActors__/_MainFiles/FirstPerson/Maps/FirstPersonMap/4/O7/2IQV2PNBCIJQL99BSMZC1F
 |   |- Actor Path: /Game/_MainFiles/FirstPerson/Maps/FirstPersonMap.FirstPersonMap:PersistentLevel.StaticMeshActor_16
 |   |- Actor Package: /Game/__ExternalActors__/_MainFiles/FirstPerson/Maps/FirstPersonMap/4/QA/TP6XHG5FEMXS9TRZ57FG7Y
 |   |- Actor Path: /Game/_MainFiles/FirstPerson/Maps/FirstPersonMap.FirstPersonMap:PersistentLevel.StaticMeshActor_26
 |   |- Actor Package: /Game/__ExternalActors__/_MainFiles/FirstPerson/Maps/FirstPersonMap/4/YI/F62YXMPLBYHDSMR5EXT5ZS
 |   |- Actor Path: /Game/_MainFiles/FirstPerson/Maps/FirstPersonMap.FirstPersonMap:PersistentLevel.StaticMeshActor_24
 |   |- Actor Package: /Game/__ExternalActors__/_MainFiles/FirstPerson/Maps/FirstPersonMap/5/4H/ASIS49D8T1NDG3Y34D1GSJ
 |   |- Actor Path: /Game/_MainFiles/FirstPerson/Maps/FirstPersonMap.FirstPersonMap:PersistentLevel.StaticMeshActor_11
 |   |- Actor Package: /Game/__ExternalActors__/_MainFiles/FirstPerson/Maps/FirstPersonMap/5/6I/PVKR55TRJ64IXDUD1HD77L
 |   |- Actor Path: /Game/_MainFiles/FirstPerson/Maps/FirstPersonMap.FirstPersonMap:PersistentLevel.StaticMeshActor_22
 |   |- Actor Package: /Game/__ExternalActors__/_MainFiles/FirstPerson/Maps/FirstPersonMap/5/BJ/FFZIIF0BHL5E4YU2V1E9SO
 |   |- Actor Path: /Game/_MainFiles/FirstPerson/Maps/FirstPersonMap.FirstPersonMap:PersistentLevel.StaticMeshActor_45
 |   |- Actor Package: /Game/__ExternalActors__/_MainFiles/FirstPerson/Maps/FirstPersonMap/5/NM/KAHV2M5ZCIHPJ9PBNU9NFU
 |   |- Actor Path: /Game/_MainFiles/FirstPerson/Maps/FirstPersonMap.FirstPersonMap:PersistentLevel.VolumetricCloud_0
 |   |- Actor Package: /Game/__ExternalActors__/_MainFiles/FirstPerson/Maps/FirstPersonMap/5/YE/ZSG06EZ1WHFBZ3G7PYK5JE
 |   |- Actor Path: /Game/_MainFiles/FirstPerson/Maps/FirstPersonMap.FirstPersonMap:PersistentLevel.StaticMeshActor_21
 |   |- Actor Package: /Game/__ExternalActors__/_MainFiles/FirstPerson/Maps/FirstPersonMap/6/GA/N2Y0TXN69WETFPPDUMKV0J
 |   |- Actor Path: /Game/_MainFiles/FirstPerson/Maps/FirstPersonMap.FirstPersonMap:PersistentLevel.PostProcessVolume_0
 |   |- Actor Package: /Game/__ExternalActors__/_MainFiles/FirstPerson/Maps/FirstPersonMap/6/GL/4VMEV69CDOHDXFPALAVDFS
 |   |- Actor Path: /Game/_MainFiles/FirstPerson/Maps/FirstPersonMap.FirstPersonMap:PersistentLevel.WorldDataLayers
 |   |- Actor Package: /Game/__ExternalActors__/_MainFiles/FirstPerson/Maps/FirstPersonMap/7/AJ/O2PWGGOUEIIFMF76XZDRF9
 |   |- Actor Path: /Game/_MainFiles/FirstPerson/Maps/FirstPersonMap.FirstPersonMap:PersistentLevel.StaticMeshActor_1
 |   |- Actor Package: /Game/__ExternalActors__/_MainFiles/FirstPerson/Maps/FirstPersonMap/7/E9/GI2WIZLDTGPOLOJK9X8XOE
 |   |- Actor Path: /Game/_MainFiles/FirstPerson/Maps/FirstPersonMap.FirstPersonMap:PersistentLevel.StaticMeshActor_14
 |   |- Actor Package: /Game/__ExternalActors__/_MainFiles/FirstPerson/Maps/FirstPersonMap/7/H7/6BJLTQWDLQFPIJ481GK2V9
 |   |- Actor Path: /Game/_MainFiles/FirstPerson/Maps/FirstPersonMap.FirstPersonMap:PersistentLevel.TextRenderActor_0
 |   |- Actor Package: /Game/__ExternalActors__/_MainFiles/FirstPerson/Maps/FirstPersonMap/7/JQ/TMH44VYCDOEBCGDEQHJMDD
 |   |- Actor Path: /Game/_MainFiles/FirstPerson/Maps/FirstPersonMap.FirstPersonMap:PersistentLevel.StaticMeshActor_30
 |   |- Actor Package: /Game/__ExternalActors__/_MainFiles/FirstPerson/Maps/FirstPersonMap/8/5D/CWHS2UXPS1FOVS37VG20AG
 |   |- Actor Path: /Game/_MainFiles/FirstPerson/Maps/FirstPersonMap.FirstPersonMap:PersistentLevel.StaticMeshActor_43
 |   |- Actor Package: /Game/__ExternalActors__/_MainFiles/FirstPerson/Maps/FirstPersonMap/8/8R/OZDTI0UFWO802U212VOZAV
 |   |- Actor Path: /Game/_MainFiles/FirstPerson/Maps/FirstPersonMap.FirstPersonMap:PersistentLevel.StaticMeshActor_9
 |   |- Actor Package: /Game/__ExternalActors__/_MainFiles/FirstPerson/Maps/FirstPersonMap/8/B8/QWE75ZX7EHZZ0RJRZF5YEY
 |   |- Actor Path: /Game/_MainFiles/FirstPerson/Maps/FirstPersonMap.FirstPersonMap:PersistentLevel.ExponentialHeightFog_0
 |   |- Actor Package: /Game/__ExternalActors__/_MainFiles/FirstPerson/Maps/FirstPersonMap/8/J2/ZORWIGZT5Z1XRIAXH30F29
 |   |- Actor Path: /Game/_MainFiles/FirstPerson/Maps/FirstPersonMap.FirstPersonMap:PersistentLevel.StaticMeshActor_18
 |   |- Actor Package: /Game/__ExternalActors__/_MainFiles/FirstPerson/Maps/FirstPersonMap/8/L2/34O4P3PM1PX4CUD0LL9ZQ1
 |   |- Actor Path: /Game/_MainFiles/FirstPerson/Maps/FirstPersonMap.FirstPersonMap:PersistentLevel.StaticMeshActor_42
 |   |- Actor Package: /Game/__ExternalActors__/_MainFiles/FirstPerson/Maps/FirstPersonMap/9/16/Q2GINMN2792N5O5OXHLW5N
 |   |- Actor Path: /Game/_MainFiles/FirstPerson/Maps/FirstPersonMap.FirstPersonMap:PersistentLevel.BP_Rifle_C_UAID_B42E9936F5422D3B01_1556789383
 |   |- Actor Package: /Game/__ExternalActors__/_MainFiles/FirstPerson/Maps/FirstPersonMap/9/56/5NGKZ8DX5WTFKT746N8V9G
 |   |- Actor Path: /Game/_MainFiles/FirstPerson/Maps/FirstPersonMap.FirstPersonMap:PersistentLevel.StaticMeshActor_2
 |   |- Actor Package: /Game/__ExternalActors__/_MainFiles/FirstPerson/Maps/FirstPersonMap/9/8I/USHXLBG0DPTCHT2OPGRE90
 |   |- Actor Path: /Game/_MainFiles/FirstPerson/Maps/FirstPersonMap.FirstPersonMap:PersistentLevel.StaticMeshActor_10
 |   |- Actor Package: /Game/__ExternalActors__/_MainFiles/FirstPerson/Maps/FirstPersonMap/9/9P/3HFNDYCJEAI3SZ71NSSR78
 |   |- Actor Path: /Game/_MainFiles/FirstPerson/Maps/FirstPersonMap.FirstPersonMap:PersistentLevel.StaticMeshActor_13
 |   |- Actor Package: /Game/__ExternalActors__/_MainFiles/FirstPerson/Maps/FirstPersonMap/9/Z2/H55RIFRK3E39EOQPKV2TDR
 |   |- Actor Path: /Game/_MainFiles/FirstPerson/Maps/FirstPersonMap.FirstPersonMap:PersistentLevel.StaticMeshActor_28
 |   |- Actor Package: /Game/__ExternalActors__/_MainFiles/FirstPerson/Maps/FirstPersonMap/A/2R/659G6BM5UOUSD8EZMW1N4E
 |   |- Actor Path: /Game/_MainFiles/FirstPerson/Maps/FirstPersonMap.FirstPersonMap:PersistentLevel.StaticMeshActor_20
 |   |- Actor Package: /Game/__ExternalActors__/_MainFiles/FirstPerson/Maps/FirstPersonMap/B/0L/4C6WL0OFGSFA0OACM1QM10
 |   |- Actor Path: /Game/_MainFiles/FirstPerson/Maps/FirstPersonMap.FirstPersonMap:PersistentLevel.StaticMeshActor_UAID_A4AE111137DC5FFB00_1159438599
 |   |- Actor Package: /Game/__ExternalActors__/_MainFiles/FirstPerson/Maps/FirstPersonMap/B/4N/SZFTTZPM82IQSN3U3NDQWE
 |   |- Actor Path: /Game/_MainFiles/FirstPerson/Maps/FirstPersonMap.FirstPersonMap:PersistentLevel.StaticMeshActor_31
 |   |- Actor Package: /Game/__ExternalActors__/_MainFiles/FirstPerson/Maps/FirstPersonMap/B/WE/37KU8R02YDSQRYE6WRYSXN
 |   |- Actor Path: /Game/_MainFiles/FirstPerson/Maps/FirstPersonMap.FirstPersonMap:PersistentLevel.StaticMeshActor_23
 |   |- Actor Package: /Game/__ExternalActors__/_MainFiles/FirstPerson/Maps/FirstPersonMap/C/1A/C7YNVZ7BMO9EZSOVYXLGAP
 |   |- Actor Path: /Game/_MainFiles/FirstPerson/Maps/FirstPersonMap.FirstPersonMap:PersistentLevel.StaticMeshActor_3
 |   |- Actor Package: /Game/__ExternalActors__/_MainFiles/FirstPerson/Maps/FirstPersonMap/C/2B/U6NBT40J6L12NZ19RVJGHZ
 |   |- Actor Path: /Game/_MainFiles/FirstPerson/Maps/FirstPersonMap.FirstPersonMap:PersistentLevel.StaticMeshActor_41
 |   |- Actor Package: /Game/__ExternalActors__/_MainFiles/FirstPerson/Maps/FirstPersonMap/C/G9/W5XN5X971Q5D8BQYL23MTN
 |   |- Actor Path: /Game/_MainFiles/FirstPerson/Maps/FirstPersonMap.FirstPersonMap:PersistentLevel.StaticMeshActor_44
 |   |- Actor Package: /Game/__ExternalActors__/_MainFiles/FirstPerson/Maps/FirstPersonMap/D/6C/O0GNP61ZO6E0S4BRJOA6T1
 |   |- Actor Path: /Game/_MainFiles/FirstPerson/Maps/FirstPersonMap.FirstPersonMap:PersistentLevel.StaticMeshActor_38
 |   |- Actor Package: /Game/__ExternalActors__/_MainFiles/FirstPerson/Maps/FirstPersonMap/D/RY/WZ5JQRUNKNKXK1JG6NVA30
 |   |- Actor Path: /Game/_MainFiles/FirstPerson/Maps/FirstPersonMap.FirstPersonMap:PersistentLevel.StaticMeshActor_32
 |   |- Actor Package: /Game/__ExternalActors__/_MainFiles/FirstPerson/Maps/FirstPersonMap/D/X2/NF4Q2PXAST08KPJLLXBTI0
 |   |- Actor Path: /Game/_MainFiles/FirstPerson/Maps/FirstPersonMap.FirstPersonMap:PersistentLevel.SkyLight_0
 |   |- Actor Package: /Game/__ExternalActors__/_MainFiles/FirstPerson/Maps/FirstPersonMap/D/XN/U9CY12AB8SD6DA4CACUGW4
 |   |- Actor Path: /Game/_MainFiles/FirstPerson/Maps/FirstPersonMap.FirstPersonMap:PersistentLevel.StaticMeshActor_5
 |   |- Actor Package: /Game/__ExternalActors__/_MainFiles/FirstPerson/Maps/FirstPersonMap/E/4S/9QOWXS7LYHJKYYQVSNRJER
 |   |- Actor Path: /Game/_MainFiles/FirstPerson/Maps/FirstPersonMap.FirstPersonMap:PersistentLevel.StaticMeshActor_25
 |   |- Actor Package: /Game/__ExternalActors__/_MainFiles/FirstPerson/Maps/FirstPersonMap/E/G5/AXEG3WENASLNYSG18XPB5T
 |   |- Actor Path: /Game/_MainFiles/FirstPerson/Maps/FirstPersonMap.FirstPersonMap:PersistentLevel.StaticMeshActor_8
 |   |- Actor Package: /Game/__ExternalActors__/_MainFiles/FirstPerson/Maps/FirstPersonMap/E/LA/U5O3ET97HCB1X6P3V4IFFM
 |   |- Actor Path: /Game/_MainFiles/FirstPerson/Maps/FirstPersonMap.FirstPersonMap:PersistentLevel.StaticMeshActor_7
 |   |- Actor Package: /Game/__ExternalActors__/_MainFiles/FirstPerson/Maps/FirstPersonMap/E/RW/VOX2T6TLMHVNI2ZSWXGN5G
 |   |- Actor Path: /Game/_MainFiles/FirstPerson/Maps/FirstPersonMap.FirstPersonMap:PersistentLevel.StaticMeshActor_39
 |   |- Actor Package: /Game/__ExternalActors__/_MainFiles/FirstPerson/Maps/FirstPersonMap/F/44/7PJBW9FTATQM9T2R908R92

