"../../../Engine/Content/EditorResources/S_Actor.ubulk" 0
"../../../Engine/Content/EditorResources/S_Actor.uasset" 1
"../../../Engine/Content/EditorResources/S_Actor.uexp" 2
"../../../Engine/Content/EditorResources/S_BoxReflectionCapture.uasset" 3
"../../../Engine/Content/EditorResources/S_BoxReflectionCapture.uexp" 4
"../../../Engine/Content/EngineResources/DefaultTexture.ubulk" 5
"../../../Engine/Content/EngineResources/DefaultTexture.uasset" 6
"../../../Engine/Content/EngineResources/DefaultTexture.uexp" 7
"../../../Engine/Content/EngineResources/DefaultTextureCube.uasset" 8
"../../../Engine/Content/EngineResources/DefaultTextureCube.uexp" 9
"../../../Engine/Content/EngineResources/DefaultVolumeTexture2D.uasset" 10
"../../../Engine/Content/EngineResources/DefaultVolumeTexture2D.uexp" 11
"../../../Engine/Content/EngineResources/DefaultVolumeTexture.uasset" 12
"../../../Engine/Content/EngineResources/DefaultVolumeTexture.uexp" 13
"../../../Engine/Content/EditorResources/S_Trigger.ubulk" 14
"../../../Engine/Content/EditorResources/S_Trigger.uasset" 15
"../../../Engine/Content/EditorResources/S_Trigger.uexp" 16
"../../../Engine/Content/EditorResources/S_TriggerBox.uasset" 17
"../../../Engine/Content/EditorResources/S_TriggerBox.uexp" 18
"../../../Engine/Content/EditorResources/S_TriggerCapsule.uasset" 19
"../../../Engine/Content/EditorResources/S_TriggerCapsule.uexp" 20
"../../../Engine/Content/EditorResources/S_TriggerSphere.uasset" 21
"../../../Engine/Content/EditorResources/S_TriggerSphere.uexp" 22
"../../../Engine/Content/EngineMeshes/Sphere.ubulk" 23
"../../../Engine/Content/EngineMeshes/Sphere.uasset" 24
"../../../Engine/Content/EngineMeshes/Sphere.uexp" 25
"../../../Engine/Content/EngineResources/GradientTexture0.uasset" 26
"../../../Engine/Content/EngineResources/GradientTexture0.uexp" 27
"../../../Engine/Content/EngineResources/Black.uasset" 28
"../../../Engine/Content/EngineResources/Black.uexp" 29
"../../../Engine/Content/VREditor/LaserPointer/VR_LaserPower_01.ubulk" 30
"../../../Engine/Content/VREditor/LaserPointer/VR_LaserPower_01.uasset" 31
"../../../Engine/Content/VREditor/LaserPointer/VR_LaserPower_01.uexp" 32
"../../../Engine/Content/VREditor/TransformGizmo/TransformGizmoMaterial.uasset" 33
"../../../Engine/Content/VREditor/TransformGizmo/TransformGizmoMaterial.uexp" 34
"../../../Engine/Content/VREditor/TransformGizmo/TranslucentTransformGizmoMaterial.uasset" 35
"../../../Engine/Content/VREditor/TransformGizmo/TranslucentTransformGizmoMaterial.uexp" 36
"../../../Engine/Content/VREditor/TransformGizmo/PlaneTranslationHandle.ubulk" 37
"../../../Engine/Content/VREditor/TransformGizmo/PlaneTranslationHandle.uasset" 38
"../../../Engine/Content/VREditor/TransformGizmo/PlaneTranslationHandle.uexp" 39
"../../../Engine/Content/VREditor/TransformGizmo/BoundingBoxCorner.ubulk" 40
"../../../Engine/Content/VREditor/TransformGizmo/BoundingBoxCorner.uasset" 41
"../../../Engine/Content/VREditor/TransformGizmo/BoundingBoxCorner.uexp" 42
"../../../Engine/Content/VREditor/TransformGizmo/BoundingBoxEdge.ubulk" 43
"../../../Engine/Content/VREditor/TransformGizmo/BoundingBoxEdge.uasset" 44
"../../../Engine/Content/VREditor/TransformGizmo/BoundingBoxEdge.uexp" 45
"../../../Engine/Content/VREditor/TransformGizmo/Main.uasset" 46
"../../../Engine/Content/VREditor/TransformGizmo/Main.uexp" 47
"../../../Engine/Content/VREditor/TransformGizmo/Xray.uasset" 48
"../../../Engine/Content/VREditor/TransformGizmo/Xray.uexp" 49
"../../../Engine/Content/VREditor/TransformGizmo/SM_Sequencer_Node.ubulk" 50
"../../../Engine/Content/VREditor/TransformGizmo/SM_Sequencer_Node.uasset" 51
"../../../Engine/Content/VREditor/TransformGizmo/SM_Sequencer_Node.uexp" 52
"../../../Engine/Content/EditorMaterials/Camera/CineMat.uasset" 53
"../../../Engine/Content/EditorMaterials/Camera/CineMat.uexp" 54
"../../../Engine/Content/EditorMaterials/Camera/MI_CineMat_Rig.uasset" 55
"../../../Engine/Content/EditorMaterials/Camera/MI_CineMat_Rig.uexp" 56
"../../../Engine/Content/EditorMeshes/Camera/SM_CraneRig_Base.ubulk" 57
"../../../Engine/Content/EditorMeshes/Camera/SM_CraneRig_Base.uasset" 58
"../../../Engine/Content/EditorMeshes/Camera/SM_CraneRig_Base.uexp" 59
"../../../Engine/Content/EditorMeshes/Camera/SM_CraneRig_Arm.ubulk" 60
"../../../Engine/Content/EditorMeshes/Camera/SM_CraneRig_Arm.uasset" 61
"../../../Engine/Content/EditorMeshes/Camera/SM_CraneRig_Arm.uexp" 62
"../../../Engine/Content/EditorMeshes/Camera/SM_CraneRig_Mount.ubulk" 63
"../../../Engine/Content/EditorMeshes/Camera/SM_CraneRig_Mount.uasset" 64
"../../../Engine/Content/EditorMeshes/Camera/SM_CraneRig_Mount.uexp" 65
"../../../Engine/Content/EditorMeshes/Camera/SM_CraneRig_Body.ubulk" 66
"../../../Engine/Content/EditorMeshes/Camera/SM_CraneRig_Body.uasset" 67
"../../../Engine/Content/EditorMeshes/Camera/SM_CraneRig_Body.uexp" 68
"../../../Engine/Content/EditorMeshes/Camera/SM_RailRig_Track.ubulk" 69
"../../../Engine/Content/EditorMeshes/Camera/SM_RailRig_Track.uasset" 70
"../../../Engine/Content/EditorMeshes/Camera/SM_RailRig_Track.uexp" 71
"../../../Engine/Content/EditorMeshes/Camera/SM_RailRig_Mount.ubulk" 72
"../../../Engine/Content/EditorMeshes/Camera/SM_RailRig_Mount.uasset" 73
"../../../Engine/Content/EditorMeshes/Camera/SM_RailRig_Mount.uexp" 74
"../../../Engine/Content/EngineMaterials/T_Default_Material_Grid_M.ubulk" 75
"../../../Engine/Content/EngineMaterials/T_Default_Material_Grid_M.uasset" 76
"../../../Engine/Content/EngineMaterials/T_Default_Material_Grid_M.uexp" 77
"../../../Engine/Content/EngineMaterials/T_Default_Material_Grid_N.ubulk" 78
"../../../Engine/Content/EngineMaterials/T_Default_Material_Grid_N.uasset" 79
"../../../Engine/Content/EngineMaterials/T_Default_Material_Grid_N.uexp" 80
"../../../Engine/Content/Functions/Engine_MaterialFunctions01/Opacity/CameraDepthFade.uasset" 81
"../../../Engine/Content/Functions/Engine_MaterialFunctions01/Opacity/CameraDepthFade.uexp" 82
"../../../Engine/Content/EngineMaterials/WorldGridMaterial.uasset" 83
"../../../Engine/Content/EngineMaterials/WorldGridMaterial.uexp" 84
"../../../Engine/Content/ArtTools/RenderToTexture/Meshes/S_1_Unit_Plane.ubulk" 85
"../../../Engine/Content/ArtTools/RenderToTexture/Meshes/S_1_Unit_Plane.uasset" 86
"../../../Engine/Content/ArtTools/RenderToTexture/Meshes/S_1_Unit_Plane.uexp" 87
"../../../Engine/Content/EditorMaterials/ParticleSystems/PSysThumbnail_NoImage.ubulk" 88
"../../../Engine/Content/EditorMaterials/ParticleSystems/PSysThumbnail_NoImage.uasset" 89
"../../../Engine/Content/EditorMaterials/ParticleSystems/PSysThumbnail_NoImage.uexp" 90
"../../../Engine/Content/EditorMaterials/ParticleSystems/PSysThumbnail_OOD.ubulk" 91
"../../../Engine/Content/EditorMaterials/ParticleSystems/PSysThumbnail_OOD.uasset" 92
"../../../Engine/Content/EditorMaterials/ParticleSystems/PSysThumbnail_OOD.uexp" 93
"../../../Engine/Content/EditorLandscapeResources/SplineEditorMeshMat.uasset" 94
"../../../Engine/Content/EditorLandscapeResources/SplineEditorMeshMat.uexp" 95
"../../../Engine/Content/EditorLandscapeResources/SplineEditorMesh.ubulk" 96
"../../../Engine/Content/EditorLandscapeResources/SplineEditorMesh.uasset" 97
"../../../Engine/Content/EditorLandscapeResources/SplineEditorMesh.uexp" 98
"../../../Engine/Content/EditorResources/S_Solver.ubulk" 99
"../../../Engine/Content/EditorResources/S_Solver.uasset" 100
"../../../Engine/Content/EditorResources/S_Solver.uexp" 101
"../../../Engine/Plugins/Media/MediaPlate/Content/SM_MediaPlateScreen.ubulk" 102
"../../../Engine/Plugins/Media/MediaPlate/Content/SM_MediaPlateScreen.uasset" 103
"../../../Engine/Plugins/Media/MediaPlate/Content/SM_MediaPlateScreen.uexp" 104
"../../../Engine/Content/EngineMaterials/Good64x64TilingNoiseHighFreq.uasset" 105
"../../../Engine/Content/EngineMaterials/Good64x64TilingNoiseHighFreq.uexp" 106
"../../../Engine/Content/EngineMaterials/DefaultBokeh.uasset" 107
"../../../Engine/Content/EngineMaterials/DefaultBokeh.uexp" 108
"../../../Engine/Content/EngineMaterials/PreintegratedSkinBRDF.uasset" 109
"../../../Engine/Content/EngineMaterials/PreintegratedSkinBRDF.uexp" 110
"../../../Engine/Content/EngineMaterials/MiniFont.uasset" 111
"../../../Engine/Content/EngineMaterials/MiniFont.uexp" 112
"../../../Engine/Content/EngineMaterials/WeightMapPlaceholderTexture.uasset" 113
"../../../Engine/Content/EngineMaterials/WeightMapPlaceholderTexture.uexp" 114
"../../../Engine/Content/EngineMaterials/DefaultWhiteGrid.ubulk" 115
"../../../Engine/Content/EngineMaterials/DefaultWhiteGrid.uasset" 116
"../../../Engine/Content/EngineMaterials/DefaultWhiteGrid.uexp" 117
"../../../Engine/Plugins/2D/Paper2D/Content/PlaceholderTextures/DummySpriteTexture.ubulk" 118
"../../../Engine/Plugins/2D/Paper2D/Content/PlaceholderTextures/DummySpriteTexture.uasset" 119
"../../../Engine/Plugins/2D/Paper2D/Content/PlaceholderTextures/DummySpriteTexture.uexp" 120
"../../../Engine/Plugins/2D/Paper2D/Content/DefaultSpriteMaterial.uasset" 121
"../../../Engine/Plugins/2D/Paper2D/Content/DefaultSpriteMaterial.uexp" 122
"../../../Engine/Plugins/2D/Paper2D/Content/OpaqueUnlitSpriteMaterial.uasset" 123
"../../../Engine/Plugins/2D/Paper2D/Content/OpaqueUnlitSpriteMaterial.uexp" 124
"../../../Engine/Plugins/2D/Paper2D/Content/MaskedUnlitSpriteMaterial.uasset" 125
"../../../Engine/Plugins/2D/Paper2D/Content/MaskedUnlitSpriteMaterial.uexp" 126
"../../../Engine/Plugins/2D/Paper2D/Content/DummySprite.uasset" 127
"../../../Engine/Plugins/2D/Paper2D/Content/DummySprite.uexp" 128
"../../../Engine/Plugins/2D/Paper2D/Content/DefaultPaperTerrainMaterial.uasset" 129
"../../../Engine/Plugins/2D/Paper2D/Content/DefaultPaperTerrainMaterial.uexp" 130
"../../../Engine/Content/Functions/Engine_MaterialFunctions02/WorldPositionOffset/CameraOffset.uasset" 131
"../../../Engine/Content/Functions/Engine_MaterialFunctions02/WorldPositionOffset/CameraOffset.uexp" 132
"../../../Engine/Plugins/Animation/ControlRig/Content/M_Manip.uasset" 133
"../../../Engine/Plugins/Animation/ControlRig/Content/M_Manip.uexp" 134
"../../../Engine/Plugins/Runtime/MeshModelingToolset/Content/Materials/M_DynamicMeshComponentVtxColor.uasset" 135
"../../../Engine/Plugins/Runtime/MeshModelingToolset/Content/Materials/M_DynamicMeshComponentVtxColor.uexp" 136
"../../../Engine/Plugins/Interchange/Runtime/Content/Pipelines/DefaultTexturePipeline.uasset" 137
"../../../Engine/Plugins/Interchange/Runtime/Content/Pipelines/DefaultTexturePipeline.uexp" 138
"../../../Engine/Plugins/Interchange/Runtime/Content/Pipelines/DefaultSceneLevelPipeline.uasset" 139
"../../../Engine/Plugins/Interchange/Runtime/Content/Pipelines/DefaultSceneLevelPipeline.uexp" 140
"../../../Engine/Plugins/Interchange/Runtime/Content/Pipelines/DefaultSceneAssetsPipeline.uasset" 141
"../../../Engine/Plugins/Interchange/Runtime/Content/Pipelines/DefaultSceneAssetsPipeline.uexp" 142
"../../../Engine/Plugins/Interchange/Runtime/Content/Pipelines/DefaultMaterialPipeline.uasset" 143
"../../../Engine/Plugins/Interchange/Runtime/Content/Pipelines/DefaultMaterialPipeline.uexp" 144
"../../../Engine/Plugins/Interchange/Runtime/Content/Pipelines/DefaultAssetsPipeline.uasset" 145
"../../../Engine/Plugins/Interchange/Runtime/Content/Pipelines/DefaultAssetsPipeline.uexp" 146
"../../../Engine/Plugins/Editor/SpeedTreeImporter/Content/SpeedTree9/game_wind_noise.ubulk" 147
"../../../Engine/Plugins/Editor/SpeedTreeImporter/Content/SpeedTree9/game_wind_noise.uasset" 148
"../../../Engine/Plugins/Editor/SpeedTreeImporter/Content/SpeedTree9/game_wind_noise.uexp" 149
"../../../Engine/Plugins/Editor/SpeedTreeImporter/Content/SpeedTree9/UnpackDirection.uasset" 150
"../../../Engine/Plugins/Editor/SpeedTreeImporter/Content/SpeedTree9/UnpackDirection.uexp" 151
"../../../Engine/Content/Functions/Engine_MaterialFunctions02/ObjectLocalBounds.uasset" 152
"../../../Engine/Content/Functions/Engine_MaterialFunctions02/ObjectLocalBounds.uexp" 153
"../../../Engine/Content/Functions/Engine_MaterialFunctions02/Utility/BreakOutFloat3Components.uasset" 154
"../../../Engine/Content/Functions/Engine_MaterialFunctions02/Utility/BreakOutFloat3Components.uexp" 155
"../../../Engine/Content/Functions/Engine_MaterialFunctions02/UVs/BoundingBoxBased_0-1_UVW.uasset" 156
"../../../Engine/Content/Functions/Engine_MaterialFunctions02/UVs/BoundingBoxBased_0-1_UVW.uexp" 157
"../../../Engine/Content/Functions/Engine_MaterialFunctions02/Utility/VectorLength.uasset" 158
"../../../Engine/Content/Functions/Engine_MaterialFunctions02/Utility/VectorLength.uexp" 159
"../../../Engine/Plugins/Editor/SpeedTreeImporter/Content/SpeedTree9/UnpackInteger3.uasset" 160
"../../../Engine/Plugins/Editor/SpeedTreeImporter/Content/SpeedTree9/UnpackInteger3.uexp" 161
"../../../Engine/Plugins/Editor/SpeedTreeImporter/Content/SpeedTree9/SpeedTreeCameraFacing.uasset" 162
"../../../Engine/Plugins/Editor/SpeedTreeImporter/Content/SpeedTree9/SpeedTreeCameraFacing.uexp" 163
"../../../Engine/Content/Functions/Engine_MaterialFunctions02/WorldPositionOffset/ObjectScale.uasset" 164
"../../../Engine/Content/Functions/Engine_MaterialFunctions02/WorldPositionOffset/ObjectScale.uexp" 165
"../../../Engine/Content/Functions/Engine_MaterialFunctions02/SafeNormalize.uasset" 166
"../../../Engine/Content/Functions/Engine_MaterialFunctions02/SafeNormalize.uexp" 167
"../../../Engine/Plugins/Editor/SpeedTreeImporter/Content/SpeedTree9/SpeedTreeWindMotion.uasset" 168
"../../../Engine/Plugins/Editor/SpeedTreeImporter/Content/SpeedTree9/SpeedTreeWindMotion.uexp" 169
"../../../Engine/Plugins/Editor/SpeedTreeImporter/Content/SpeedTree9/SpeedTreeBranchMotion.uasset" 170
"../../../Engine/Plugins/Editor/SpeedTreeImporter/Content/SpeedTree9/SpeedTreeBranchMotion.uexp" 171
"../../../Engine/Plugins/Editor/SpeedTreeImporter/Content/SpeedTree9/SpeedTreeWind.uasset" 172
"../../../Engine/Plugins/Editor/SpeedTreeImporter/Content/SpeedTree9/SpeedTreeWind.uexp" 173
"../../../Engine/Plugins/Editor/SpeedTreeImporter/Content/SpeedTree9/EmptyNormal.uasset" 174
"../../../Engine/Plugins/Editor/SpeedTreeImporter/Content/SpeedTree9/EmptyNormal.uexp" 175
"../../../Engine/Plugins/Editor/SpeedTreeImporter/Content/SpeedTree9/Empty.uasset" 176
"../../../Engine/Plugins/Editor/SpeedTreeImporter/Content/SpeedTree9/Empty.uexp" 177
"../../../Engine/Plugins/Editor/SpeedTreeImporter/Content/SpeedTree9/SpeedTreeMaster.uasset" 178
"../../../Engine/Plugins/Editor/SpeedTreeImporter/Content/SpeedTree9/SpeedTreeMaster.uexp" 179
"../../../Engine/Plugins/Editor/SpeedTreeImporter/Content/SpeedTree9/SpeedTreeBillboard.uasset" 180
"../../../Engine/Plugins/Editor/SpeedTreeImporter/Content/SpeedTree9/SpeedTreeBillboard.uexp" 181
"../../../Engine/Plugins/Editor/SpeedTreeImporter/Content/SpeedTree9/SpeedTreeBillboardMaster.uasset" 182
"../../../Engine/Plugins/Editor/SpeedTreeImporter/Content/SpeedTree9/SpeedTreeBillboardMaster.uexp" 183
"../../../Engine/Plugins/Animation/ControlRig/Content/Controls/DefaultGizmoLibraryNormalized.uasset" 184
"../../../Engine/Plugins/Animation/ControlRig/Content/Controls/DefaultGizmoLibraryNormalized.uexp" 185
"../../../Engine/Plugins/Animation/ControlRig/Content/Controls/ControlRig_Wedge_solid.ubulk" 186
"../../../Engine/Plugins/Animation/ControlRig/Content/Controls/ControlRig_Wedge_solid.uasset" 187
"../../../Engine/Plugins/Animation/ControlRig/Content/Controls/ControlRig_Wedge_solid.uexp" 188
"../../../Engine/Plugins/Animation/ControlRig/Content/Controls/ControlRig_Wedge_3mm.ubulk" 189
"../../../Engine/Plugins/Animation/ControlRig/Content/Controls/ControlRig_Wedge_3mm.uasset" 190
"../../../Engine/Plugins/Animation/ControlRig/Content/Controls/ControlRig_Wedge_3mm.uexp" 191
"../../../Engine/Plugins/Animation/ControlRig/Content/Controls/ControlRig_Wedge_1mm.ubulk" 192
"../../../Engine/Plugins/Animation/ControlRig/Content/Controls/ControlRig_Wedge_1mm.uasset" 193
"../../../Engine/Plugins/Animation/ControlRig/Content/Controls/ControlRig_Wedge_1mm.uexp" 194
"../../../Engine/Plugins/Animation/ControlRig/Content/Controls/ControlRig_Triangle_solid.ubulk" 195
"../../../Engine/Plugins/Animation/ControlRig/Content/Controls/ControlRig_Triangle_solid.uasset" 196
"../../../Engine/Plugins/Animation/ControlRig/Content/Controls/ControlRig_Triangle_solid.uexp" 197
"../../../Engine/Plugins/Animation/ControlRig/Content/Controls/ControlRig_Triangle_3mm.ubulk" 198
"../../../Engine/Plugins/Animation/ControlRig/Content/Controls/ControlRig_Triangle_3mm.uasset" 199
"../../../Engine/Plugins/Animation/ControlRig/Content/Controls/ControlRig_Triangle_3mm.uexp" 200
"../../../Engine/Plugins/Animation/ControlRig/Content/Controls/ControlRig_Triangle_1mm.ubulk" 201
"../../../Engine/Plugins/Animation/ControlRig/Content/Controls/ControlRig_Triangle_1mm.uasset" 202
"../../../Engine/Plugins/Animation/ControlRig/Content/Controls/ControlRig_Triangle_1mm.uexp" 203
"../../../Engine/Plugins/Animation/ControlRig/Content/Controls/ControlRig_Star4_solid.ubulk" 204
"../../../Engine/Plugins/Animation/ControlRig/Content/Controls/ControlRig_Star4_solid.uasset" 205
"../../../Engine/Plugins/Animation/ControlRig/Content/Controls/ControlRig_Star4_solid.uexp" 206
"../../../Engine/Plugins/Animation/ControlRig/Content/Controls/ControlRig_Star4_3mm.ubulk" 207
"../../../Engine/Plugins/Animation/ControlRig/Content/Controls/ControlRig_Star4_3mm.uasset" 208
"../../../Engine/Plugins/Animation/ControlRig/Content/Controls/ControlRig_Star4_3mm.uexp" 209
"../../../Engine/Plugins/Animation/ControlRig/Content/Controls/ControlRig_Star4_1mm.ubulk" 210
"../../../Engine/Plugins/Animation/ControlRig/Content/Controls/ControlRig_Star4_1mm.uasset" 211
"../../../Engine/Plugins/Animation/ControlRig/Content/Controls/ControlRig_Star4_1mm.uexp" 212
"../../../Engine/Plugins/Animation/ControlRig/Content/Controls/ControlRig_Square_solid.ubulk" 213
"../../../Engine/Plugins/Animation/ControlRig/Content/Controls/ControlRig_Square_solid.uasset" 214
"../../../Engine/Plugins/Animation/ControlRig/Content/Controls/ControlRig_Square_solid.uexp" 215
"../../../Engine/Plugins/Animation/ControlRig/Content/Controls/ControlRig_Square_3mm.ubulk" 216
"../../../Engine/Plugins/Animation/ControlRig/Content/Controls/ControlRig_Square_3mm.uasset" 217
"../../../Engine/Plugins/Animation/ControlRig/Content/Controls/ControlRig_Square_3mm.uexp" 218
"../../../Engine/Plugins/Animation/ControlRig/Content/Controls/ControlRig_Square_1mm.ubulk" 219
"../../../Engine/Plugins/Animation/ControlRig/Content/Controls/ControlRig_Square_1mm.uasset" 220
"../../../Engine/Plugins/Animation/ControlRig/Content/Controls/ControlRig_Square_1mm.uexp" 221
"../../../Engine/Plugins/Animation/ControlRig/Content/Controls/ControlRig_Sphere_solid.ubulk" 222
"../../../Engine/Plugins/Animation/ControlRig/Content/Controls/ControlRig_Sphere_solid.uasset" 223
"../../../Engine/Plugins/Animation/ControlRig/Content/Controls/ControlRig_Sphere_solid.uexp" 224
"../../../Engine/Plugins/Animation/ControlRig/Content/Controls/ControlRig_Sphere_3mm.ubulk" 225
"../../../Engine/Plugins/Animation/ControlRig/Content/Controls/ControlRig_Sphere_3mm.uasset" 226
"../../../Engine/Plugins/Animation/ControlRig/Content/Controls/ControlRig_Sphere_3mm.uexp" 227
"../../../Engine/Plugins/Animation/ControlRig/Content/Controls/ControlRig_Sphere_1mm.ubulk" 228
"../../../Engine/Plugins/Animation/ControlRig/Content/Controls/ControlRig_Sphere_1mm.uasset" 229
"../../../Engine/Plugins/Animation/ControlRig/Content/Controls/ControlRig_Sphere_1mm.uexp" 230
"../../../Engine/Plugins/Animation/ControlRig/Content/Controls/ControlRig_RoundedTriangle_solid.ubulk" 231
"../../../Engine/Plugins/Animation/ControlRig/Content/Controls/ControlRig_RoundedTriangle_solid.uasset" 232
"../../../Engine/Plugins/Animation/ControlRig/Content/Controls/ControlRig_RoundedTriangle_solid.uexp" 233
"../../../Engine/Plugins/Animation/ControlRig/Content/Controls/ControlRig_RoundedTriangle_3mm.ubulk" 234
"../../../Engine/Plugins/Animation/ControlRig/Content/Controls/ControlRig_RoundedTriangle_3mm.uasset" 235
"../../../Engine/Plugins/Animation/ControlRig/Content/Controls/ControlRig_RoundedTriangle_3mm.uexp" 236
"../../../Engine/Plugins/Animation/ControlRig/Content/Controls/ControlRig_RoundedTriangle_1mm.ubulk" 237
"../../../Engine/Plugins/Animation/ControlRig/Content/Controls/ControlRig_RoundedTriangle_1mm.uasset" 238
"../../../Engine/Plugins/Animation/ControlRig/Content/Controls/ControlRig_RoundedTriangle_1mm.uexp" 239
"../../../Engine/Plugins/Animation/ControlRig/Content/Controls/ControlRig_RoundedSquare_solid.ubulk" 240
"../../../Engine/Plugins/Animation/ControlRig/Content/Controls/ControlRig_RoundedSquare_solid.uasset" 241
"../../../Engine/Plugins/Animation/ControlRig/Content/Controls/ControlRig_RoundedSquare_solid.uexp" 242
"../../../Engine/Plugins/Animation/ControlRig/Content/Controls/ControlRig_RoundedSquare_3mm.ubulk" 243
"../../../Engine/Plugins/Animation/ControlRig/Content/Controls/ControlRig_RoundedSquare_3mm.uasset" 244
"../../../Engine/Plugins/Animation/ControlRig/Content/Controls/ControlRig_RoundedSquare_3mm.uexp" 245
"../../../Engine/Plugins/Animation/ControlRig/Content/Controls/ControlRig_RoundedSquare_1mm.ubulk" 246
"../../../Engine/Plugins/Animation/ControlRig/Content/Controls/ControlRig_RoundedSquare_1mm.uasset" 247
"../../../Engine/Plugins/Animation/ControlRig/Content/Controls/ControlRig_RoundedSquare_1mm.uexp" 248
"../../../Engine/Plugins/Animation/ControlRig/Content/Controls/ControlRig_QuarterCircle_solid.ubulk" 249
"../../../Engine/Plugins/Animation/ControlRig/Content/Controls/ControlRig_QuarterCircle_solid.uasset" 250
"../../../Engine/Plugins/Animation/ControlRig/Content/Controls/ControlRig_QuarterCircle_solid.uexp" 251
"../../../Engine/Plugins/Animation/ControlRig/Content/Controls/ControlRig_QuarterCircle_3mm.ubulk" 252
"../../../Engine/Plugins/Animation/ControlRig/Content/Controls/ControlRig_QuarterCircle_3mm.uasset" 253
"../../../Engine/Plugins/Animation/ControlRig/Content/Controls/ControlRig_QuarterCircle_3mm.uexp" 254
"../../../Engine/Plugins/Animation/ControlRig/Content/Controls/ControlRig_QuarterCircle_1mm.ubulk" 255
"../../../Engine/Plugins/Animation/ControlRig/Content/Controls/ControlRig_QuarterCircle_1mm.uasset" 256
"../../../Engine/Plugins/Animation/ControlRig/Content/Controls/ControlRig_QuarterCircle_1mm.uexp" 257
"../../../Engine/Plugins/Animation/ControlRig/Content/Controls/ControlRig_Pyramid_solid.ubulk" 258
"../../../Engine/Plugins/Animation/ControlRig/Content/Controls/ControlRig_Pyramid_solid.uasset" 259
"../../../Engine/Plugins/Animation/ControlRig/Content/Controls/ControlRig_Pyramid_solid.uexp" 260
"../../../Engine/Plugins/Animation/ControlRig/Content/Controls/ControlRig_Pyramid_3mm.ubulk" 261
"../../../Engine/Plugins/Animation/ControlRig/Content/Controls/ControlRig_Pyramid_3mm.uasset" 262
"../../../Engine/Plugins/Animation/ControlRig/Content/Controls/ControlRig_Pyramid_3mm.uexp" 263
"../../../Engine/Plugins/Animation/ControlRig/Content/Controls/ControlRig_Pyramid_1mm.ubulk" 264
"../../../Engine/Plugins/Animation/ControlRig/Content/Controls/ControlRig_Pyramid_1mm.uasset" 265
"../../../Engine/Plugins/Animation/ControlRig/Content/Controls/ControlRig_Pyramid_1mm.uexp" 266
"../../../Engine/Plugins/Animation/ControlRig/Content/Controls/ControlRig_Octagon_solid.ubulk" 267
"../../../Engine/Plugins/Animation/ControlRig/Content/Controls/ControlRig_Octagon_solid.uasset" 268
"../../../Engine/Plugins/Animation/ControlRig/Content/Controls/ControlRig_Octagon_solid.uexp" 269
"../../../Engine/Plugins/Animation/ControlRig/Content/Controls/ControlRig_Octagon_3mm.ubulk" 270
"../../../Engine/Plugins/Animation/ControlRig/Content/Controls/ControlRig_Octagon_3mm.uasset" 271
"../../../Engine/Plugins/Animation/ControlRig/Content/Controls/ControlRig_Octagon_3mm.uexp" 272
"../../../Engine/Plugins/Animation/ControlRig/Content/Controls/ControlRig_Octagon_1mm.ubulk" 273
"../../../Engine/Plugins/Animation/ControlRig/Content/Controls/ControlRig_Octagon_1mm.uasset" 274
"../../../Engine/Plugins/Animation/ControlRig/Content/Controls/ControlRig_Octagon_1mm.uexp" 275
"../../../Engine/Plugins/Animation/ControlRig/Content/Controls/ControlRig_Hexagon_solid.ubulk" 276
"../../../Engine/Plugins/Animation/ControlRig/Content/Controls/ControlRig_Hexagon_solid.uasset" 277
"../../../Engine/Plugins/Animation/ControlRig/Content/Controls/ControlRig_Hexagon_solid.uexp" 278
"../../../Engine/Plugins/Animation/ControlRig/Content/Controls/ControlRig_Hexagon_3mm.ubulk" 279
"../../../Engine/Plugins/Animation/ControlRig/Content/Controls/ControlRig_Hexagon_3mm.uasset" 280
"../../../Engine/Plugins/Animation/ControlRig/Content/Controls/ControlRig_Hexagon_3mm.uexp" 281
"../../../Engine/Plugins/Animation/ControlRig/Content/Controls/ControlRig_Hexagon_1mm.ubulk" 282
"../../../Engine/Plugins/Animation/ControlRig/Content/Controls/ControlRig_Hexagon_1mm.uasset" 283
"../../../Engine/Plugins/Animation/ControlRig/Content/Controls/ControlRig_Hexagon_1mm.uexp" 284
"../../../Engine/Plugins/Animation/ControlRig/Content/Controls/ControlRig_HalfCircle_solid.ubulk" 285
"../../../Engine/Plugins/Animation/ControlRig/Content/Controls/ControlRig_HalfCircle_solid.uasset" 286
"../../../Engine/Plugins/Animation/ControlRig/Content/Controls/ControlRig_HalfCircle_solid.uexp" 287
"../../../Engine/Plugins/Animation/ControlRig/Content/Controls/ControlRig_HalfCircle_3mm.ubulk" 288
"../../../Engine/Plugins/Animation/ControlRig/Content/Controls/ControlRig_HalfCircle_3mm.uasset" 289
"../../../Engine/Plugins/Animation/ControlRig/Content/Controls/ControlRig_HalfCircle_3mm.uexp" 290
"../../../Engine/Plugins/Animation/ControlRig/Content/Controls/ControlRig_HalfCircle_1mm.ubulk" 291
"../../../Engine/Plugins/Animation/ControlRig/Content/Controls/ControlRig_HalfCircle_1mm.uasset" 292
"../../../Engine/Plugins/Animation/ControlRig/Content/Controls/ControlRig_HalfCircle_1mm.uexp" 293
"../../../Engine/Plugins/Animation/ControlRig/Content/Controls/ControlRig_Diamond_solid.ubulk" 294
"../../../Engine/Plugins/Animation/ControlRig/Content/Controls/ControlRig_Diamond_solid.uasset" 295
"../../../Engine/Plugins/Animation/ControlRig/Content/Controls/ControlRig_Diamond_solid.uexp" 296
"../../../Engine/Plugins/Animation/ControlRig/Content/Controls/ControlRig_Diamond_3mm.ubulk" 297
"../../../Engine/Plugins/Animation/ControlRig/Content/Controls/ControlRig_Diamond_3mm.uasset" 298
"../../../Engine/Plugins/Animation/ControlRig/Content/Controls/ControlRig_Diamond_3mm.uexp" 299
"../../../Engine/Plugins/Animation/ControlRig/Content/Controls/ControlRig_Diamond_1mm.ubulk" 300
"../../../Engine/Plugins/Animation/ControlRig/Content/Controls/ControlRig_Diamond_1mm.uasset" 301
"../../../Engine/Plugins/Animation/ControlRig/Content/Controls/ControlRig_Diamond_1mm.uexp" 302
"../../../Engine/Plugins/Animation/ControlRig/Content/Controls/ControlRig_Circle_solid.ubulk" 303
"../../../Engine/Plugins/Animation/ControlRig/Content/Controls/ControlRig_Circle_solid.uasset" 304
"../../../Engine/Plugins/Animation/ControlRig/Content/Controls/ControlRig_Circle_solid.uexp" 305
"../../../Engine/Plugins/Animation/ControlRig/Content/Controls/ControlRig_Circle_3mm.ubulk" 306
"../../../Engine/Plugins/Animation/ControlRig/Content/Controls/ControlRig_Circle_3mm.uasset" 307
"../../../Engine/Plugins/Animation/ControlRig/Content/Controls/ControlRig_Circle_3mm.uexp" 308
"../../../Engine/Plugins/Animation/ControlRig/Content/Controls/ControlRig_Circle_1mm.ubulk" 309
"../../../Engine/Plugins/Animation/ControlRig/Content/Controls/ControlRig_Circle_1mm.uasset" 310
"../../../Engine/Plugins/Animation/ControlRig/Content/Controls/ControlRig_Circle_1mm.uexp" 311
"../../../Engine/Plugins/Animation/ControlRig/Content/Controls/ControlRig_Box_solid.ubulk" 312
"../../../Engine/Plugins/Animation/ControlRig/Content/Controls/ControlRig_Box_solid.uasset" 313
"../../../Engine/Plugins/Animation/ControlRig/Content/Controls/ControlRig_Box_solid.uexp" 314
"../../../Engine/Plugins/Animation/ControlRig/Content/Controls/ControlRig_Box_3mm.ubulk" 315
"../../../Engine/Plugins/Animation/ControlRig/Content/Controls/ControlRig_Box_3mm.uasset" 316
"../../../Engine/Plugins/Animation/ControlRig/Content/Controls/ControlRig_Box_3mm.uexp" 317
"../../../Engine/Plugins/Animation/ControlRig/Content/Controls/ControlRig_Box_1mm.ubulk" 318
"../../../Engine/Plugins/Animation/ControlRig/Content/Controls/ControlRig_Box_1mm.uasset" 319
"../../../Engine/Plugins/Animation/ControlRig/Content/Controls/ControlRig_Box_1mm.uexp" 320
"../../../Engine/Plugins/Animation/ControlRig/Content/Controls/ControlRig_Arrow_solid.ubulk" 321
"../../../Engine/Plugins/Animation/ControlRig/Content/Controls/ControlRig_Arrow_solid.uasset" 322
"../../../Engine/Plugins/Animation/ControlRig/Content/Controls/ControlRig_Arrow_solid.uexp" 323
"../../../Engine/Plugins/Animation/ControlRig/Content/Controls/ControlRig_Arrow_3mm.ubulk" 324
"../../../Engine/Plugins/Animation/ControlRig/Content/Controls/ControlRig_Arrow_3mm.uasset" 325
"../../../Engine/Plugins/Animation/ControlRig/Content/Controls/ControlRig_Arrow_3mm.uexp" 326
"../../../Engine/Plugins/Animation/ControlRig/Content/Controls/ControlRig_Arrow_1mm.ubulk" 327
"../../../Engine/Plugins/Animation/ControlRig/Content/Controls/ControlRig_Arrow_1mm.uasset" 328
"../../../Engine/Plugins/Animation/ControlRig/Content/Controls/ControlRig_Arrow_1mm.uexp" 329
"../../../Engine/Plugins/Animation/ControlRig/Content/Controls/ControlRig_Arrow4_solid.ubulk" 330
"../../../Engine/Plugins/Animation/ControlRig/Content/Controls/ControlRig_Arrow4_solid.uasset" 331
"../../../Engine/Plugins/Animation/ControlRig/Content/Controls/ControlRig_Arrow4_solid.uexp" 332
"../../../Engine/Plugins/Animation/ControlRig/Content/Controls/ControlRig_Arrow4_3mm.ubulk" 333
"../../../Engine/Plugins/Animation/ControlRig/Content/Controls/ControlRig_Arrow4_3mm.uasset" 334
"../../../Engine/Plugins/Animation/ControlRig/Content/Controls/ControlRig_Arrow4_3mm.uexp" 335
"../../../Engine/Plugins/Animation/ControlRig/Content/Controls/ControlRig_Arrow4_1mm.ubulk" 336
"../../../Engine/Plugins/Animation/ControlRig/Content/Controls/ControlRig_Arrow4_1mm.uasset" 337
"../../../Engine/Plugins/Animation/ControlRig/Content/Controls/ControlRig_Arrow4_1mm.uexp" 338
"../../../Engine/Plugins/Animation/ControlRig/Content/Controls/ControlRig_Arrow2_solid.ubulk" 339
"../../../Engine/Plugins/Animation/ControlRig/Content/Controls/ControlRig_Arrow2_solid.uasset" 340
"../../../Engine/Plugins/Animation/ControlRig/Content/Controls/ControlRig_Arrow2_solid.uexp" 341
"../../../Engine/Plugins/Animation/ControlRig/Content/Controls/ControlRig_Arrow2_3mm.ubulk" 342
"../../../Engine/Plugins/Animation/ControlRig/Content/Controls/ControlRig_Arrow2_3mm.uasset" 343
"../../../Engine/Plugins/Animation/ControlRig/Content/Controls/ControlRig_Arrow2_3mm.uexp" 344
"../../../Engine/Plugins/Animation/ControlRig/Content/Controls/ControlRig_Arrow2_1mm.ubulk" 345
"../../../Engine/Plugins/Animation/ControlRig/Content/Controls/ControlRig_Arrow2_1mm.uasset" 346
"../../../Engine/Plugins/Animation/ControlRig/Content/Controls/ControlRig_Arrow2_1mm.uexp" 347
"../../../Engine/Plugins/Animation/ControlRig/Content/Controls/ControlRigXRayMaterial.uasset" 348
"../../../Engine/Plugins/Animation/ControlRig/Content/Controls/ControlRigXRayMaterial.uexp" 349
"../../../Engine/Plugins/Animation/ControlRig/Content/Controls/ControlRigGizmoMaterial.uasset" 350
"../../../Engine/Plugins/Animation/ControlRig/Content/Controls/ControlRigGizmoMaterial.uexp" 351
"../../../Engine/Content/EngineSounds/Master.uasset" 352
"../../../Engine/Content/EngineSounds/Master.uexp" 353
"../../../Engine/Content/EngineResources/WhiteSquareTexture.uasset" 354
"../../../Engine/Content/EngineResources/WhiteSquareTexture.uexp" 355
"../../../Engine/Content/EngineMaterials/Widget3DPassThrough.uasset" 356
"../../../Engine/Content/EngineMaterials/Widget3DPassThrough.uexp" 357
"../../../Engine/Content/EngineMaterials/Widget3DPassThrough_Translucent.uasset" 358
"../../../Engine/Content/EngineMaterials/Widget3DPassThrough_Translucent.uexp" 359
"../../../Engine/Content/EngineMaterials/Widget3DPassThrough_Translucent_OneSided.uasset" 360
"../../../Engine/Content/EngineMaterials/Widget3DPassThrough_Translucent_OneSided.uexp" 361
"../../../Engine/Content/EngineMaterials/Widget3DPassThrough_Opaque.uasset" 362
"../../../Engine/Content/EngineMaterials/Widget3DPassThrough_Opaque.uexp" 363
"../../../Engine/Content/EngineMaterials/Widget3DPassThrough_Opaque_OneSided.uasset" 364
"../../../Engine/Content/EngineMaterials/Widget3DPassThrough_Opaque_OneSided.uexp" 365
"../../../Engine/Content/EngineMaterials/Widget3DPassThrough_Masked_OneSided.uasset" 366
"../../../Engine/Content/EngineMaterials/Widget3DPassThrough_Masked_OneSided.uexp" 367
"../../../Engine/Content/EngineMaterials/Widget3DPassThrough_Masked.uasset" 368
"../../../Engine/Content/EngineMaterials/Widget3DPassThrough_Masked.uexp" 369
"../../../Engine/Content/EngineMaterials/STBlueNoise_vec2_128x128x64.uasset" 370
"../../../Engine/Content/EngineMaterials/STBlueNoise_vec2_128x128x64.uexp" 371
"../../../Engine/Content/EngineMaterials/STBlueNoise_scalar_128x128x64.uasset" 372
"../../../Engine/Content/EngineMaterials/STBlueNoise_scalar_128x128x64.uexp" 373
"../../../Engine/Content/EngineMaterials/RemoveSurfaceMaterial.uasset" 374
"../../../Engine/Content/EngineMaterials/RemoveSurfaceMaterial.uexp" 375
"../../../Engine/Content/EngineMaterials/DefaultCalibrationGrayscale.uasset" 376
"../../../Engine/Content/EngineMaterials/DefaultCalibrationGrayscale.uexp" 377
"../../../Engine/Content/EngineMaterials/PPM_DefaultCalibrationGrayscale.uasset" 378
"../../../Engine/Content/EngineMaterials/PPM_DefaultCalibrationGrayscale.uexp" 379
"../../../Engine/Content/EngineMaterials/DefaultCalibrationColor.uasset" 380
"../../../Engine/Content/EngineMaterials/DefaultCalibrationColor.uexp" 381
"../../../Engine/Content/EngineMaterials/PPM_DefaultCalibrationColor.uasset" 382
"../../../Engine/Content/EngineMaterials/PPM_DefaultCalibrationColor.uexp" 383
"../../../Engine/Content/EngineMaterials/PhAT_JointLimitMaterial.uasset" 384
"../../../Engine/Content/EngineMaterials/PhAT_JointLimitMaterial.uexp" 385
"../../../Engine/Content/EngineMaterials/NaniteHiddenSectionMaterial.uasset" 386
"../../../Engine/Content/EngineMaterials/NaniteHiddenSectionMaterial.uexp" 387
"../../../Engine/Content/EngineMaterials/InvalidLightmapSettings.ubulk" 388
"../../../Engine/Content/EngineMaterials/InvalidLightmapSettings.uasset" 389
"../../../Engine/Content/EngineMaterials/InvalidLightmapSettings.uexp" 390
"../../../Engine/Content/EngineMaterials/M_InvalidLightmapSettings.uasset" 391
"../../../Engine/Content/EngineMaterials/M_InvalidLightmapSettings.uexp" 392
"../../../Engine/Content/EngineMaterials/GizmoMaterial.uasset" 393
"../../../Engine/Content/EngineMaterials/GizmoMaterial.uexp" 394
"../../../Engine/Content/EngineMaterials/BaseFlattenEmissiveMap_VT.uasset" 395
"../../../Engine/Content/EngineMaterials/BaseFlattenEmissiveMap_VT.uexp" 396
"../../../Engine/Content/EngineMaterials/BaseFlattenGrayscaleMap_VT.uasset" 397
"../../../Engine/Content/EngineMaterials/BaseFlattenGrayscaleMap_VT.uexp" 398
"../../../Engine/Content/EngineMaterials/BaseFlattenLinearColor_VT.uasset" 399
"../../../Engine/Content/EngineMaterials/BaseFlattenLinearColor_VT.uexp" 400
"../../../Engine/Content/EngineMaterials/Black_1x1_EXR_Texture_VT.uasset" 401
"../../../Engine/Content/EngineMaterials/Black_1x1_EXR_Texture_VT.uexp" 402
"../../../Engine/Content/EngineMaterials/BaseFlattenDiffuseMap_VT.uasset" 403
"../../../Engine/Content/EngineMaterials/BaseFlattenDiffuseMap_VT.uexp" 404
"../../../Engine/Content/EngineMaterials/BaseFlattenNormalMap_VT.uasset" 405
"../../../Engine/Content/EngineMaterials/BaseFlattenNormalMap_VT.uexp" 406
"../../../Engine/Content/EngineMaterials/FlattenMaterial_WS_Normal_VT.uasset" 407
"../../../Engine/Content/EngineMaterials/FlattenMaterial_WS_Normal_VT.uexp" 408
"../../../Engine/Content/EngineMaterials/FlattenMaterial_VT.uasset" 409
"../../../Engine/Content/EngineMaterials/FlattenMaterial_VT.uexp" 410
"../../../Engine/Content/EngineMaterials/BaseFlattenNormalMap.uasset" 411
"../../../Engine/Content/EngineMaterials/BaseFlattenNormalMap.uexp" 412
"../../../Engine/Content/EngineMaterials/BaseFlattenGrayscaleMap.uasset" 413
"../../../Engine/Content/EngineMaterials/BaseFlattenGrayscaleMap.uexp" 414
"../../../Engine/Content/EngineMaterials/BaseFlattenDiffuseMap.uasset" 415
"../../../Engine/Content/EngineMaterials/BaseFlattenDiffuseMap.uexp" 416
"../../../Engine/Content/Functions/Engine_MaterialFunctions02/PivotPainter2/Black_1x1_EXR_Texture.uasset" 417
"../../../Engine/Content/Functions/Engine_MaterialFunctions02/PivotPainter2/Black_1x1_EXR_Texture.uexp" 418
"../../../Engine/Content/EngineMaterials/BaseFlattenEmissiveMap.uasset" 419
"../../../Engine/Content/EngineMaterials/BaseFlattenEmissiveMap.uexp" 420
"../../../Engine/Content/EngineMaterials/BaseFlattenLinearColor.uasset" 421
"../../../Engine/Content/EngineMaterials/BaseFlattenLinearColor.uexp" 422
"../../../Engine/Content/EngineMaterials/FlattenMaterial.uasset" 423
"../../../Engine/Content/EngineMaterials/FlattenMaterial.uexp" 424
"../../../Engine/Content/EngineMaterials/DefaultWhiteGrid_Low.uasset" 425
"../../../Engine/Content/EngineMaterials/DefaultWhiteGrid_Low.uexp" 426
"../../../Engine/Content/EngineMaterials/EmissiveMeshMaterial.uasset" 427
"../../../Engine/Content/EngineMaterials/EmissiveMeshMaterial.uexp" 428
"../../../Engine/Content/EngineFonts/RobotoDistanceField.uasset" 429
"../../../Engine/Content/EngineFonts/RobotoDistanceField.uexp" 430
"../../../Engine/Content/EngineMaterials/DefaultTextMaterialOpaque.uasset" 431
"../../../Engine/Content/EngineMaterials/DefaultTextMaterialOpaque.uexp" 432
"../../../Engine/Content/EngineMaterials/DefaultDiffuse.ubulk" 433
"../../../Engine/Content/EngineMaterials/DefaultDiffuse.uasset" 434
"../../../Engine/Content/EngineMaterials/DefaultDiffuse.uexp" 435
"../../../Engine/Content/Functions/Engine_MaterialFunctions02/Utility/BreakOutFloat2Components.uasset" 436
"../../../Engine/Content/Functions/Engine_MaterialFunctions02/Utility/BreakOutFloat2Components.uexp" 437
"../../../Engine/Content/EngineMaterials/DefaultPostProcessMaterial.uasset" 438
"../../../Engine/Content/EngineMaterials/DefaultPostProcessMaterial.uexp" 439
"../../../Engine/Content/EngineMaterials/DefaultPhysicalMaterial.uasset" 440
"../../../Engine/Content/EngineMaterials/DefaultPhysicalMaterial.uexp" 441
"../../../Engine/Content/EngineMaterials/DefaultLightFunctionMaterial.uasset" 442
"../../../Engine/Content/EngineMaterials/DefaultLightFunctionMaterial.uexp" 443
"../../../Engine/Content/EngineMaterials/DefaultDestructiblePhysicalMaterial.uasset" 444
"../../../Engine/Content/EngineMaterials/DefaultDestructiblePhysicalMaterial.uexp" 445
"../../../Engine/Content/EngineMaterials/DefaultDeferredDecalMaterial.uasset" 446
"../../../Engine/Content/EngineMaterials/DefaultDeferredDecalMaterial.uexp" 447
"../../../Engine/Content/EngineMaterials/DefaultBloomKernel.uasset" 448
"../../../Engine/Content/EngineMaterials/DefaultBloomKernel.uexp" 449
"../../../Engine/Content/EngineFonts/Faces/RobotoLight.uexp" 450
"../../../Engine/Content/EngineFonts/Faces/RobotoLight.uasset" 451
"../../../Engine/Content/EngineFonts/Faces/RobotoLight.ufont" 452
"../../../Engine/Content/EngineFonts/Faces/RobotoBold.uexp" 453
"../../../Engine/Content/EngineFonts/Faces/RobotoBold.uasset" 454
"../../../Engine/Content/EngineFonts/Faces/RobotoBold.ufont" 455
"../../../Engine/Content/EngineFonts/Faces/RobotoRegular.uexp" 456
"../../../Engine/Content/EngineFonts/Faces/RobotoRegular.uasset" 457
"../../../Engine/Content/EngineFonts/Faces/RobotoRegular.ufont" 458
"../../../Engine/Content/EngineFonts/Faces/DroidSansFallback.uexp" 459
"../../../Engine/Content/EngineFonts/Faces/DroidSansFallback.uasset" 460
"../../../Engine/Content/EngineFonts/Faces/DroidSansFallback.ufont" 461
"../../../Engine/Content/EngineFonts/Faces/RobotoItalic.uexp" 462
"../../../Engine/Content/EngineFonts/Faces/RobotoItalic.uasset" 463
"../../../Engine/Content/EngineFonts/Faces/RobotoItalic.ufont" 464
"../../../Engine/Content/EngineFonts/Faces/RobotoBoldItalic.uexp" 465
"../../../Engine/Content/EngineFonts/Faces/RobotoBoldItalic.uasset" 466
"../../../Engine/Content/EngineFonts/Faces/RobotoBoldItalic.ufont" 467
"../../../Engine/Content/EngineFonts/Roboto.uasset" 468
"../../../Engine/Content/EngineFonts/Roboto.uexp" 469
"../../../Engine/Content/Functions/Engine_MaterialFunctions02/Utility/CameraDirectionVector.uasset" 470
"../../../Engine/Content/Functions/Engine_MaterialFunctions02/Utility/CameraDirectionVector.uexp" 471
"../../../Engine/Content/EngineDebugMaterials/VolumeToRender.uasset" 472
"../../../Engine/Content/EngineDebugMaterials/VolumeToRender.uexp" 473
"../../../Engine/Content/EngineDebugMaterials/M_VolumeRenderSphereTracePP.uasset" 474
"../../../Engine/Content/EngineDebugMaterials/M_VolumeRenderSphereTracePP.uexp" 475
"../../../Engine/Content/EngineDebugMaterials/M_SimpleUnlitTranslucent.uasset" 476
"../../../Engine/Content/EngineDebugMaterials/M_SimpleUnlitTranslucent.uexp" 477
"../../../Engine/Content/EngineDebugMaterials/DebugMeshMaterial.uasset" 478
"../../../Engine/Content/EngineDebugMaterials/DebugMeshMaterial.uexp" 479
"../../../Engine/Content/EngineDebugMaterials/DebugEditorMaterial.uasset" 480
"../../../Engine/Content/EngineDebugMaterials/DebugEditorMaterial.uexp" 481
"../../../Engine/Content/EngineDamageTypes/DmgTypeBP_Environmental.uasset" 482
"../../../Engine/Content/EngineDamageTypes/DmgTypeBP_Environmental.uexp" 483
"../../../Engine/Content/EditorResources/S_Terrain.ubulk" 484
"../../../Engine/Content/EditorResources/S_Terrain.uasset" 485
"../../../Engine/Content/EditorResources/S_Terrain.uexp" 486
"../../../Engine/Content/EditorResources/EmptyActor.uasset" 487
"../../../Engine/Content/EditorResources/EmptyActor.uexp" 488
"../../../Engine/Content/EditorResources/BSPVertex.uasset" 489
"../../../Engine/Content/EditorResources/BSPVertex.uexp" 490
"../../../Engine/Content/EditorMaterials/PreviewShadowIndicator.ubulk" 491
"../../../Engine/Content/EditorMaterials/PreviewShadowIndicator.uasset" 492
"../../../Engine/Content/EditorMaterials/PreviewShadowIndicator.uexp" 493
"../../../Engine/Content/EditorMaterials/PreviewShadowIndicatorMaterial.uasset" 494
"../../../Engine/Content/EditorMaterials/PreviewShadowIndicatorMaterial.uexp" 495
"../../../Engine/Content/EditorMaterials/PhAT_UnselectedMaterial.uasset" 496
"../../../Engine/Content/EditorMaterials/PhAT_UnselectedMaterial.uexp" 497
"../../../Engine/Content/EditorMaterials/PhAT_NoCollisionMaterial.uasset" 498
"../../../Engine/Content/EditorMaterials/PhAT_NoCollisionMaterial.uexp" 499
"../../../Engine/Content/EditorLandscapeResources/DefaultAlphaTexture.uasset" 500
"../../../Engine/Content/EditorLandscapeResources/DefaultAlphaTexture.uexp" 501
"../../../Engine/Content/EditorLandscapeResources/DataLayer.uasset" 502
"../../../Engine/Content/EditorLandscapeResources/DataLayer.uexp" 503
"../../../Engine/Content/EngineMaterials/DefaultMaterial.uasset" 504
"../../../Engine/Content/EngineMaterials/DefaultMaterial.uexp" 505
"../../../Engine/Content/BasicShapes/Sphere.ubulk" 506
"../../../Engine/Content/BasicShapes/Sphere.uasset" 507
"../../../Engine/Content/BasicShapes/Sphere.uexp" 508
"../../../Engine/Content/BasicShapes/Plane.ubulk" 509
"../../../Engine/Content/BasicShapes/Plane.uasset" 510
"../../../Engine/Content/BasicShapes/Plane.uexp" 511
"../../../Engine/Content/BasicShapes/Cylinder.ubulk" 512
"../../../Engine/Content/BasicShapes/Cylinder.uasset" 513
"../../../Engine/Content/BasicShapes/Cylinder.uexp" 514
"../../../Engine/Content/BasicShapes/Cone.ubulk" 515
"../../../Engine/Content/BasicShapes/Cone.uasset" 516
"../../../Engine/Content/BasicShapes/Cone.uexp" 517
"../../../Engine/Content/MobileResources/HUD/VirtualJoystick_Background.uasset" 518
"../../../Engine/Content/MobileResources/HUD/VirtualJoystick_Background.uexp" 519
"../../../Engine/Content/MobileResources/HUD/VirtualJoystick_Thumb.uasset" 520
"../../../Engine/Content/MobileResources/HUD/VirtualJoystick_Thumb.uexp" 521
"../../../Engine/Content/MobileResources/HUD/DefaultVirtualJoysticks.uasset" 522
"../../../Engine/Content/MobileResources/HUD/DefaultVirtualJoysticks.uexp" 523
"../../../Engine/Content/EngineSky/VolumetricClouds/CloudWeatherTexture.uasset" 524
"../../../Engine/Content/EngineSky/VolumetricClouds/CloudWeatherTexture.uexp" 525
"../../../Engine/Content/Functions/Engine_MaterialFunctions02/Utility/MakeFloat2.uasset" 526
"../../../Engine/Content/Functions/Engine_MaterialFunctions02/Utility/MakeFloat2.uexp" 527
"../../../Engine/Content/EngineSky/VolumetricClouds/CloudGradientTexture.uasset" 528
"../../../Engine/Content/EngineSky/VolumetricClouds/CloudGradientTexture.uexp" 529
"../../../Engine/Content/EngineSky/VolumetricClouds/T_NoiseShape64.ubulk" 530
"../../../Engine/Content/EngineSky/VolumetricClouds/T_NoiseShape64.uasset" 531
"../../../Engine/Content/EngineSky/VolumetricClouds/T_NoiseShape64.uexp" 532
"../../../Engine/Content/EngineSky/VolumetricClouds/T_VolumeNoiseShape64.uasset" 533
"../../../Engine/Content/EngineSky/VolumetricClouds/T_VolumeNoiseShape64.uexp" 534
"../../../Engine/Content/EngineSky/VolumetricClouds/T_NoiseErosion.ubulk" 535
"../../../Engine/Content/EngineSky/VolumetricClouds/T_NoiseErosion.uasset" 536
"../../../Engine/Content/EngineSky/VolumetricClouds/T_NoiseErosion.uexp" 537
"../../../Engine/Content/EngineSky/VolumetricClouds/T_VolumeNoiseErosion32.uasset" 538
"../../../Engine/Content/EngineSky/VolumetricClouds/T_VolumeNoiseErosion32.uexp" 539
"../../../Engine/Content/EngineSky/VolumetricClouds/m_SimpleVolumetricCloud.uasset" 540
"../../../Engine/Content/EngineSky/VolumetricClouds/m_SimpleVolumetricCloud.uexp" 541
"../../../Engine/Content/EngineSky/VolumetricClouds/m_SimpleVolumetricCloud_Inst.uasset" 542
"../../../Engine/Content/EngineSky/VolumetricClouds/m_SimpleVolumetricCloud_Inst.uexp" 543
"../../../Engine/Content/EngineResources/FilmGrains/Marcie_Grain_v3_128_M2_000.uasset" 544
"../../../Engine/Content/EngineResources/FilmGrains/Marcie_Grain_v3_128_M2_000.uexp" 545
"../../../Engine/Content/EditorResources/SequenceRecorder/RecordingIndicator.uasset" 546
"../../../Engine/Content/EditorResources/SequenceRecorder/RecordingIndicator.uexp" 547
"../../../Engine/Content/EditorResources/SequenceRecorder/Countdown.uasset" 548
"../../../Engine/Content/EditorResources/SequenceRecorder/Countdown.uexp" 549
"C:/Users/PC/Documents/Unreal Projects/REPO_BryanJamTeam2/PROJ_BrayanJamTeam2/Content/_GENERATED/Raulf/Box_52A1716C.ubulk" 550
"C:/Users/PC/Documents/Unreal Projects/REPO_BryanJamTeam2/PROJ_BrayanJamTeam2/Content/_GENERATED/Raulf/Box_52A1716C.uasset" 551
"C:/Users/PC/Documents/Unreal Projects/REPO_BryanJamTeam2/PROJ_BrayanJamTeam2/Content/_GENERATED/Raulf/Box_52A1716C.uexp" 552
"C:/Users/PC/Documents/Unreal Projects/REPO_BryanJamTeam2/PROJ_BrayanJamTeam2/Content/_GENERATED/Luis/Map_MeshB.ubulk" 553
"C:/Users/PC/Documents/Unreal Projects/REPO_BryanJamTeam2/PROJ_BrayanJamTeam2/Content/_GENERATED/Luis/Map_MeshB.uasset" 554
"C:/Users/PC/Documents/Unreal Projects/REPO_BryanJamTeam2/PROJ_BrayanJamTeam2/Content/_GENERATED/Luis/Map_MeshB.uexp" 555
"../../../Engine/Content/MapTemplates/Materials/BasicAsset01.uasset" 556
"../../../Engine/Content/MapTemplates/Materials/BasicAsset01.uexp" 557
"C:/Users/PC/Documents/Unreal Projects/REPO_BryanJamTeam2/PROJ_BrayanJamTeam2/Content/_GENERATED/Luis/Box_975EB9EF.ubulk" 558
"C:/Users/PC/Documents/Unreal Projects/REPO_BryanJamTeam2/PROJ_BrayanJamTeam2/Content/_GENERATED/Luis/Box_975EB9EF.uasset" 559
"C:/Users/PC/Documents/Unreal Projects/REPO_BryanJamTeam2/PROJ_BrayanJamTeam2/Content/_GENERATED/Luis/Box_975EB9EF.uexp" 560
"C:/Users/PC/Documents/Unreal Projects/REPO_BryanJamTeam2/PROJ_BrayanJamTeam2/Content/_GENERATED/Luis/Box_6BA7DE1C.ubulk" 561
"C:/Users/PC/Documents/Unreal Projects/REPO_BryanJamTeam2/PROJ_BrayanJamTeam2/Content/_GENERATED/Luis/Box_6BA7DE1C.uasset" 562
"C:/Users/PC/Documents/Unreal Projects/REPO_BryanJamTeam2/PROJ_BrayanJamTeam2/Content/_GENERATED/Luis/Box_6BA7DE1C.uexp" 563
"C:/Users/PC/Documents/Unreal Projects/REPO_BryanJamTeam2/PROJ_BrayanJamTeam2/Content/_GENERATED/Luis/Box_0A6B367B.ubulk" 564
"C:/Users/PC/Documents/Unreal Projects/REPO_BryanJamTeam2/PROJ_BrayanJamTeam2/Content/_GENERATED/Luis/Box_0A6B367B.uasset" 565
"C:/Users/PC/Documents/Unreal Projects/REPO_BryanJamTeam2/PROJ_BrayanJamTeam2/Content/_GENERATED/Luis/Box_0A6B367B.uexp" 566
"C:/Users/PC/Documents/Unreal Projects/REPO_BryanJamTeam2/PROJ_BrayanJamTeam2/Content/_Developers/RaulOlguin/Material/M_Walle.uasset" 567
"C:/Users/PC/Documents/Unreal Projects/REPO_BryanJamTeam2/PROJ_BrayanJamTeam2/Content/_Developers/RaulOlguin/Material/M_Walle.uexp" 568
"C:/Users/PC/Documents/Unreal Projects/REPO_BryanJamTeam2/PROJ_BrayanJamTeam2/Content/_Developers/RaulOlguin/Material/M_Decoration.uasset" 569
"C:/Users/PC/Documents/Unreal Projects/REPO_BryanJamTeam2/PROJ_BrayanJamTeam2/Content/_Developers/RaulOlguin/Material/M_Decoration.uexp" 570
"C:/Users/PC/Documents/Unreal Projects/REPO_BryanJamTeam2/PROJ_BrayanJamTeam2/Content/_Developers/RaulOlguin/Material/M_Box.uasset" 571
"C:/Users/PC/Documents/Unreal Projects/REPO_BryanJamTeam2/PROJ_BrayanJamTeam2/Content/_Developers/RaulOlguin/Material/M_Box.uexp" 572
"C:/Users/PC/Documents/Unreal Projects/REPO_BryanJamTeam2/PROJ_BrayanJamTeam2/Content/_Developers/MarioGomez/UI/PauseMenu.uasset" 573
"C:/Users/PC/Documents/Unreal Projects/REPO_BryanJamTeam2/PROJ_BrayanJamTeam2/Content/_Developers/MarioGomez/UI/PauseMenu.uexp" 574
"C:/Users/PC/Documents/Unreal Projects/REPO_BryanJamTeam2/PROJ_BrayanJamTeam2/Content/_MainFiles/FirstPerson/Input/Actions/IA_Pause.uasset" 575
"C:/Users/PC/Documents/Unreal Projects/REPO_BryanJamTeam2/PROJ_BrayanJamTeam2/Content/_MainFiles/FirstPerson/Input/Actions/IA_Pause.uexp" 576
"../../../Engine/Content/EditorBlueprintResources/StandardMacros.uasset" 577
"../../../Engine/Content/EditorBlueprintResources/StandardMacros.uexp" 578
"C:/Users/PC/Documents/Unreal Projects/REPO_BryanJamTeam2/PROJ_BrayanJamTeam2/Content/_Developers/MiguelMata/ComponenteParkour/ParkourMovement.uasset" 579
"C:/Users/PC/Documents/Unreal Projects/REPO_BryanJamTeam2/PROJ_BrayanJamTeam2/Content/_Developers/MiguelMata/ComponenteParkour/ParkourMovement.uexp" 580
"C:/Users/PC/Documents/Unreal Projects/REPO_BryanJamTeam2/PROJ_BrayanJamTeam2/Content/_Developers/MiguelMata/BP_CharacterPlayer.uasset" 581
"C:/Users/PC/Documents/Unreal Projects/REPO_BryanJamTeam2/PROJ_BrayanJamTeam2/Content/_Developers/MiguelMata/BP_CharacterPlayer.uexp" 582
"C:/Users/PC/Documents/Unreal Projects/REPO_BryanJamTeam2/PROJ_BrayanJamTeam2/Content/_Developers/EduardoCamarena/MeshSwitch/BPI_LevelChanger.uasset" 583
"C:/Users/PC/Documents/Unreal Projects/REPO_BryanJamTeam2/PROJ_BrayanJamTeam2/Content/_Developers/EduardoCamarena/MeshSwitch/BPI_LevelChanger.uexp" 584
"C:/Users/PC/Documents/Unreal Projects/REPO_BryanJamTeam2/PROJ_BrayanJamTeam2/Content/_Developers/RaulOlguin/BP_TutorialCharacter.uasset" 585
"C:/Users/PC/Documents/Unreal Projects/REPO_BryanJamTeam2/PROJ_BrayanJamTeam2/Content/_Developers/RaulOlguin/BP_TutorialCharacter.uexp" 586
"C:/Users/PC/Documents/Unreal Projects/REPO_BryanJamTeam2/PROJ_BrayanJamTeam2/Content/_MainFiles/FirstPerson/Input/Actions/IA_Look.uasset" 587
"C:/Users/PC/Documents/Unreal Projects/REPO_BryanJamTeam2/PROJ_BrayanJamTeam2/Content/_MainFiles/FirstPerson/Input/Actions/IA_Look.uexp" 588
"C:/Users/PC/Documents/Unreal Projects/REPO_BryanJamTeam2/PROJ_BrayanJamTeam2/Content/_Developers/MiguelMata/TestedOut/EMovementState.uasset" 589
"C:/Users/PC/Documents/Unreal Projects/REPO_BryanJamTeam2/PROJ_BrayanJamTeam2/Content/_Developers/MiguelMata/TestedOut/EMovementState.uexp" 590
"C:/Users/PC/Documents/Unreal Projects/REPO_BryanJamTeam2/PROJ_BrayanJamTeam2/Content/_MainFiles/FirstPerson/Input/Actions/IA_Move.uasset" 591
"C:/Users/PC/Documents/Unreal Projects/REPO_BryanJamTeam2/PROJ_BrayanJamTeam2/Content/_MainFiles/FirstPerson/Input/Actions/IA_Move.uexp" 592
"../../../Engine/Content/Animation/DefaultAnimCurveCompressionSettings.uasset" 593
"../../../Engine/Content/Animation/DefaultAnimCurveCompressionSettings.uexp" 594
"C:/Users/PC/Documents/Unreal Projects/REPO_BryanJamTeam2/PROJ_BrayanJamTeam2/Content/_MainFiles/FirstPersonArms/Character/Mesh/SK_Mannequin_Arms_Skeleton.uasset" 595
"C:/Users/PC/Documents/Unreal Projects/REPO_BryanJamTeam2/PROJ_BrayanJamTeam2/Content/_MainFiles/FirstPersonArms/Character/Mesh/SK_Mannequin_Arms_Skeleton.uexp" 596
"../../../Engine/Content/Animation/DefaultRecorderBoneCompression.uasset" 597
"../../../Engine/Content/Animation/DefaultRecorderBoneCompression.uexp" 598
"C:/Users/PC/Documents/Unreal Projects/REPO_BryanJamTeam2/PROJ_BrayanJamTeam2/Content/_MainFiles/FirstPersonArms/Animations/FP_Land.uasset" 599
"C:/Users/PC/Documents/Unreal Projects/REPO_BryanJamTeam2/PROJ_BrayanJamTeam2/Content/_MainFiles/FirstPersonArms/Animations/FP_Land.uexp" 600
"../../../Engine/Content/Animation/DefaultAnimBoneCompressionSettings.uasset" 601
"../../../Engine/Content/Animation/DefaultAnimBoneCompressionSettings.uexp" 602
"C:/Users/PC/Documents/Unreal Projects/REPO_BryanJamTeam2/PROJ_BrayanJamTeam2/Content/_MainFiles/FirstPersonArms/Animations/FP_Rifle_Falling.uasset" 603
"C:/Users/PC/Documents/Unreal Projects/REPO_BryanJamTeam2/PROJ_BrayanJamTeam2/Content/_MainFiles/FirstPersonArms/Animations/FP_Rifle_Falling.uexp" 604
"C:/Users/PC/Documents/Unreal Projects/REPO_BryanJamTeam2/PROJ_BrayanJamTeam2/Content/_MainFiles/FirstPersonArms/Animations/FP_Idle.uasset" 605
"C:/Users/PC/Documents/Unreal Projects/REPO_BryanJamTeam2/PROJ_BrayanJamTeam2/Content/_MainFiles/FirstPersonArms/Animations/FP_Idle.uexp" 606
"C:/Users/PC/Documents/Unreal Projects/REPO_BryanJamTeam2/PROJ_BrayanJamTeam2/Content/_MainFiles/FirstPersonArms/Animations/FP_Falling.uasset" 607
"C:/Users/PC/Documents/Unreal Projects/REPO_BryanJamTeam2/PROJ_BrayanJamTeam2/Content/_MainFiles/FirstPersonArms/Animations/FP_Falling.uexp" 608
"C:/Users/PC/Documents/Unreal Projects/REPO_BryanJamTeam2/PROJ_BrayanJamTeam2/Content/_MainFiles/FirstPersonArms/Animations/FP_Rifle_Run.uasset" 609
"C:/Users/PC/Documents/Unreal Projects/REPO_BryanJamTeam2/PROJ_BrayanJamTeam2/Content/_MainFiles/FirstPersonArms/Animations/FP_Rifle_Run.uexp" 610
"C:/Users/PC/Documents/Unreal Projects/REPO_BryanJamTeam2/PROJ_BrayanJamTeam2/Content/_MainFiles/FirstPersonArms/Animations/FP_Rifle_Jump.uasset" 611
"C:/Users/PC/Documents/Unreal Projects/REPO_BryanJamTeam2/PROJ_BrayanJamTeam2/Content/_MainFiles/FirstPersonArms/Animations/FP_Rifle_Jump.uexp" 612
"C:/Users/PC/Documents/Unreal Projects/REPO_BryanJamTeam2/PROJ_BrayanJamTeam2/Content/_MainFiles/FirstPersonArms/Animations/FP_Run_Fwd.uasset" 613
"C:/Users/PC/Documents/Unreal Projects/REPO_BryanJamTeam2/PROJ_BrayanJamTeam2/Content/_MainFiles/FirstPersonArms/Animations/FP_Run_Fwd.uexp" 614
"C:/Users/PC/Documents/Unreal Projects/REPO_BryanJamTeam2/PROJ_BrayanJamTeam2/Content/_MainFiles/FirstPersonArms/Animations/FP_Jump.uasset" 615
"C:/Users/PC/Documents/Unreal Projects/REPO_BryanJamTeam2/PROJ_BrayanJamTeam2/Content/_MainFiles/FirstPersonArms/Animations/FP_Jump.uexp" 616
"C:/Users/PC/Documents/Unreal Projects/REPO_BryanJamTeam2/PROJ_BrayanJamTeam2/Content/_MainFiles/FirstPersonArms/Animations/FP_Rifle_Idle.uasset" 617
"C:/Users/PC/Documents/Unreal Projects/REPO_BryanJamTeam2/PROJ_BrayanJamTeam2/Content/_MainFiles/FirstPersonArms/Animations/FP_Rifle_Idle.uexp" 618
"C:/Users/PC/Documents/Unreal Projects/REPO_BryanJamTeam2/PROJ_BrayanJamTeam2/Content/_MainFiles/FirstPersonArms/Animations/FP_Rifle_Land.uasset" 619
"C:/Users/PC/Documents/Unreal Projects/REPO_BryanJamTeam2/PROJ_BrayanJamTeam2/Content/_MainFiles/FirstPersonArms/Animations/FP_Rifle_Land.uexp" 620
"C:/Users/PC/Documents/Unreal Projects/REPO_BryanJamTeam2/PROJ_BrayanJamTeam2/Content/_MainFiles/FirstPersonArms/Animations/FirstPerson_AnimBP.uasset" 621
"C:/Users/PC/Documents/Unreal Projects/REPO_BryanJamTeam2/PROJ_BrayanJamTeam2/Content/_MainFiles/FirstPersonArms/Animations/FirstPerson_AnimBP.uexp" 622
"C:/Users/PC/Documents/Unreal Projects/REPO_BryanJamTeam2/PROJ_BrayanJamTeam2/Content/_MainFiles/FirstPersonArms/Character/Materials/MaterialLayers/T_ML_Rubber_Blue_01_N.ubulk" 623
"C:/Users/PC/Documents/Unreal Projects/REPO_BryanJamTeam2/PROJ_BrayanJamTeam2/Content/_MainFiles/FirstPersonArms/Character/Materials/MaterialLayers/T_ML_Rubber_Blue_01_N.uasset" 624
"C:/Users/PC/Documents/Unreal Projects/REPO_BryanJamTeam2/PROJ_BrayanJamTeam2/Content/_MainFiles/FirstPersonArms/Character/Materials/MaterialLayers/T_ML_Rubber_Blue_01_N.uexp" 625
"C:/Users/PC/Documents/Unreal Projects/REPO_BryanJamTeam2/PROJ_BrayanJamTeam2/Content/_MainFiles/FirstPersonArms/Character/Materials/MaterialLayers/T_ML_Rubber_Blue_01_D.ubulk" 626
"C:/Users/PC/Documents/Unreal Projects/REPO_BryanJamTeam2/PROJ_BrayanJamTeam2/Content/_MainFiles/FirstPersonArms/Character/Materials/MaterialLayers/T_ML_Rubber_Blue_01_D.uasset" 627
"C:/Users/PC/Documents/Unreal Projects/REPO_BryanJamTeam2/PROJ_BrayanJamTeam2/Content/_MainFiles/FirstPersonArms/Character/Materials/MaterialLayers/T_ML_Rubber_Blue_01_D.uexp" 628
"C:/Users/PC/Documents/Unreal Projects/REPO_BryanJamTeam2/PROJ_BrayanJamTeam2/Content/_MainFiles/FirstPersonArms/Character/Materials/MaterialLayers/ML_GlossyBlack_Latex_UE4.uasset" 629
"C:/Users/PC/Documents/Unreal Projects/REPO_BryanJamTeam2/PROJ_BrayanJamTeam2/Content/_MainFiles/FirstPersonArms/Character/Materials/MaterialLayers/ML_GlossyBlack_Latex_UE4.uexp" 630
"../../../Engine/Content/Functions/Engine_MaterialFunctions02/Utility/BlendAngleCorrectedNormals.uasset" 631
"../../../Engine/Content/Functions/Engine_MaterialFunctions02/Utility/BlendAngleCorrectedNormals.uexp" 632
"../../../Engine/Content/Functions/MaterialLayerFunctions/MatLayerBlend_NormalBlend.uasset" 633
"../../../Engine/Content/Functions/MaterialLayerFunctions/MatLayerBlend_NormalBlend.uexp" 634
"C:/Users/PC/Documents/Unreal Projects/REPO_BryanJamTeam2/PROJ_BrayanJamTeam2/Content/_MainFiles/FirstPersonArms/Character/Materials/MaterialLayers/ML_Plastic_Shiny_Beige.uasset" 635
"C:/Users/PC/Documents/Unreal Projects/REPO_BryanJamTeam2/PROJ_BrayanJamTeam2/Content/_MainFiles/FirstPersonArms/Character/Materials/MaterialLayers/ML_Plastic_Shiny_Beige.uexp" 636
"../../../Engine/Content/Functions/MaterialLayerFunctions/MatLayerBlend_Simple.uasset" 637
"../../../Engine/Content/Functions/MaterialLayerFunctions/MatLayerBlend_Simple.uexp" 638
"C:/Users/PC/Documents/Unreal Projects/REPO_BryanJamTeam2/PROJ_BrayanJamTeam2/Content/_MainFiles/FirstPersonArms/Character/Textures/UE4_Mannequin__normals.ubulk" 639
"C:/Users/PC/Documents/Unreal Projects/REPO_BryanJamTeam2/PROJ_BrayanJamTeam2/Content/_MainFiles/FirstPersonArms/Character/Textures/UE4_Mannequin__normals.uasset" 640
"C:/Users/PC/Documents/Unreal Projects/REPO_BryanJamTeam2/PROJ_BrayanJamTeam2/Content/_MainFiles/FirstPersonArms/Character/Textures/UE4_Mannequin__normals.uexp" 641
"C:/Users/PC/Documents/Unreal Projects/REPO_BryanJamTeam2/PROJ_BrayanJamTeam2/Content/_MainFiles/FirstPersonArms/Character/Materials/MaterialLayers/T_ML_Aluminum01.ubulk" 642
"C:/Users/PC/Documents/Unreal Projects/REPO_BryanJamTeam2/PROJ_BrayanJamTeam2/Content/_MainFiles/FirstPersonArms/Character/Materials/MaterialLayers/T_ML_Aluminum01.uasset" 643
"C:/Users/PC/Documents/Unreal Projects/REPO_BryanJamTeam2/PROJ_BrayanJamTeam2/Content/_MainFiles/FirstPersonArms/Character/Materials/MaterialLayers/T_ML_Aluminum01.uexp" 644
"C:/Users/PC/Documents/Unreal Projects/REPO_BryanJamTeam2/PROJ_BrayanJamTeam2/Content/_MainFiles/FirstPersonArms/Character/Materials/MaterialLayers/T_ML_Aluminum01_N.ubulk" 645
"C:/Users/PC/Documents/Unreal Projects/REPO_BryanJamTeam2/PROJ_BrayanJamTeam2/Content/_MainFiles/FirstPersonArms/Character/Materials/MaterialLayers/T_ML_Aluminum01_N.uasset" 646
"C:/Users/PC/Documents/Unreal Projects/REPO_BryanJamTeam2/PROJ_BrayanJamTeam2/Content/_MainFiles/FirstPersonArms/Character/Materials/MaterialLayers/T_ML_Aluminum01_N.uexp" 647
"C:/Users/PC/Documents/Unreal Projects/REPO_BryanJamTeam2/PROJ_BrayanJamTeam2/Content/_MainFiles/FirstPersonArms/Character/Materials/MaterialLayers/ML_SoftMetal_UE4.uasset" 648
"C:/Users/PC/Documents/Unreal Projects/REPO_BryanJamTeam2/PROJ_BrayanJamTeam2/Content/_MainFiles/FirstPersonArms/Character/Materials/MaterialLayers/ML_SoftMetal_UE4.uexp" 649
"C:/Users/PC/Documents/Unreal Projects/REPO_BryanJamTeam2/PROJ_BrayanJamTeam2/Content/_MainFiles/FirstPersonArms/Character/Textures/UE4_Mannequin_MAT_MASKA.ubulk" 650
"C:/Users/PC/Documents/Unreal Projects/REPO_BryanJamTeam2/PROJ_BrayanJamTeam2/Content/_MainFiles/FirstPersonArms/Character/Textures/UE4_Mannequin_MAT_MASKA.uasset" 651
"C:/Users/PC/Documents/Unreal Projects/REPO_BryanJamTeam2/PROJ_BrayanJamTeam2/Content/_MainFiles/FirstPersonArms/Character/Textures/UE4_Mannequin_MAT_MASKA.uexp" 652
"C:/Users/PC/Documents/Unreal Projects/REPO_BryanJamTeam2/PROJ_BrayanJamTeam2/Content/_MainFiles/FirstPersonArms/Character/Textures/UE4_LOGO_CARD.ubulk" 653
"C:/Users/PC/Documents/Unreal Projects/REPO_BryanJamTeam2/PROJ_BrayanJamTeam2/Content/_MainFiles/FirstPersonArms/Character/Textures/UE4_LOGO_CARD.uasset" 654
"C:/Users/PC/Documents/Unreal Projects/REPO_BryanJamTeam2/PROJ_BrayanJamTeam2/Content/_MainFiles/FirstPersonArms/Character/Textures/UE4_LOGO_CARD.uexp" 655
"C:/Users/PC/Documents/Unreal Projects/REPO_BryanJamTeam2/PROJ_BrayanJamTeam2/Content/_MainFiles/FirstPersonArms/Character/Materials/MaterialLayers/ML_Plastic_Shiny_Beige_LOGO.uasset" 656
"C:/Users/PC/Documents/Unreal Projects/REPO_BryanJamTeam2/PROJ_BrayanJamTeam2/Content/_MainFiles/FirstPersonArms/Character/Materials/MaterialLayers/ML_Plastic_Shiny_Beige_LOGO.uexp" 657
"C:/Users/PC/Documents/Unreal Projects/REPO_BryanJamTeam2/PROJ_BrayanJamTeam2/Content/_MainFiles/FirstPersonArms/Character/Materials/M_UE4Man_Body.uasset" 658
"C:/Users/PC/Documents/Unreal Projects/REPO_BryanJamTeam2/PROJ_BrayanJamTeam2/Content/_MainFiles/FirstPersonArms/Character/Materials/M_UE4Man_Body.uexp" 659
"C:/Users/PC/Documents/Unreal Projects/REPO_BryanJamTeam2/PROJ_BrayanJamTeam2/Content/_MainFiles/FirstPersonArms/Character/Mesh/SK_Mannequin_Arms_PhysicsAsset.uasset" 660
"C:/Users/PC/Documents/Unreal Projects/REPO_BryanJamTeam2/PROJ_BrayanJamTeam2/Content/_MainFiles/FirstPersonArms/Character/Mesh/SK_Mannequin_Arms_PhysicsAsset.uexp" 661
"C:/Users/PC/Documents/Unreal Projects/REPO_BryanJamTeam2/PROJ_BrayanJamTeam2/Content/_MainFiles/FirstPersonArms/Character/Mesh/SK_Mannequin_Arms.uasset" 662
"C:/Users/PC/Documents/Unreal Projects/REPO_BryanJamTeam2/PROJ_BrayanJamTeam2/Content/_MainFiles/FirstPersonArms/Character/Mesh/SK_Mannequin_Arms.uexp" 663
"C:/Users/PC/Documents/Unreal Projects/REPO_BryanJamTeam2/PROJ_BrayanJamTeam2/Content/_MainFiles/FirstPerson/Input/Actions/IA_Jump.uasset" 664
"C:/Users/PC/Documents/Unreal Projects/REPO_BryanJamTeam2/PROJ_BrayanJamTeam2/Content/_MainFiles/FirstPerson/Input/Actions/IA_Jump.uexp" 665
"C:/Users/PC/Documents/Unreal Projects/REPO_BryanJamTeam2/PROJ_BrayanJamTeam2/Content/_MainFiles/FirstPerson/Input/IMC_Default.uasset" 666
"C:/Users/PC/Documents/Unreal Projects/REPO_BryanJamTeam2/PROJ_BrayanJamTeam2/Content/_MainFiles/FirstPerson/Input/IMC_Default.uexp" 667
"C:/Users/PC/Documents/Unreal Projects/REPO_BryanJamTeam2/PROJ_BrayanJamTeam2/Content/_MainFiles/FirstPerson/Blueprints/BP_FirstPersonCharacter.uasset" 668
"C:/Users/PC/Documents/Unreal Projects/REPO_BryanJamTeam2/PROJ_BrayanJamTeam2/Content/_MainFiles/FirstPerson/Blueprints/BP_FirstPersonCharacter.uexp" 669
"C:/Users/PC/Documents/Unreal Projects/REPO_BryanJamTeam2/PROJ_BrayanJamTeam2/Content/_Developers/RaulOlguin/BP_OlguinCharacterTest.uasset" 670
"C:/Users/PC/Documents/Unreal Projects/REPO_BryanJamTeam2/PROJ_BrayanJamTeam2/Content/_Developers/RaulOlguin/BP_OlguinCharacterTest.uexp" 671
"C:/Users/PC/Documents/Unreal Projects/REPO_BryanJamTeam2/PROJ_BrayanJamTeam2/Content/_GENERATED/Luis/Map_MeshA.ubulk" 672
"C:/Users/PC/Documents/Unreal Projects/REPO_BryanJamTeam2/PROJ_BrayanJamTeam2/Content/_GENERATED/Luis/Map_MeshA.uasset" 673
"C:/Users/PC/Documents/Unreal Projects/REPO_BryanJamTeam2/PROJ_BrayanJamTeam2/Content/_GENERATED/Luis/Map_MeshA.uexp" 674
"C:/Users/PC/Documents/Unreal Projects/REPO_BryanJamTeam2/PROJ_BrayanJamTeam2/Content/_Developers/EduardoCamarena/MeshSwitch/_GENERATED/PC/Box_BDD4BF9A.ubulk" 675
"C:/Users/PC/Documents/Unreal Projects/REPO_BryanJamTeam2/PROJ_BrayanJamTeam2/Content/_Developers/EduardoCamarena/MeshSwitch/_GENERATED/PC/Box_BDD4BF9A.uasset" 676
"C:/Users/PC/Documents/Unreal Projects/REPO_BryanJamTeam2/PROJ_BrayanJamTeam2/Content/_Developers/EduardoCamarena/MeshSwitch/_GENERATED/PC/Box_BDD4BF9A.uexp" 677
"C:/Users/PC/Documents/Unreal Projects/REPO_BryanJamTeam2/PROJ_BrayanJamTeam2/Content/_Developers/EduardoCamarena/MeshSwitch/_GENERATED/PC/Box_DFD646CB.ubulk" 678
"C:/Users/PC/Documents/Unreal Projects/REPO_BryanJamTeam2/PROJ_BrayanJamTeam2/Content/_Developers/EduardoCamarena/MeshSwitch/_GENERATED/PC/Box_DFD646CB.uasset" 679
"C:/Users/PC/Documents/Unreal Projects/REPO_BryanJamTeam2/PROJ_BrayanJamTeam2/Content/_Developers/EduardoCamarena/MeshSwitch/_GENERATED/PC/Box_DFD646CB.uexp" 680
"C:/Users/PC/Documents/Unreal Projects/REPO_BryanJamTeam2/PROJ_BrayanJamTeam2/Content/_Developers/RaulOlguin/BP_Circuit_Tuto.uasset" 681
"C:/Users/PC/Documents/Unreal Projects/REPO_BryanJamTeam2/PROJ_BrayanJamTeam2/Content/_Developers/RaulOlguin/BP_Circuit_Tuto.uexp" 682
"C:/Users/PC/Documents/Unreal Projects/REPO_BryanJamTeam2/PROJ_BrayanJamTeam2/Content/_Developers/MarioGomez/BP_MarioCharacterTest.uasset" 683
"C:/Users/PC/Documents/Unreal Projects/REPO_BryanJamTeam2/PROJ_BrayanJamTeam2/Content/_Developers/MarioGomez/BP_MarioCharacterTest.uexp" 684
"C:/Users/PC/Documents/Unreal Projects/REPO_BryanJamTeam2/PROJ_BrayanJamTeam2/Content/_Developers/LuisTorres/BP_LuisCharacterTest.uasset" 685
"C:/Users/PC/Documents/Unreal Projects/REPO_BryanJamTeam2/PROJ_BrayanJamTeam2/Content/_Developers/LuisTorres/BP_LuisCharacterTest.uexp" 686
"C:/Users/PC/Documents/Unreal Projects/REPO_BryanJamTeam2/PROJ_BrayanJamTeam2/Content/_Developers/EliasTrevino/BP_EliasCharacterTest.uasset" 687
"C:/Users/PC/Documents/Unreal Projects/REPO_BryanJamTeam2/PROJ_BrayanJamTeam2/Content/_Developers/EliasTrevino/BP_EliasCharacterTest.uexp" 688
"C:/Users/PC/Documents/Unreal Projects/REPO_BryanJamTeam2/PROJ_BrayanJamTeam2/Content/_Developers/EliasTrevino/TestGamemode.uasset" 689
"C:/Users/PC/Documents/Unreal Projects/REPO_BryanJamTeam2/PROJ_BrayanJamTeam2/Content/_Developers/EliasTrevino/TestGamemode.uexp" 690
"C:/Users/PC/Documents/Unreal Projects/REPO_BryanJamTeam2/PROJ_BrayanJamTeam2/Content/_Developers/EduardoCamarena/BP_RespawnTrigger.uasset" 691
"C:/Users/PC/Documents/Unreal Projects/REPO_BryanJamTeam2/PROJ_BrayanJamTeam2/Content/_Developers/EduardoCamarena/BP_RespawnTrigger.uexp" 692
"../../../Engine/Content/BasicShapes/Cube.ubulk" 693
"../../../Engine/Content/BasicShapes/Cube.uasset" 694
"../../../Engine/Content/BasicShapes/Cube.uexp" 695
"C:/Users/PC/Documents/Unreal Projects/REPO_BryanJamTeam2/PROJ_BrayanJamTeam2/Content/_MainFiles/BP_JamCharacter.uasset" 696
"C:/Users/PC/Documents/Unreal Projects/REPO_BryanJamTeam2/PROJ_BrayanJamTeam2/Content/_MainFiles/BP_JamCharacter.uexp" 697
"C:/Users/PC/Documents/Unreal Projects/REPO_BryanJamTeam2/PROJ_BrayanJamTeam2/Content/_Developers/EduardoCamarena/BP_OnlineJamCharacter.uasset" 698
"C:/Users/PC/Documents/Unreal Projects/REPO_BryanJamTeam2/PROJ_BrayanJamTeam2/Content/_Developers/EduardoCamarena/BP_OnlineJamCharacter.uexp" 699
"C:/Users/PC/Documents/Unreal Projects/REPO_BryanJamTeam2/PROJ_BrayanJamTeam2/Content/_MainFiles/FirstPerson/Input/Actions/IA_Shoot.uasset" 700
"C:/Users/PC/Documents/Unreal Projects/REPO_BryanJamTeam2/PROJ_BrayanJamTeam2/Content/_MainFiles/FirstPerson/Input/Actions/IA_Shoot.uexp" 701
"C:/Users/PC/Documents/Unreal Projects/REPO_BryanJamTeam2/PROJ_BrayanJamTeam2/Content/_MainFiles/FPWeapon/Audio/FirstPersonTemplateWeaponFire02.ubulk" 702
"C:/Users/PC/Documents/Unreal Projects/REPO_BryanJamTeam2/PROJ_BrayanJamTeam2/Content/_MainFiles/FPWeapon/Audio/FirstPersonTemplateWeaponFire02.uasset" 703
"C:/Users/PC/Documents/Unreal Projects/REPO_BryanJamTeam2/PROJ_BrayanJamTeam2/Content/_MainFiles/FPWeapon/Audio/FirstPersonTemplateWeaponFire02.uexp" 704
"C:/Users/PC/Documents/Unreal Projects/REPO_BryanJamTeam2/PROJ_BrayanJamTeam2/Content/_MainFiles/FirstPerson/Input/IMC_Weapons.uasset" 705
"C:/Users/PC/Documents/Unreal Projects/REPO_BryanJamTeam2/PROJ_BrayanJamTeam2/Content/_MainFiles/FirstPerson/Input/IMC_Weapons.uexp" 706
"C:/Users/PC/Documents/Unreal Projects/REPO_BryanJamTeam2/PROJ_BrayanJamTeam2/Content/_MainFiles/FirstPersonArms/Animations/FP_Rifle_Fire.uasset" 707
"C:/Users/PC/Documents/Unreal Projects/REPO_BryanJamTeam2/PROJ_BrayanJamTeam2/Content/_MainFiles/FirstPersonArms/Animations/FP_Rifle_Fire.uexp" 708
"C:/Users/PC/Documents/Unreal Projects/REPO_BryanJamTeam2/PROJ_BrayanJamTeam2/Content/_MainFiles/FirstPersonArms/Animations/FP_Rifle_Shoot_Montage.uasset" 709
"C:/Users/PC/Documents/Unreal Projects/REPO_BryanJamTeam2/PROJ_BrayanJamTeam2/Content/_MainFiles/FirstPersonArms/Animations/FP_Rifle_Shoot_Montage.uexp" 710
"C:/Users/PC/Documents/Unreal Projects/REPO_BryanJamTeam2/PROJ_BrayanJamTeam2/Content/_MainFiles/FPWeapon/Materials/BaseMaterial.uasset" 711
"C:/Users/PC/Documents/Unreal Projects/REPO_BryanJamTeam2/PROJ_BrayanJamTeam2/Content/_MainFiles/FPWeapon/Materials/BaseMaterial.uexp" 712
"C:/Users/PC/Documents/Unreal Projects/REPO_BryanJamTeam2/PROJ_BrayanJamTeam2/Content/_MainFiles/FPWeapon/Materials/FirstPersonProjectileMaterial.uasset" 713
"C:/Users/PC/Documents/Unreal Projects/REPO_BryanJamTeam2/PROJ_BrayanJamTeam2/Content/_MainFiles/FPWeapon/Materials/FirstPersonProjectileMaterial.uexp" 714
"C:/Users/PC/Documents/Unreal Projects/REPO_BryanJamTeam2/PROJ_BrayanJamTeam2/Content/_MainFiles/FPWeapon/Mesh/FirstPersonProjectileMesh.ubulk" 715
"C:/Users/PC/Documents/Unreal Projects/REPO_BryanJamTeam2/PROJ_BrayanJamTeam2/Content/_MainFiles/FPWeapon/Mesh/FirstPersonProjectileMesh.uasset" 716
"C:/Users/PC/Documents/Unreal Projects/REPO_BryanJamTeam2/PROJ_BrayanJamTeam2/Content/_MainFiles/FPWeapon/Mesh/FirstPersonProjectileMesh.uexp" 717
"C:/Users/PC/Documents/Unreal Projects/REPO_BryanJamTeam2/PROJ_BrayanJamTeam2/Content/_MainFiles/FirstPerson/Blueprints/BP_FirstPersonProjectile.uasset" 718
"C:/Users/PC/Documents/Unreal Projects/REPO_BryanJamTeam2/PROJ_BrayanJamTeam2/Content/_MainFiles/FirstPerson/Blueprints/BP_FirstPersonProjectile.uexp" 719
"C:/Users/PC/Documents/Unreal Projects/REPO_BryanJamTeam2/PROJ_BrayanJamTeam2/Content/_MainFiles/FPWeapon/Materials/MaterialLayers/ML_Screen.uasset" 720
"C:/Users/PC/Documents/Unreal Projects/REPO_BryanJamTeam2/PROJ_BrayanJamTeam2/Content/_MainFiles/FPWeapon/Materials/MaterialLayers/ML_Screen.uexp" 721
"C:/Users/PC/Documents/Unreal Projects/REPO_BryanJamTeam2/PROJ_BrayanJamTeam2/Content/_MainFiles/FPWeapon/Materials/MaterialLayers/ML_Plastic_Shiny_Beige.uasset" 722
"C:/Users/PC/Documents/Unreal Projects/REPO_BryanJamTeam2/PROJ_BrayanJamTeam2/Content/_MainFiles/FPWeapon/Materials/MaterialLayers/ML_Plastic_Shiny_Beige.uexp" 723
"C:/Users/PC/Documents/Unreal Projects/REPO_BryanJamTeam2/PROJ_BrayanJamTeam2/Content/_MainFiles/FPWeapon/Textures/T_FPGun_N.ubulk" 724
"C:/Users/PC/Documents/Unreal Projects/REPO_BryanJamTeam2/PROJ_BrayanJamTeam2/Content/_MainFiles/FPWeapon/Textures/T_FPGun_N.uasset" 725
"C:/Users/PC/Documents/Unreal Projects/REPO_BryanJamTeam2/PROJ_BrayanJamTeam2/Content/_MainFiles/FPWeapon/Textures/T_FPGun_N.uexp" 726
"C:/Users/PC/Documents/Unreal Projects/REPO_BryanJamTeam2/PROJ_BrayanJamTeam2/Content/_MainFiles/FPWeapon/Textures/T_FPGun_M.ubulk" 727
"C:/Users/PC/Documents/Unreal Projects/REPO_BryanJamTeam2/PROJ_BrayanJamTeam2/Content/_MainFiles/FPWeapon/Textures/T_FPGun_M.uasset" 728
"C:/Users/PC/Documents/Unreal Projects/REPO_BryanJamTeam2/PROJ_BrayanJamTeam2/Content/_MainFiles/FPWeapon/Textures/T_FPGun_M.uexp" 729
"C:/Users/PC/Documents/Unreal Projects/REPO_BryanJamTeam2/PROJ_BrayanJamTeam2/Content/_MainFiles/FPWeapon/Materials/MaterialLayers/T_ML_Rubber_Blue_01_D.ubulk" 730
"C:/Users/PC/Documents/Unreal Projects/REPO_BryanJamTeam2/PROJ_BrayanJamTeam2/Content/_MainFiles/FPWeapon/Materials/MaterialLayers/T_ML_Rubber_Blue_01_D.uasset" 731
"C:/Users/PC/Documents/Unreal Projects/REPO_BryanJamTeam2/PROJ_BrayanJamTeam2/Content/_MainFiles/FPWeapon/Materials/MaterialLayers/T_ML_Rubber_Blue_01_D.uexp" 732
"C:/Users/PC/Documents/Unreal Projects/REPO_BryanJamTeam2/PROJ_BrayanJamTeam2/Content/_MainFiles/FPWeapon/Materials/MaterialLayers/T_ML_Rubber_Blue_01_N.ubulk" 733
"C:/Users/PC/Documents/Unreal Projects/REPO_BryanJamTeam2/PROJ_BrayanJamTeam2/Content/_MainFiles/FPWeapon/Materials/MaterialLayers/T_ML_Rubber_Blue_01_N.uasset" 734
"C:/Users/PC/Documents/Unreal Projects/REPO_BryanJamTeam2/PROJ_BrayanJamTeam2/Content/_MainFiles/FPWeapon/Materials/MaterialLayers/T_ML_Rubber_Blue_01_N.uexp" 735
"C:/Users/PC/Documents/Unreal Projects/REPO_BryanJamTeam2/PROJ_BrayanJamTeam2/Content/_MainFiles/FPWeapon/Materials/MaterialLayers/ML_GlossyBlack_Latex_UE4.uasset" 736
"C:/Users/PC/Documents/Unreal Projects/REPO_BryanJamTeam2/PROJ_BrayanJamTeam2/Content/_MainFiles/FPWeapon/Materials/MaterialLayers/ML_GlossyBlack_Latex_UE4.uexp" 737
"C:/Users/PC/Documents/Unreal Projects/REPO_BryanJamTeam2/PROJ_BrayanJamTeam2/Content/_MainFiles/FPWeapon/Materials/MaterialLayers/T_ML_Aluminum01_N.ubulk" 738
"C:/Users/PC/Documents/Unreal Projects/REPO_BryanJamTeam2/PROJ_BrayanJamTeam2/Content/_MainFiles/FPWeapon/Materials/MaterialLayers/T_ML_Aluminum01_N.uasset" 739
"C:/Users/PC/Documents/Unreal Projects/REPO_BryanJamTeam2/PROJ_BrayanJamTeam2/Content/_MainFiles/FPWeapon/Materials/MaterialLayers/T_ML_Aluminum01_N.uexp" 740
"C:/Users/PC/Documents/Unreal Projects/REPO_BryanJamTeam2/PROJ_BrayanJamTeam2/Content/_MainFiles/FPWeapon/Materials/MaterialLayers/T_ML_Aluminum01.ubulk" 741
"C:/Users/PC/Documents/Unreal Projects/REPO_BryanJamTeam2/PROJ_BrayanJamTeam2/Content/_MainFiles/FPWeapon/Materials/MaterialLayers/T_ML_Aluminum01.uasset" 742
"C:/Users/PC/Documents/Unreal Projects/REPO_BryanJamTeam2/PROJ_BrayanJamTeam2/Content/_MainFiles/FPWeapon/Materials/MaterialLayers/T_ML_Aluminum01.uexp" 743
"C:/Users/PC/Documents/Unreal Projects/REPO_BryanJamTeam2/PROJ_BrayanJamTeam2/Content/_MainFiles/FPWeapon/Materials/MaterialLayers/ML_SoftMetal_UE4.uasset" 744
"C:/Users/PC/Documents/Unreal Projects/REPO_BryanJamTeam2/PROJ_BrayanJamTeam2/Content/_MainFiles/FPWeapon/Materials/MaterialLayers/ML_SoftMetal_UE4.uexp" 745
"C:/Users/PC/Documents/Unreal Projects/REPO_BryanJamTeam2/PROJ_BrayanJamTeam2/Content/_MainFiles/FPWeapon/Materials/M_FPGun.uasset" 746
"C:/Users/PC/Documents/Unreal Projects/REPO_BryanJamTeam2/PROJ_BrayanJamTeam2/Content/_MainFiles/FPWeapon/Materials/M_FPGun.uexp" 747
"C:/Users/PC/Documents/Unreal Projects/REPO_BryanJamTeam2/PROJ_BrayanJamTeam2/Content/_MainFiles/FPWeapon/Mesh/SK_FPGun_Physics.uasset" 748
"C:/Users/PC/Documents/Unreal Projects/REPO_BryanJamTeam2/PROJ_BrayanJamTeam2/Content/_MainFiles/FPWeapon/Mesh/SK_FPGun_Physics.uexp" 749
"C:/Users/PC/Documents/Unreal Projects/REPO_BryanJamTeam2/PROJ_BrayanJamTeam2/Content/_MainFiles/FPWeapon/Mesh/SK_FPGun_Skeleton.uasset" 750
"C:/Users/PC/Documents/Unreal Projects/REPO_BryanJamTeam2/PROJ_BrayanJamTeam2/Content/_MainFiles/FPWeapon/Mesh/SK_FPGun_Skeleton.uexp" 751
"C:/Users/PC/Documents/Unreal Projects/REPO_BryanJamTeam2/PROJ_BrayanJamTeam2/Content/_MainFiles/FPWeapon/Mesh/SK_FPGun.uasset" 752
"C:/Users/PC/Documents/Unreal Projects/REPO_BryanJamTeam2/PROJ_BrayanJamTeam2/Content/_MainFiles/FPWeapon/Mesh/SK_FPGun.uexp" 753
"C:/Users/PC/Documents/Unreal Projects/REPO_BryanJamTeam2/PROJ_BrayanJamTeam2/Content/_MainFiles/FirstPerson/Blueprints/BP_PickUp_Rifle.uasset" 754
"C:/Users/PC/Documents/Unreal Projects/REPO_BryanJamTeam2/PROJ_BrayanJamTeam2/Content/_MainFiles/FirstPerson/Blueprints/BP_PickUp_Rifle.uexp" 755
"C:/Users/PC/Documents/Unreal Projects/REPO_BryanJamTeam2/PROJ_BrayanJamTeam2/Content/_Developers/MiguelMata/TestedOut/BP_PlayersControllers.uasset" 756
"C:/Users/PC/Documents/Unreal Projects/REPO_BryanJamTeam2/PROJ_BrayanJamTeam2/Content/_Developers/MiguelMata/TestedOut/BP_PlayersControllers.uexp" 757
"C:/Users/PC/Documents/Unreal Projects/REPO_BryanJamTeam2/PROJ_BrayanJamTeam2/Content/_Developers/MiguelMata/TestedOut/BP_PlayerController.uasset" 758
"C:/Users/PC/Documents/Unreal Projects/REPO_BryanJamTeam2/PROJ_BrayanJamTeam2/Content/_Developers/MiguelMata/TestedOut/BP_PlayerController.uexp" 759
"C:/Users/PC/Documents/Unreal Projects/REPO_BryanJamTeam2/PROJ_BrayanJamTeam2/Content/_Developers/MiguelMata/TestedOut/BP_CppChildClass.uasset" 760
"C:/Users/PC/Documents/Unreal Projects/REPO_BryanJamTeam2/PROJ_BrayanJamTeam2/Content/_Developers/MiguelMata/TestedOut/BP_CppChildClass.uexp" 761
"../../../Engine/Content/Maps/Templates/HLODs/HLODLayer_Merged.uasset" 762
"../../../Engine/Content/Maps/Templates/HLODs/HLODLayer_Merged.uexp" 763
"../../../Engine/Content/Functions/Engine_MaterialFunctions01/Shading/PowerToRoughness.uasset" 764
"../../../Engine/Content/Functions/Engine_MaterialFunctions01/Shading/PowerToRoughness.uexp" 765
"../../../Engine/Content/Functions/Engine_MaterialFunctions01/Shading/ConvertFromDiffSpec.uasset" 766
"../../../Engine/Content/Functions/Engine_MaterialFunctions01/Shading/ConvertFromDiffSpec.uexp" 767
"../../../Engine/Content/Functions/Engine_MaterialFunctions02/Utility/MakeFloat3.uasset" 768
"../../../Engine/Content/Functions/Engine_MaterialFunctions02/Utility/MakeFloat3.uexp" 769
"C:/Users/PC/Documents/Unreal Projects/REPO_BryanJamTeam2/PROJ_BrayanJamTeam2/Content/_MainFiles/LevelPrototyping/Textures/T_GridChecker_A.ubulk" 770
"C:/Users/PC/Documents/Unreal Projects/REPO_BryanJamTeam2/PROJ_BrayanJamTeam2/Content/_MainFiles/LevelPrototyping/Textures/T_GridChecker_A.uasset" 771
"C:/Users/PC/Documents/Unreal Projects/REPO_BryanJamTeam2/PROJ_BrayanJamTeam2/Content/_MainFiles/LevelPrototyping/Textures/T_GridChecker_A.uexp" 772
"../../../Engine/Content/Functions/Engine_MaterialFunctions01/Gradient/LinearGradient.uasset" 773
"../../../Engine/Content/Functions/Engine_MaterialFunctions01/Gradient/LinearGradient.uexp" 774
"../../../Engine/Content/Functions/Engine_MaterialFunctions01/ImageAdjustment/CheapContrast.uasset" 775
"../../../Engine/Content/Functions/Engine_MaterialFunctions01/ImageAdjustment/CheapContrast.uexp" 776
"C:/Users/PC/Documents/Unreal Projects/REPO_BryanJamTeam2/PROJ_BrayanJamTeam2/Content/_MainFiles/LevelPrototyping/Materials/MF_ProcGrid.uasset" 777
"C:/Users/PC/Documents/Unreal Projects/REPO_BryanJamTeam2/PROJ_BrayanJamTeam2/Content/_MainFiles/LevelPrototyping/Materials/MF_ProcGrid.uexp" 778
"C:/Users/PC/Documents/Unreal Projects/REPO_BryanJamTeam2/PROJ_BrayanJamTeam2/Content/_MainFiles/LevelPrototyping/Materials/M_PrototypeGrid.uasset" 779
"C:/Users/PC/Documents/Unreal Projects/REPO_BryanJamTeam2/PROJ_BrayanJamTeam2/Content/_MainFiles/LevelPrototyping/Materials/M_PrototypeGrid.uexp" 780
"C:/Users/PC/Documents/Unreal Projects/REPO_BryanJamTeam2/PROJ_BrayanJamTeam2/Content/_MainFiles/LevelPrototyping/Materials/MI_PrototypeGrid_Gray.uasset" 781
"C:/Users/PC/Documents/Unreal Projects/REPO_BryanJamTeam2/PROJ_BrayanJamTeam2/Content/_MainFiles/LevelPrototyping/Materials/MI_PrototypeGrid_Gray.uexp" 782
"C:/Users/PC/Documents/Unreal Projects/REPO_BryanJamTeam2/PROJ_BrayanJamTeam2/Content/_MainFiles/LevelPrototyping/Meshes/SM_Ramp.ubulk" 783
"C:/Users/PC/Documents/Unreal Projects/REPO_BryanJamTeam2/PROJ_BrayanJamTeam2/Content/_MainFiles/LevelPrototyping/Meshes/SM_Ramp.uasset" 784
"C:/Users/PC/Documents/Unreal Projects/REPO_BryanJamTeam2/PROJ_BrayanJamTeam2/Content/_MainFiles/LevelPrototyping/Meshes/SM_Ramp.uexp" 785
"C:/Users/PC/Documents/Unreal Projects/REPO_BryanJamTeam2/PROJ_BrayanJamTeam2/Content/_MainFiles/LevelPrototyping/Meshes/SM_QuarterCylinder.ubulk" 786
"C:/Users/PC/Documents/Unreal Projects/REPO_BryanJamTeam2/PROJ_BrayanJamTeam2/Content/_MainFiles/LevelPrototyping/Meshes/SM_QuarterCylinder.uasset" 787
"C:/Users/PC/Documents/Unreal Projects/REPO_BryanJamTeam2/PROJ_BrayanJamTeam2/Content/_MainFiles/LevelPrototyping/Meshes/SM_QuarterCylinder.uexp" 788
"C:/Users/PC/Documents/Unreal Projects/REPO_BryanJamTeam2/PROJ_BrayanJamTeam2/Content/_MainFiles/LevelPrototyping/Meshes/SM_Cylinder.ubulk" 789
"C:/Users/PC/Documents/Unreal Projects/REPO_BryanJamTeam2/PROJ_BrayanJamTeam2/Content/_MainFiles/LevelPrototyping/Meshes/SM_Cylinder.uasset" 790
"C:/Users/PC/Documents/Unreal Projects/REPO_BryanJamTeam2/PROJ_BrayanJamTeam2/Content/_MainFiles/LevelPrototyping/Meshes/SM_Cylinder.uexp" 791
"C:/Users/PC/Documents/Unreal Projects/REPO_BryanJamTeam2/PROJ_BrayanJamTeam2/Content/_MainFiles/LevelPrototyping/Meshes/SM_Cube.ubulk" 792
"C:/Users/PC/Documents/Unreal Projects/REPO_BryanJamTeam2/PROJ_BrayanJamTeam2/Content/_MainFiles/LevelPrototyping/Meshes/SM_Cube.uasset" 793
"C:/Users/PC/Documents/Unreal Projects/REPO_BryanJamTeam2/PROJ_BrayanJamTeam2/Content/_MainFiles/LevelPrototyping/Meshes/SM_Cube.uexp" 794
"C:/Users/PC/Documents/Unreal Projects/REPO_BryanJamTeam2/PROJ_BrayanJamTeam2/Content/_MainFiles/LevelPrototyping/Materials/M_Solid.uasset" 795
"C:/Users/PC/Documents/Unreal Projects/REPO_BryanJamTeam2/PROJ_BrayanJamTeam2/Content/_MainFiles/LevelPrototyping/Materials/M_Solid.uexp" 796
"C:/Users/PC/Documents/Unreal Projects/REPO_BryanJamTeam2/PROJ_BrayanJamTeam2/Content/_MainFiles/LevelPrototyping/Materials/MI_Solid_Blue.uasset" 797
"C:/Users/PC/Documents/Unreal Projects/REPO_BryanJamTeam2/PROJ_BrayanJamTeam2/Content/_MainFiles/LevelPrototyping/Materials/MI_Solid_Blue.uexp" 798
"C:/Users/PC/Documents/Unreal Projects/REPO_BryanJamTeam2/PROJ_BrayanJamTeam2/Content/_MainFiles/LevelPrototyping/Meshes/SM_ChamferCube.ubulk" 799
"C:/Users/PC/Documents/Unreal Projects/REPO_BryanJamTeam2/PROJ_BrayanJamTeam2/Content/_MainFiles/LevelPrototyping/Meshes/SM_ChamferCube.uasset" 800
"C:/Users/PC/Documents/Unreal Projects/REPO_BryanJamTeam2/PROJ_BrayanJamTeam2/Content/_MainFiles/LevelPrototyping/Meshes/SM_ChamferCube.uexp" 801
"C:/Users/PC/Documents/Unreal Projects/REPO_BryanJamTeam2/PROJ_BrayanJamTeam2/Content/_MainFiles/LevelPrototyping/Materials/MI_PrototypeGrid_TopDark.uasset" 802
"C:/Users/PC/Documents/Unreal Projects/REPO_BryanJamTeam2/PROJ_BrayanJamTeam2/Content/_MainFiles/LevelPrototyping/Materials/MI_PrototypeGrid_TopDark.uexp" 803
"C:/Users/PC/Documents/Unreal Projects/REPO_BryanJamTeam2/PROJ_BrayanJamTeam2/Content/_MainFiles/LevelPrototyping/Materials/MI_PrototypeGrid_Gray_02.uasset" 804
"C:/Users/PC/Documents/Unreal Projects/REPO_BryanJamTeam2/PROJ_BrayanJamTeam2/Content/_MainFiles/LevelPrototyping/Materials/MI_PrototypeGrid_Gray_02.uexp" 805
"C:/Users/PC/Documents/Unreal Projects/REPO_BryanJamTeam2/PROJ_BrayanJamTeam2/Content/_MainFiles/FPWeapon/Mesh/SK_FPGun_PhysicsAsset.uasset" 806
"C:/Users/PC/Documents/Unreal Projects/REPO_BryanJamTeam2/PROJ_BrayanJamTeam2/Content/_MainFiles/FPWeapon/Mesh/SK_FPGun_PhysicsAsset.uexp" 807
"C:/Users/PC/Documents/Unreal Projects/REPO_BryanJamTeam2/PROJ_BrayanJamTeam2/Content/_MainFiles/FirstPerson/Maps/FirstPersonMap_BuiltData.ubulk" 808
"C:/Users/PC/Documents/Unreal Projects/REPO_BryanJamTeam2/PROJ_BrayanJamTeam2/Content/_MainFiles/FirstPerson/Maps/FirstPersonMap_BuiltData.uasset" 809
"C:/Users/PC/Documents/Unreal Projects/REPO_BryanJamTeam2/PROJ_BrayanJamTeam2/Content/_MainFiles/FirstPerson/Maps/FirstPersonMap_BuiltData.uexp" 810
"C:/Users/PC/Documents/Unreal Projects/REPO_BryanJamTeam2/PROJ_BrayanJamTeam2/Content/_MainFiles/FPWeapon/Materials/MaterialLayers/T_ML_FineRubber.ubulk" 811
"C:/Users/PC/Documents/Unreal Projects/REPO_BryanJamTeam2/PROJ_BrayanJamTeam2/Content/_MainFiles/FPWeapon/Materials/MaterialLayers/T_ML_FineRubber.uasset" 812
"C:/Users/PC/Documents/Unreal Projects/REPO_BryanJamTeam2/PROJ_BrayanJamTeam2/Content/_MainFiles/FPWeapon/Materials/MaterialLayers/T_ML_FineRubber.uexp" 813
"C:/Users/PC/Documents/Unreal Projects/REPO_BryanJamTeam2/PROJ_BrayanJamTeam2/Content/_Developers/EduardoCamarena/MeshSwitch/_GENERATED/PC/Box_93D16DC8.ubulk" 814
"C:/Users/PC/Documents/Unreal Projects/REPO_BryanJamTeam2/PROJ_BrayanJamTeam2/Content/_Developers/EduardoCamarena/MeshSwitch/_GENERATED/PC/Box_93D16DC8.uasset" 815
"C:/Users/PC/Documents/Unreal Projects/REPO_BryanJamTeam2/PROJ_BrayanJamTeam2/Content/_Developers/EduardoCamarena/MeshSwitch/_GENERATED/PC/Box_93D16DC8.uexp" 816
"C:/Users/PC/Documents/Unreal Projects/REPO_BryanJamTeam2/PROJ_BrayanJamTeam2/Content/_Developers/RaulOlguin/Level/_GENERATED/Raulf/Box_EF79EFAD.ubulk" 817
"C:/Users/PC/Documents/Unreal Projects/REPO_BryanJamTeam2/PROJ_BrayanJamTeam2/Content/_Developers/RaulOlguin/Level/_GENERATED/Raulf/Box_EF79EFAD.uasset" 818
"C:/Users/PC/Documents/Unreal Projects/REPO_BryanJamTeam2/PROJ_BrayanJamTeam2/Content/_Developers/RaulOlguin/Level/_GENERATED/Raulf/Box_EF79EFAD.uexp" 819
"C:/Users/PC/Documents/Unreal Projects/REPO_BryanJamTeam2/PROJ_BrayanJamTeam2/Content/_Developers/RaulOlguin/Level/_GENERATED/Raulf/Box_CE6E8923.ubulk" 820
"C:/Users/PC/Documents/Unreal Projects/REPO_BryanJamTeam2/PROJ_BrayanJamTeam2/Content/_Developers/RaulOlguin/Level/_GENERATED/Raulf/Box_CE6E8923.uasset" 821
"C:/Users/PC/Documents/Unreal Projects/REPO_BryanJamTeam2/PROJ_BrayanJamTeam2/Content/_Developers/RaulOlguin/Level/_GENERATED/Raulf/Box_CE6E8923.uexp" 822
"C:/Users/PC/Documents/Unreal Projects/REPO_BryanJamTeam2/PROJ_BrayanJamTeam2/Content/_Developers/RaulOlguin/Level/_GENERATED/Raulf/Box_CBC95947.ubulk" 823
"C:/Users/PC/Documents/Unreal Projects/REPO_BryanJamTeam2/PROJ_BrayanJamTeam2/Content/_Developers/RaulOlguin/Level/_GENERATED/Raulf/Box_CBC95947.uasset" 824
"C:/Users/PC/Documents/Unreal Projects/REPO_BryanJamTeam2/PROJ_BrayanJamTeam2/Content/_Developers/RaulOlguin/Level/_GENERATED/Raulf/Box_CBC95947.uexp" 825
"C:/Users/PC/Documents/Unreal Projects/REPO_BryanJamTeam2/PROJ_BrayanJamTeam2/Content/_Developers/RaulOlguin/Level/_GENERATED/Raulf/Box_A0C93402.ubulk" 826
"C:/Users/PC/Documents/Unreal Projects/REPO_BryanJamTeam2/PROJ_BrayanJamTeam2/Content/_Developers/RaulOlguin/Level/_GENERATED/Raulf/Box_A0C93402.uasset" 827
"C:/Users/PC/Documents/Unreal Projects/REPO_BryanJamTeam2/PROJ_BrayanJamTeam2/Content/_Developers/RaulOlguin/Level/_GENERATED/Raulf/Box_A0C93402.uexp" 828
"C:/Users/PC/Documents/Unreal Projects/REPO_BryanJamTeam2/PROJ_BrayanJamTeam2/Content/_Developers/RaulOlguin/Level/_GENERATED/Raulf/Box_9C1E5ED2.ubulk" 829
"C:/Users/PC/Documents/Unreal Projects/REPO_BryanJamTeam2/PROJ_BrayanJamTeam2/Content/_Developers/RaulOlguin/Level/_GENERATED/Raulf/Box_9C1E5ED2.uasset" 830
"C:/Users/PC/Documents/Unreal Projects/REPO_BryanJamTeam2/PROJ_BrayanJamTeam2/Content/_Developers/RaulOlguin/Level/_GENERATED/Raulf/Box_9C1E5ED2.uexp" 831
"C:/Users/PC/Documents/Unreal Projects/REPO_BryanJamTeam2/PROJ_BrayanJamTeam2/Content/_Developers/RaulOlguin/Level/_GENERATED/Raulf/Box_8CB9F37B.ubulk" 832
"C:/Users/PC/Documents/Unreal Projects/REPO_BryanJamTeam2/PROJ_BrayanJamTeam2/Content/_Developers/RaulOlguin/Level/_GENERATED/Raulf/Box_8CB9F37B.uasset" 833
"C:/Users/PC/Documents/Unreal Projects/REPO_BryanJamTeam2/PROJ_BrayanJamTeam2/Content/_Developers/RaulOlguin/Level/_GENERATED/Raulf/Box_8CB9F37B.uexp" 834
"C:/Users/PC/Documents/Unreal Projects/REPO_BryanJamTeam2/PROJ_BrayanJamTeam2/Content/_Developers/RaulOlguin/Level/_GENERATED/Raulf/Box_6238A4CE.ubulk" 835
"C:/Users/PC/Documents/Unreal Projects/REPO_BryanJamTeam2/PROJ_BrayanJamTeam2/Content/_Developers/RaulOlguin/Level/_GENERATED/Raulf/Box_6238A4CE.uasset" 836
"C:/Users/PC/Documents/Unreal Projects/REPO_BryanJamTeam2/PROJ_BrayanJamTeam2/Content/_Developers/RaulOlguin/Level/_GENERATED/Raulf/Box_6238A4CE.uexp" 837
"C:/Users/PC/Documents/Unreal Projects/REPO_BryanJamTeam2/PROJ_BrayanJamTeam2/Content/_Developers/RaulOlguin/Level/_GENERATED/Raulf/Box_1DBDF292.ubulk" 838
"C:/Users/PC/Documents/Unreal Projects/REPO_BryanJamTeam2/PROJ_BrayanJamTeam2/Content/_Developers/RaulOlguin/Level/_GENERATED/Raulf/Box_1DBDF292.uasset" 839
"C:/Users/PC/Documents/Unreal Projects/REPO_BryanJamTeam2/PROJ_BrayanJamTeam2/Content/_Developers/RaulOlguin/Level/_GENERATED/Raulf/Box_1DBDF292.uexp" 840
"C:/Users/PC/Documents/Unreal Projects/REPO_BryanJamTeam2/PROJ_BrayanJamTeam2/Content/_Developers/RaulOlguin/Level/_GENERATED/Raulf/Box_0A107712.ubulk" 841
"C:/Users/PC/Documents/Unreal Projects/REPO_BryanJamTeam2/PROJ_BrayanJamTeam2/Content/_Developers/RaulOlguin/Level/_GENERATED/Raulf/Box_0A107712.uasset" 842
"C:/Users/PC/Documents/Unreal Projects/REPO_BryanJamTeam2/PROJ_BrayanJamTeam2/Content/_Developers/RaulOlguin/Level/_GENERATED/Raulf/Box_0A107712.uexp" 843
"C:/Users/PC/Documents/Unreal Projects/REPO_BryanJamTeam2/PROJ_BrayanJamTeam2/Content/_Developers/RaulOlguin/Level/_GENERATED/Raulf/Box_066DA38B.ubulk" 844
"C:/Users/PC/Documents/Unreal Projects/REPO_BryanJamTeam2/PROJ_BrayanJamTeam2/Content/_Developers/RaulOlguin/Level/_GENERATED/Raulf/Box_066DA38B.uasset" 845
"C:/Users/PC/Documents/Unreal Projects/REPO_BryanJamTeam2/PROJ_BrayanJamTeam2/Content/_Developers/RaulOlguin/Level/_GENERATED/Raulf/Box_066DA38B.uexp" 846
"C:/Users/PC/Documents/Unreal Projects/REPO_BryanJamTeam2/PROJ_BrayanJamTeam2/Content/_Developers/RaulOlguin/Level/_GENERATED/Raulf/Box_00F39E16.ubulk" 847
"C:/Users/PC/Documents/Unreal Projects/REPO_BryanJamTeam2/PROJ_BrayanJamTeam2/Content/_Developers/RaulOlguin/Level/_GENERATED/Raulf/Box_00F39E16.uasset" 848
"C:/Users/PC/Documents/Unreal Projects/REPO_BryanJamTeam2/PROJ_BrayanJamTeam2/Content/_Developers/RaulOlguin/Level/_GENERATED/Raulf/Box_00F39E16.uexp" 849
"C:/Users/PC/Documents/Unreal Projects/REPO_BryanJamTeam2/PROJ_BrayanJamTeam2/Content/_MainFiles/FirstPersonArms/Animations/FP_Walk_Fwd.uasset" 850
"C:/Users/PC/Documents/Unreal Projects/REPO_BryanJamTeam2/PROJ_BrayanJamTeam2/Content/_MainFiles/FirstPersonArms/Animations/FP_Walk_Fwd.uexp" 851
"C:/Users/PC/Documents/Unreal Projects/REPO_BryanJamTeam2/PROJ_BrayanJamTeam2/Content/_Developers/EduardoCamarena/LaunchPads/M_Color.uasset" 852
"C:/Users/PC/Documents/Unreal Projects/REPO_BryanJamTeam2/PROJ_BrayanJamTeam2/Content/_Developers/EduardoCamarena/LaunchPads/M_Color.uexp" 853
"C:/Users/PC/Documents/Unreal Projects/REPO_BryanJamTeam2/PROJ_BrayanJamTeam2/Content/_Developers/EduardoCamarena/LaunchPads/BP_DashPad.uasset" 854
"C:/Users/PC/Documents/Unreal Projects/REPO_BryanJamTeam2/PROJ_BrayanJamTeam2/Content/_Developers/EduardoCamarena/LaunchPads/BP_DashPad.uexp" 855
"C:/Users/PC/Documents/Unreal Projects/REPO_BryanJamTeam2/PROJ_BrayanJamTeam2/Content/_Developers/MarioGomez/UI/Time.uasset" 856
"C:/Users/PC/Documents/Unreal Projects/REPO_BryanJamTeam2/PROJ_BrayanJamTeam2/Content/_Developers/MarioGomez/UI/Time.uexp" 857
"../../../Engine/Content/EngineSky/T_Sky_Stars.ubulk" 858
"../../../Engine/Content/EngineSky/T_Sky_Stars.uasset" 859
"../../../Engine/Content/EngineSky/T_Sky_Stars.uexp" 860
"../../../Engine/Content/EngineSky/T_Sky_Clouds_M.ubulk" 861
"../../../Engine/Content/EngineSky/T_Sky_Clouds_M.uasset" 862
"../../../Engine/Content/EngineSky/T_Sky_Clouds_M.uexp" 863
"../../../Engine/Content/EngineSky/T_Sky_Blue.ubulk" 864
"../../../Engine/Content/EngineSky/T_Sky_Blue.uasset" 865
"../../../Engine/Content/EngineSky/T_Sky_Blue.uexp" 866
"../../../Engine/Content/EngineSky/M_Sky_Panning_Clouds2.uasset" 867
"../../../Engine/Content/EngineSky/M_Sky_Panning_Clouds2.uexp" 868
"../../../Engine/Content/EngineSky/SM_SkySphere.ubulk" 869
"../../../Engine/Content/EngineSky/SM_SkySphere.uasset" 870
"../../../Engine/Content/EngineSky/SM_SkySphere.uexp" 871
"../../../Engine/Content/VREditor/LaserPointer/HoverMaterial.uasset" 872
"../../../Engine/Content/VREditor/LaserPointer/HoverMaterial.uexp" 873
"C:/Users/PC/Documents/Unreal Projects/REPO_BryanJamTeam2/PROJ_BrayanJamTeam2/Content/_Developers/EduardoCamarena/LaunchPads/BP_LaunchPad.uasset" 874
"C:/Users/PC/Documents/Unreal Projects/REPO_BryanJamTeam2/PROJ_BrayanJamTeam2/Content/_Developers/EduardoCamarena/LaunchPads/BP_LaunchPad.uexp" 875
"C:/Users/PC/Documents/Unreal Projects/REPO_BryanJamTeam2/PROJ_BrayanJamTeam2/Content/_MainFiles/GM_JamBlueprint.uasset" 876
"C:/Users/PC/Documents/Unreal Projects/REPO_BryanJamTeam2/PROJ_BrayanJamTeam2/Content/_MainFiles/GM_JamBlueprint.uexp" 877
"C:/Users/PC/Documents/Unreal Projects/REPO_BryanJamTeam2/PROJ_BrayanJamTeam2/Content/_Developers/EduardoCamarena/MeshSwitch/BP_Circuit.uasset" 878
"C:/Users/PC/Documents/Unreal Projects/REPO_BryanJamTeam2/PROJ_BrayanJamTeam2/Content/_Developers/EduardoCamarena/MeshSwitch/BP_Circuit.uexp" 879
"../../../Engine/Content/EngineSky/M_SimpleSkyDome.uasset" 880
"../../../Engine/Content/EngineSky/M_SimpleSkyDome.uexp" 881
"C:/Users/PC/Documents/Unreal Projects/REPO_BryanJamTeam2/PROJ_BrayanJamTeam2/Content/_MainFiles/BP_DeathTrigger.uasset" 882
"C:/Users/PC/Documents/Unreal Projects/REPO_BryanJamTeam2/PROJ_BrayanJamTeam2/Content/_MainFiles/BP_DeathTrigger.uexp" 883
"C:/Users/PC/Documents/Unreal Projects/REPO_BryanJamTeam2/PROJ_BrayanJamTeam2/Content/_MainFiles/BP_CheckPoint.uasset" 884
"C:/Users/PC/Documents/Unreal Projects/REPO_BryanJamTeam2/PROJ_BrayanJamTeam2/Content/_MainFiles/BP_CheckPoint.uexp" 885
"C:/Users/PC/Documents/Unreal Projects/REPO_BryanJamTeam2/PROJ_BrayanJamTeam2/Content/_MainFiles/Main_Level.uexp" 886
"C:/Users/PC/Documents/Unreal Projects/REPO_BryanJamTeam2/PROJ_BrayanJamTeam2/Content/_MainFiles/Main_Level.umap" 887
"../../../Engine/Content/Maps/Entry_BuiltData.uasset" 888
"../../../Engine/Content/Maps/Entry_BuiltData.uexp" 889
"../../../Engine/Content/Maps/Entry.uexp" 890
"../../../Engine/Content/Maps/Entry.umap" 891
"C:/Users/PC/Documents/Unreal Projects/REPO_BryanJamTeam2/PROJ_BrayanJamTeam2/Content/_Developers/EliasTrevino/NewMap.uexp" 892
"C:/Users/PC/Documents/Unreal Projects/REPO_BryanJamTeam2/PROJ_BrayanJamTeam2/Content/_Developers/EliasTrevino/NewMap.umap" 893
"C:/Users/PC/Documents/Unreal Projects/REPO_BryanJamTeam2/PROJ_BrayanJamTeam2/Content/_Developers/EliasTrevino/MapWorkspace.uexp" 894
"C:/Users/PC/Documents/Unreal Projects/REPO_BryanJamTeam2/PROJ_BrayanJamTeam2/Content/_Developers/EliasTrevino/MapWorkspace.umap" 895
"../../../Engine/Content/EngineMaterials/BlendFunc_DefBlend.uasset" 896
"../../../Engine/Content/EngineMaterials/BlendFunc_DefBlend.uexp" 897
"../../../Engine/Content/EngineMaterials/BlendFunc_DefBase.uasset" 898
"../../../Engine/Content/EngineMaterials/BlendFunc_DefBase.uexp" 899
"../../../Engine/Content/Functions/Engine_MaterialFunctions03/Blends/Blend_Overlay.uasset" 900
"../../../Engine/Content/Functions/Engine_MaterialFunctions03/Blends/Blend_Overlay.uexp" 901
"../../../Engine/Content/OpenWorldTemplate/LandscapeMaterial/T_GridChecker_A.ubulk" 902
"../../../Engine/Content/OpenWorldTemplate/LandscapeMaterial/T_GridChecker_A.uasset" 903
"../../../Engine/Content/OpenWorldTemplate/LandscapeMaterial/T_GridChecker_A.uexp" 904
"../../../Engine/Content/OpenWorldTemplate/LandscapeMaterial/MF_ProcGrid.uasset" 905
"../../../Engine/Content/OpenWorldTemplate/LandscapeMaterial/MF_ProcGrid.uexp" 906
"../../../Engine/Content/OpenWorldTemplate/LandscapeMaterial/M_ProcGrid.uasset" 907
"../../../Engine/Content/OpenWorldTemplate/LandscapeMaterial/M_ProcGrid.uexp" 908
"../../../Engine/Content/OpenWorldTemplate/LandscapeMaterial/MI_ProcGrid.uasset" 909
"../../../Engine/Content/OpenWorldTemplate/LandscapeMaterial/MI_ProcGrid.uexp" 910
"../../../Engine/Content/MapTemplates/SM_Template_Map_Floor.ubulk" 911
"../../../Engine/Content/MapTemplates/SM_Template_Map_Floor.uasset" 912
"../../../Engine/Content/MapTemplates/SM_Template_Map_Floor.uexp" 913
"C:/Users/PC/Documents/Unreal Projects/REPO_BryanJamTeam2/PROJ_BrayanJamTeam2/Content/_Developers/RaulOlguin/Level/_GENERATED/Raulf/Box_35D4A00A.ubulk" 914
"C:/Users/PC/Documents/Unreal Projects/REPO_BryanJamTeam2/PROJ_BrayanJamTeam2/Content/_Developers/RaulOlguin/Level/_GENERATED/Raulf/Box_35D4A00A.uasset" 915
"C:/Users/PC/Documents/Unreal Projects/REPO_BryanJamTeam2/PROJ_BrayanJamTeam2/Content/_Developers/RaulOlguin/Level/_GENERATED/Raulf/Box_35D4A00A.uexp" 916
"C:/Users/PC/Documents/Unreal Projects/REPO_BryanJamTeam2/PROJ_BrayanJamTeam2/Content/_Developers/RaulOlguin/Level/_GENERATED/Raulf/Box_E8D5FE41.ubulk" 917
"C:/Users/PC/Documents/Unreal Projects/REPO_BryanJamTeam2/PROJ_BrayanJamTeam2/Content/_Developers/RaulOlguin/Level/_GENERATED/Raulf/Box_E8D5FE41.uasset" 918
"C:/Users/PC/Documents/Unreal Projects/REPO_BryanJamTeam2/PROJ_BrayanJamTeam2/Content/_Developers/RaulOlguin/Level/_GENERATED/Raulf/Box_E8D5FE41.uexp" 919
"C:/Users/PC/Documents/Unreal Projects/REPO_BryanJamTeam2/PROJ_BrayanJamTeam2/Content/_Developers/RaulOlguin/Level/Level_Proof.uexp" 920
"C:/Users/PC/Documents/Unreal Projects/REPO_BryanJamTeam2/PROJ_BrayanJamTeam2/Content/_Developers/RaulOlguin/Level/Level_Proof.umap" 921
"../../../Engine/Content/BasicShapes/BasicShapeMaterial.uasset" 922
"../../../Engine/Content/BasicShapes/BasicShapeMaterial.uexp" 923
"C:/Users/PC/Documents/Unreal Projects/REPO_BryanJamTeam2/PROJ_BrayanJamTeam2/Content/_Developers/MiguelMata/TestGround/LevelTest.uexp" 924
"C:/Users/PC/Documents/Unreal Projects/REPO_BryanJamTeam2/PROJ_BrayanJamTeam2/Content/_Developers/MiguelMata/TestGround/LevelTest.umap" 925
"C:/Users/PC/Documents/Unreal Projects/REPO_BryanJamTeam2/PROJ_BrayanJamTeam2/Content/_Developers/MarioGomez/UI/background.uasset" 926
"C:/Users/PC/Documents/Unreal Projects/REPO_BryanJamTeam2/PROJ_BrayanJamTeam2/Content/_Developers/MarioGomez/UI/background.uexp" 927
"C:/Users/PC/Documents/Unreal Projects/REPO_BryanJamTeam2/PROJ_BrayanJamTeam2/Content/_Developers/MarioGomez/UI/Credits.uasset" 928
"C:/Users/PC/Documents/Unreal Projects/REPO_BryanJamTeam2/PROJ_BrayanJamTeam2/Content/_Developers/MarioGomez/UI/Credits.uexp" 929
"C:/Users/PC/Documents/Unreal Projects/REPO_BryanJamTeam2/PROJ_BrayanJamTeam2/Content/_Developers/MarioGomez/UI/MainMenu.uasset" 930
"C:/Users/PC/Documents/Unreal Projects/REPO_BryanJamTeam2/PROJ_BrayanJamTeam2/Content/_Developers/MarioGomez/UI/MainMenu.uexp" 931
"C:/Users/PC/Documents/Unreal Projects/REPO_BryanJamTeam2/PROJ_BrayanJamTeam2/Content/_Developers/MarioGomez/UI/PlayerInGameHUD.uasset" 932
"C:/Users/PC/Documents/Unreal Projects/REPO_BryanJamTeam2/PROJ_BrayanJamTeam2/Content/_Developers/MarioGomez/UI/PlayerInGameHUD.uexp" 933
"C:/Users/PC/Documents/Unreal Projects/REPO_BryanJamTeam2/PROJ_BrayanJamTeam2/Content/_Developers/MarioGomez/UI/InGameHUD.uasset" 934
"C:/Users/PC/Documents/Unreal Projects/REPO_BryanJamTeam2/PROJ_BrayanJamTeam2/Content/_Developers/MarioGomez/UI/InGameHUD.uexp" 935
"C:/Users/PC/Documents/Unreal Projects/REPO_BryanJamTeam2/PROJ_BrayanJamTeam2/Content/_Developers/MarioGomez/UI/MenuGameMode.uasset" 936
"C:/Users/PC/Documents/Unreal Projects/REPO_BryanJamTeam2/PROJ_BrayanJamTeam2/Content/_Developers/MarioGomez/UI/MenuGameMode.uexp" 937
"C:/Users/PC/Documents/Unreal Projects/REPO_BryanJamTeam2/PROJ_BrayanJamTeam2/Content/_Developers/MarioGomez/UI/mainmenumap.uexp" 938
"C:/Users/PC/Documents/Unreal Projects/REPO_BryanJamTeam2/PROJ_BrayanJamTeam2/Content/_Developers/MarioGomez/UI/mainmenumap.umap" 939
"C:/Users/PC/Documents/Unreal Projects/REPO_BryanJamTeam2/PROJ_BrayanJamTeam2/Content/_Developers/EduardoCamarena/MeshSwitch/LVL_MeshTesting.uexp" 940
"C:/Users/PC/Documents/Unreal Projects/REPO_BryanJamTeam2/PROJ_BrayanJamTeam2/Content/_Developers/EduardoCamarena/MeshSwitch/LVL_MeshTesting.umap" 941
"../../../Engine/Content/Maps/Templates/HLODs/HLODLayer_Instanced.uasset" 942
"../../../Engine/Content/Maps/Templates/HLODs/HLODLayer_Instanced.uexp" 943
"C:/Users/PC/Documents/Unreal Projects/REPO_BryanJamTeam2/PROJ_BrayanJamTeam2/Content/_MainFiles/FirstPerson/Maps/FirstPersonMap.uexp" 944
"C:/Users/PC/Documents/Unreal Projects/REPO_BryanJamTeam2/PROJ_BrayanJamTeam2/Content/_MainFiles/FirstPerson/Maps/FirstPersonMap.umap" 945
